<?xml version="1.0" encoding="utf-8"?>
<TestRun id="39641807-eb61-422d-a694-0a211fcc0460" name="malla@TIMMALLSTRIX 2026-09-17 06:44:14" runUser="TIMMALLSTRIX\malla" xmlns="http://microsoft.com/schemas/VisualStudio/TeamTest/2010">
  <Times creation="2026-09-17T06:44:14.9383807-07:00" queuing="2026-09-17T06:44:14.9383809-07:00" start="2026-09-17T06:44:14.1355363-07:00" finish="2026-09-17T06:44:21.2818896-07:00" />
  <TestSettings name="default" id="9d29fc03-366d-44b5-b60e-62d2fe3bc1b6">
    <Deployment runDeploymentRoot="malla_TIMMALLSTRIX_2026-09-17_06_44_14" />
  </TestSettings>
  <Results>
    <UnitTestResult executionId="1902f0e3-d964-44e2-b3d9-24aecdf0d25c" testId="ae2d613d-eb58-21bf-cfb7-de5bb59f485f" testName="AiDe.Core.Tests.Watcher.RegistrationAdmissionTests.NativeRows_ImmutableMutation_RejectsWithoutChangingRows(mutation: &quot;INSERT OR REPLACE INTO native_registration_admissi&quot;···)" computerName="TIMMALLSTRIX" duration="00:00:00.0227816" startTime="2026-09-17T06:44:14.9823459-07:00" endTime="2026-09-17T06:44:15.0051409-07:00" testType="13cdc9d9-ddb5-4fa4-a97d-d965ccfc6d4b" outcome="Passed" testListId="8c84fa94-04c1-424b-9868-57a2d4851a1d" relativeResultsDirectory="1902f0e3-d964-44e2-b3d9-24aecdf0d25c" />
    <UnitTestResult executionId="6ea09af0-71b5-4bac-a369-75e0e73af886" testId="0034976d-24cd-acb6-23ae-46f89f4c7678" testName="AiDe.Core.Tests.Watcher.RegistrationAdmissionTests.NativeRows_RemovedRequiredColumnConstraints_SameNullAssertionFails(table: &quot;native_registration_admission_fact&quot;, column: &quot;input_digest&quot;)" computerName="TIMMALLSTRIX" duration="00:00:00.1135746" startTime="2026-09-17T06:44:17.8547587-07:00" endTime="2026-09-17T06:44:17.9682927-07:00" testType="13cdc9d9-ddb5-4fa4-a97d-d965ccfc6d4b" outcome="Passed" testListId="8c84fa94-04c1-424b-9868-57a2d4851a1d" relativeResultsDirectory="6ea09af0-71b5-4bac-a369-75e0e73af886">
      <Output>
        <StdOut>MUTANT native_registration_admission_fact.input_digest required-column constraints:
CREATE TABLE native_registration_admission_fact (&#xD;
    operation_id TEXT NOT NULL PRIMARY KEY&#xD;
        CHECK(typeof(operation_id)='text' AND length(operation_id) BETWEEN 1 AND 128&#xD;
            AND instr(operation_id,char(0))=0),&#xD;
    schema_version INTEGER NOT NULL CHECK(typeof(schema_version)='integer' AND schema_version=1),&#xD;
    input_digest TEXT NULL,&#xD;
    context_digest TEXT NOT NULL&#xD;
        CHECK(typeof(context_digest)='text' AND length(context_digest)=64&#xD;
            AND instr(context_digest,char(0))=0 AND length(CAST(context_digest AS BLOB))=64&#xD;
            AND context_digest NOT GLOB '*[^0-9a-f]*'),&#xD;
    decision_digest TEXT NOT NULL&#xD;
        CHECK(typeof(decision_digest)='text' AND length(decision_digest)=64&#xD;
            AND instr(decision_digest,char(0))=0 AND length(CAST(decision_digest AS BLOB))=64&#xD;
            AND decision_digest NOT GLOB '*[^0-9a-f]*'),&#xD;
    session_id TEXT NOT NULL&#xD;
        CHECK(typeof(session_id)='text' AND length(session_id) BETWEEN 1 AND 512&#xD;
            AND instr(session_id,char(0))=0),&#xD;
    generation INTEGER NOT NULL&#xD;
        CHECK(typeof(generation)='integer' AND generation&gt;=1),&#xD;
    repository_sent TEXT NOT NULL&#xD;
        CHECK(typeof(repository_sent)='text' AND length(repository_sent) BETWEEN 1 AND 4096&#xD;
            AND instr(repository_sent,char(0))=0),&#xD;
    repository_used TEXT NOT NULL&#xD;
        CHECK(typeof(repository_used)='text' AND length(repository_used) BETWEEN 1 AND 4096&#xD;
            AND instr(repository_used,char(0))=0),&#xD;
    worktree_path TEXT NOT NULL&#xD;
        CHECK(typeof(worktree_path)='text' AND length(worktree_path) BETWEEN 1 AND 4096&#xD;
            AND instr(worktree_path,char(0))=0),&#xD;
    worktree_branch TEXT NOT NULL&#xD;
        CHECK(typeof(worktree_branch)='text' AND length(worktree_branch) BETWEEN 0 AND 512&#xD;
            AND instr(worktree_branch,char(0))=0),&#xD;
    terminal_id TEXT NOT NULL&#xD;
        CHECK(typeof(terminal_id)='text' AND length(terminal_id) BETWEEN 1 AND 512&#xD;
            AND instr(terminal_id,char(0))=0),&#xD;
    agent_name TEXT NOT NULL&#xD;
        CHECK(typeof(agent_name)='text' AND length(agent_name) BETWEEN 1 AND 256&#xD;
            AND instr(agent_name,char(0))=0),&#xD;
    harness_name TEXT NULL&#xD;
        CHECK(harness_name IS NULL OR&#xD;
            (typeof(harness_name)='text' AND length(harness_name) BETWEEN 1 AND 256&#xD;
            AND instr(harness_name,char(0))=0)),&#xD;
    harness_version TEXT NULL&#xD;
        CHECK(harness_version IS NULL OR&#xD;
            (typeof(harness_version)='text' AND length(harness_version) BETWEEN 1 AND 128&#xD;
            AND instr(harness_version,char(0))=0)),&#xD;
    model_name TEXT NULL&#xD;
        CHECK(model_name IS NULL OR&#xD;
            (typeof(model_name)='text' AND length(model_name) BETWEEN 1 AND 256&#xD;
            AND instr(model_name,char(0))=0)),&#xD;
    model_version TEXT NULL&#xD;
        CHECK(model_version IS NULL OR&#xD;
            (typeof(model_version)='text' AND length(model_version) BETWEEN 1 AND 128&#xD;
            AND instr(model_version,char(0))=0)),&#xD;
    trust TEXT NOT NULL CHECK(typeof(trust)='text' AND trust IN ('Asserted','Verified')),&#xD;
    correction_code TEXT NOT NULL&#xD;
        CHECK(typeof(correction_code)='text' AND correction_code IN ('NONE','LINKED_WORKTREE')),&#xD;
    recorded_at_ms INTEGER NOT NULL CHECK(typeof(recorded_at_ms)='integer'),&#xD;
    CHECK(harness_version IS NULL OR harness_name IS NOT NULL),&#xD;
    CHECK(model_version IS NULL OR model_name IS NOT NULL),&#xD;
    CHECK((correction_code='NONE' AND repository_sent=repository_used)&#xD;
        OR (correction_code='LINKED_WORKTREE' AND repository_sent&lt;&gt;repository_used)),&#xD;
    UNIQUE(session_id,generation),&#xD;
    UNIQUE(operation_id,schema_version,decision_digest,correction_code)&#xD;
);&#xD;
&#xD;
CREATE TRIGGER native_registration_admission_no_update&#xD;
BEFORE UPDATE ON native_registration_admission_fact BEGIN&#xD;
    SELECT RAISE(ABORT,'COORD_NATIVE_ADMISSION_IMMUTABLE');&#xD;
END;&#xD;
CREATE TRIGGER native_registration_admission_no_delete&#xD;
BEFORE DELETE ON native_registration_admission_fact BEGIN&#xD;
    SELECT RAISE(ABORT,'COORD_NATIVE_ADMISSION_IMMUTABLE');&#xD;
END;&#xD;
CREATE TRIGGER native_registration_admission_no_replace&#xD;
BEFORE INSERT ON native_registration_admission_fact&#xD;
WHEN EXISTS(SELECT 1 FROM native_registration_admission_fact&#xD;
    WHERE operation_id=NEW.operation_id&#xD;
        OR (session_id=NEW.session_id AND generation=NEW.generation))&#xD;
BEGIN&#xD;
    SELECT RAISE(ABORT,'COORD_NATIVE_ADMISSION_IMMUTABLE');&#xD;
END;&#xD;
&#xD;
CREATE TABLE registration_notice_delivery (&#xD;
    notice_id TEXT NOT NULL PRIMARY KEY&#xD;
        CHECK(typeof(notice_id)='text' AND length(notice_id)=32&#xD;
            AND instr(notice_id,char(0))=0 AND length(CAST(notice_id AS BLOB))=32&#xD;
            AND notice_id NOT GLOB '*[^0-9a-f]*'),&#xD;
    operation_id TEXT NOT NULL UNIQUE&#xD;
        CHECK(typeof(operation_id)='text' AND length(operation_id) BETWEEN 1 AND 128&#xD;
            AND instr(operation_id,char(0))=0),&#xD;
    schema_version INTEGER NOT NULL CHECK(typeof(schema_version)='integer' AND schema_version=1),&#xD;
    decision_digest TEXT NOT NULL&#xD;
        CHECK(typeof(decision_digest)='text' AND length(decision_digest)=64&#xD;
            AND instr(decision_digest,char(0))=0 AND length(CAST(decision_digest AS BLOB))=64&#xD;
            AND decision_digest NOT GLOB '*[^0-9a-f]*'),&#xD;
    correction_code TEXT NOT NULL CHECK(correction_code='LINKED_WORKTREE'),&#xD;
    publication_bytes BLOB NOT NULL&#xD;
        CHECK(typeof(publication_bytes)='blob' AND length(publication_bytes) BETWEEN 1 AND 65536),&#xD;
    publication_digest TEXT NOT NULL&#xD;
        CHECK(typeof(publication_digest)='text' AND length(publication_digest)=64&#xD;
            AND instr(publication_digest,char(0))=0 AND length(CAST(publication_digest AS BLOB))=64&#xD;
            AND publication_digest NOT GLOB '*[^0-9a-f]*'),&#xD;
    target_kind TEXT NOT NULL CHECK(typeof(target_kind)='text' AND target_kind='native-file'),&#xD;
    target_root TEXT NOT NULL&#xD;
        CHECK(typeof(target_root)='text' AND length(target_root) BETWEEN 1 AND 4096&#xD;
            AND instr(target_root,char(0))=0),&#xD;
    state TEXT NOT NULL CHECK(typeof(state)='text' AND state IN ('Pending','InFlight','Published')),&#xD;
    attempt INTEGER NOT NULL CHECK(typeof(attempt)='integer' AND attempt BETWEEN 0 AND 2147483647),&#xD;
    ownership_version INTEGER NOT NULL&#xD;
        CHECK(typeof(ownership_version)='integer' AND ownership_version&gt;=0),&#xD;
    due_at_ms INTEGER NOT NULL CHECK(typeof(due_at_ms)='integer'),&#xD;
    owner_id TEXT NULL&#xD;
        CHECK(owner_id IS NULL OR&#xD;
            (typeof(owner_id)='text' AND length(owner_id) BETWEEN 1 AND 128&#xD;
            AND instr(owner_id,char(0))=0)),&#xD;
    published_at_ms INTEGER NULL&#xD;
        CHECK(published_at_ms IS NULL OR typeof(published_at_ms)='integer'),&#xD;
    CHECK((state='InFlight' AND owner_id IS NOT NULL) OR&#xD;
        (state&lt;&gt;'InFlight' AND owner_id IS NULL)),&#xD;
    CHECK((state='Published' AND published_at_ms IS NOT NULL) OR&#xD;
        (state&lt;&gt;'Published' AND published_at_ms IS NULL)),&#xD;
    FOREIGN KEY(operation_id,schema_version,decision_digest,correction_code)&#xD;
        REFERENCES native_registration_admission_fact&#xD;
            (operation_id,schema_version,decision_digest,correction_code)&#xD;
);&#xD;
&#xD;
CREATE INDEX ix_registration_notice_due ON registration_notice_delivery(state,due_at_ms,notice_id)&#xD;
    WHERE state IN ('Pending','InFlight');&#xD;
&#xD;
CREATE TRIGGER registration_notice_initial&#xD;
BEFORE INSERT ON registration_notice_delivery&#xD;
WHEN NEW.state&lt;&gt;'Pending' OR NEW.attempt&lt;&gt;0 OR NEW.ownership_version&lt;&gt;0&#xD;
BEGIN&#xD;
    SELECT RAISE(ABORT,'COORD_NATIVE_NOTICE_INITIAL');&#xD;
END;&#xD;
CREATE TRIGGER registration_notice_no_replace&#xD;
BEFORE INSERT ON registration_notice_delivery&#xD;
WHEN EXISTS(SELECT 1 FROM registration_notice_delivery&#xD;
    WHERE notice_id=NEW.notice_id OR operation_id=NEW.operation_id)&#xD;
BEGIN&#xD;
    SELECT RAISE(ABORT,'COORD_NATIVE_NOTICE_IMMUTABLE');&#xD;
END;&#xD;
CREATE TRIGGER registration_notice_no_delete&#xD;
BEFORE DELETE ON registration_notice_delivery BEGIN&#xD;
    SELECT RAISE(ABORT,'COORD_NATIVE_NOTICE_IMMUTABLE');&#xD;
END;&#xD;
CREATE TRIGGER registration_notice_identity&#xD;
BEFORE UPDATE OF notice_id,operation_id,schema_version,decision_digest,correction_code,&#xD;
    publication_bytes,publication_digest,target_kind,target_root&#xD;
ON registration_notice_delivery BEGIN&#xD;
    SELECT RAISE(ABORT,'COORD_NATIVE_NOTICE_IMMUTABLE');&#xD;
END;&#xD;
CREATE TRIGGER registration_notice_transition&#xD;
BEFORE UPDATE ON registration_notice_delivery&#xD;
WHEN NOT (&#xD;
    NEW.ownership_version=OLD.ownership_version+1 AND (&#xD;
        (OLD.state='Pending' AND NEW.state='InFlight'&#xD;
            AND NEW.attempt=OLD.attempt+1 AND NEW.due_at_ms=OLD.due_at_ms)&#xD;
        OR&#xD;
        (OLD.state='InFlight' AND NEW.state IN ('Pending','Published')&#xD;
            AND NEW.attempt=OLD.attempt)&#xD;
    )&#xD;
)&#xD;
BEGIN&#xD;
    SELECT RAISE(ABORT,'COORD_NATIVE_NOTICE_TRANSITION');&#xD;
END;</StdOut>
      </Output>
    </UnitTestResult>
    <UnitTestResult executionId="e4486776-ded2-4755-be06-c8d4a77bcd5c" testId="2c646f03-26a8-fbc4-cbe8-a828e73e578e" testName="AiDe.Core.Tests.Watcher.RegistrationAdmissionTests.Open_FreshAndVersionEight_ProduceIdenticalSchemaWithoutNativeEffects" computerName="TIMMALLSTRIX" duration="00:00:00.1042441" startTime="2026-09-17T06:44:20.6385889-07:00" endTime="2026-09-17T06:44:20.7427823-07:00" testType="13cdc9d9-ddb5-4fa4-a97d-d965ccfc6d4b" outcome="Passed" testListId="8c84fa94-04c1-424b-9868-57a2d4851a1d" relativeResultsDirectory="e4486776-ded2-4755-be06-c8d4a77bcd5c" />
    <UnitTestResult executionId="316a1c18-3e18-449d-8ce3-4b5c7aba6f2e" testId="ccbc6bed-458a-055c-2bd5-0f30eff66fe1" testName="AiDe.Core.Tests.Watcher.RegistrationAdmissionTests.Admission_BoundedTextNulSuffix_Rejects(column: &quot;repository_sent&quot;, maximum: 4096)" computerName="TIMMALLSTRIX" duration="00:00:00.0138741" startTime="2026-09-17T06:44:15.7871150-07:00" endTime="2026-09-17T06:44:15.8010096-07:00" testType="13cdc9d9-ddb5-4fa4-a97d-d965ccfc6d4b" outcome="Passed" testListId="8c84fa94-04c1-424b-9868-57a2d4851a1d" relativeResultsDirectory="316a1c18-3e18-449d-8ce3-4b5c7aba6f2e" />
    <UnitTestResult executionId="19393df4-4eb6-4490-8df2-730f96fb5bcd" testId="8f516cf7-d16f-2d7d-1f88-d569bc3b64ed" testName="AiDe.Core.Tests.Watcher.RegistrationAdmissionTests.NativeRows_NonHexOrWrongLength_Rejects(table: &quot;native_registration_admission_fact&quot;, column: &quot;input_digest&quot;, length: 64)" computerName="TIMMALLSTRIX" duration="00:00:00.0334689" startTime="2026-09-17T06:44:20.3148623-07:00" endTime="2026-09-17T06:44:20.3482902-07:00" testType="13cdc9d9-ddb5-4fa4-a97d-d965ccfc6d4b" outcome="Passed" testListId="8c84fa94-04c1-424b-9868-57a2d4851a1d" relativeResultsDirectory="19393df4-4eb6-4490-8df2-730f96fb5bcd" />
    <UnitTestResult executionId="38954f7b-035a-44e8-b9a8-e97caa2a4fbb" testId="91eac025-f834-85a4-9135-75661dc4f80f" testName="AiDe.Core.Tests.Watcher.RegistrationAdmissionTests.NativeRows_RemovedRequiredColumnConstraints_SameNullAssertionFails(table: &quot;native_registration_admission_fact&quot;, column: &quot;worktree_branch&quot;)" computerName="TIMMALLSTRIX" duration="00:00:00.1366851" startTime="2026-09-17T06:44:15.8280574-07:00" endTime="2026-09-17T06:44:15.9647434-07:00" testType="13cdc9d9-ddb5-4fa4-a97d-d965ccfc6d4b" outcome="Passed" testListId="8c84fa94-04c1-424b-9868-57a2d4851a1d" relativeResultsDirectory="38954f7b-035a-44e8-b9a8-e97caa2a4fbb">
      <Output>
        <StdOut>MUTANT native_registration_admission_fact.worktree_branch required-column constraints:
CREATE TABLE native_registration_admission_fact (&#xD;
    operation_id TEXT NOT NULL PRIMARY KEY&#xD;
        CHECK(typeof(operation_id)='text' AND length(operation_id) BETWEEN 1 AND 128&#xD;
            AND instr(operation_id,char(0))=0),&#xD;
    schema_version INTEGER NOT NULL CHECK(typeof(schema_version)='integer' AND schema_version=1),&#xD;
    input_digest TEXT NOT NULL&#xD;
        CHECK(typeof(input_digest)='text' AND length(input_digest)=64&#xD;
            AND instr(input_digest,char(0))=0 AND length(CAST(input_digest AS BLOB))=64&#xD;
            AND input_digest NOT GLOB '*[^0-9a-f]*'),&#xD;
    context_digest TEXT NOT NULL&#xD;
        CHECK(typeof(context_digest)='text' AND length(context_digest)=64&#xD;
            AND instr(context_digest,char(0))=0 AND length(CAST(context_digest AS BLOB))=64&#xD;
            AND context_digest NOT GLOB '*[^0-9a-f]*'),&#xD;
    decision_digest TEXT NOT NULL&#xD;
        CHECK(typeof(decision_digest)='text' AND length(decision_digest)=64&#xD;
            AND instr(decision_digest,char(0))=0 AND length(CAST(decision_digest AS BLOB))=64&#xD;
            AND decision_digest NOT GLOB '*[^0-9a-f]*'),&#xD;
    session_id TEXT NOT NULL&#xD;
        CHECK(typeof(session_id)='text' AND length(session_id) BETWEEN 1 AND 512&#xD;
            AND instr(session_id,char(0))=0),&#xD;
    generation INTEGER NOT NULL&#xD;
        CHECK(typeof(generation)='integer' AND generation&gt;=1),&#xD;
    repository_sent TEXT NOT NULL&#xD;
        CHECK(typeof(repository_sent)='text' AND length(repository_sent) BETWEEN 1 AND 4096&#xD;
            AND instr(repository_sent,char(0))=0),&#xD;
    repository_used TEXT NOT NULL&#xD;
        CHECK(typeof(repository_used)='text' AND length(repository_used) BETWEEN 1 AND 4096&#xD;
            AND instr(repository_used,char(0))=0),&#xD;
    worktree_path TEXT NOT NULL&#xD;
        CHECK(typeof(worktree_path)='text' AND length(worktree_path) BETWEEN 1 AND 4096&#xD;
            AND instr(worktree_path,char(0))=0),&#xD;
    worktree_branch TEXT NULL,&#xD;
    terminal_id TEXT NOT NULL&#xD;
        CHECK(typeof(terminal_id)='text' AND length(terminal_id) BETWEEN 1 AND 512&#xD;
            AND instr(terminal_id,char(0))=0),&#xD;
    agent_name TEXT NOT NULL&#xD;
        CHECK(typeof(agent_name)='text' AND length(agent_name) BETWEEN 1 AND 256&#xD;
            AND instr(agent_name,char(0))=0),&#xD;
    harness_name TEXT NULL&#xD;
        CHECK(harness_name IS NULL OR&#xD;
            (typeof(harness_name)='text' AND length(harness_name) BETWEEN 1 AND 256&#xD;
            AND instr(harness_name,char(0))=0)),&#xD;
    harness_version TEXT NULL&#xD;
        CHECK(harness_version IS NULL OR&#xD;
            (typeof(harness_version)='text' AND length(harness_version) BETWEEN 1 AND 128&#xD;
            AND instr(harness_version,char(0))=0)),&#xD;
    model_name TEXT NULL&#xD;
        CHECK(model_name IS NULL OR&#xD;
            (typeof(model_name)='text' AND length(model_name) BETWEEN 1 AND 256&#xD;
            AND instr(model_name,char(0))=0)),&#xD;
    model_version TEXT NULL&#xD;
        CHECK(model_version IS NULL OR&#xD;
            (typeof(model_version)='text' AND length(model_version) BETWEEN 1 AND 128&#xD;
            AND instr(model_version,char(0))=0)),&#xD;
    trust TEXT NOT NULL CHECK(typeof(trust)='text' AND trust IN ('Asserted','Verified')),&#xD;
    correction_code TEXT NOT NULL&#xD;
        CHECK(typeof(correction_code)='text' AND correction_code IN ('NONE','LINKED_WORKTREE')),&#xD;
    recorded_at_ms INTEGER NOT NULL CHECK(typeof(recorded_at_ms)='integer'),&#xD;
    CHECK(harness_version IS NULL OR harness_name IS NOT NULL),&#xD;
    CHECK(model_version IS NULL OR model_name IS NOT NULL),&#xD;
    CHECK((correction_code='NONE' AND repository_sent=repository_used)&#xD;
        OR (correction_code='LINKED_WORKTREE' AND repository_sent&lt;&gt;repository_used)),&#xD;
    UNIQUE(session_id,generation),&#xD;
    UNIQUE(operation_id,schema_version,decision_digest,correction_code)&#xD;
);&#xD;
&#xD;
CREATE TRIGGER native_registration_admission_no_update&#xD;
BEFORE UPDATE ON native_registration_admission_fact BEGIN&#xD;
    SELECT RAISE(ABORT,'COORD_NATIVE_ADMISSION_IMMUTABLE');&#xD;
END;&#xD;
CREATE TRIGGER native_registration_admission_no_delete&#xD;
BEFORE DELETE ON native_registration_admission_fact BEGIN&#xD;
    SELECT RAISE(ABORT,'COORD_NATIVE_ADMISSION_IMMUTABLE');&#xD;
END;&#xD;
CREATE TRIGGER native_registration_admission_no_replace&#xD;
BEFORE INSERT ON native_registration_admission_fact&#xD;
WHEN EXISTS(SELECT 1 FROM native_registration_admission_fact&#xD;
    WHERE operation_id=NEW.operation_id&#xD;
        OR (session_id=NEW.session_id AND generation=NEW.generation))&#xD;
BEGIN&#xD;
    SELECT RAISE(ABORT,'COORD_NATIVE_ADMISSION_IMMUTABLE');&#xD;
END;&#xD;
&#xD;
CREATE TABLE registration_notice_delivery (&#xD;
    notice_id TEXT NOT NULL PRIMARY KEY&#xD;
        CHECK(typeof(notice_id)='text' AND length(notice_id)=32&#xD;
            AND instr(notice_id,char(0))=0 AND length(CAST(notice_id AS BLOB))=32&#xD;
            AND notice_id NOT GLOB '*[^0-9a-f]*'),&#xD;
    operation_id TEXT NOT NULL UNIQUE&#xD;
        CHECK(typeof(operation_id)='text' AND length(operation_id) BETWEEN 1 AND 128&#xD;
            AND instr(operation_id,char(0))=0),&#xD;
    schema_version INTEGER NOT NULL CHECK(typeof(schema_version)='integer' AND schema_version=1),&#xD;
    decision_digest TEXT NOT NULL&#xD;
        CHECK(typeof(decision_digest)='text' AND length(decision_digest)=64&#xD;
            AND instr(decision_digest,char(0))=0 AND length(CAST(decision_digest AS BLOB))=64&#xD;
            AND decision_digest NOT GLOB '*[^0-9a-f]*'),&#xD;
    correction_code TEXT NOT NULL CHECK(correction_code='LINKED_WORKTREE'),&#xD;
    publication_bytes BLOB NOT NULL&#xD;
        CHECK(typeof(publication_bytes)='blob' AND length(publication_bytes) BETWEEN 1 AND 65536),&#xD;
    publication_digest TEXT NOT NULL&#xD;
        CHECK(typeof(publication_digest)='text' AND length(publication_digest)=64&#xD;
            AND instr(publication_digest,char(0))=0 AND length(CAST(publication_digest AS BLOB))=64&#xD;
            AND publication_digest NOT GLOB '*[^0-9a-f]*'),&#xD;
    target_kind TEXT NOT NULL CHECK(typeof(target_kind)='text' AND target_kind='native-file'),&#xD;
    target_root TEXT NOT NULL&#xD;
        CHECK(typeof(target_root)='text' AND length(target_root) BETWEEN 1 AND 4096&#xD;
            AND instr(target_root,char(0))=0),&#xD;
    state TEXT NOT NULL CHECK(typeof(state)='text' AND state IN ('Pending','InFlight','Published')),&#xD;
    attempt INTEGER NOT NULL CHECK(typeof(attempt)='integer' AND attempt BETWEEN 0 AND 2147483647),&#xD;
    ownership_version INTEGER NOT NULL&#xD;
        CHECK(typeof(ownership_version)='integer' AND ownership_version&gt;=0),&#xD;
    due_at_ms INTEGER NOT NULL CHECK(typeof(due_at_ms)='integer'),&#xD;
    owner_id TEXT NULL&#xD;
        CHECK(owner_id IS NULL OR&#xD;
            (typeof(owner_id)='text' AND length(owner_id) BETWEEN 1 AND 128&#xD;
            AND instr(owner_id,char(0))=0)),&#xD;
    published_at_ms INTEGER NULL&#xD;
        CHECK(published_at_ms IS NULL OR typeof(published_at_ms)='integer'),&#xD;
    CHECK((state='InFlight' AND owner_id IS NOT NULL) OR&#xD;
        (state&lt;&gt;'InFlight' AND owner_id IS NULL)),&#xD;
    CHECK((state='Published' AND published_at_ms IS NOT NULL) OR&#xD;
        (state&lt;&gt;'Published' AND published_at_ms IS NULL)),&#xD;
    FOREIGN KEY(operation_id,schema_version,decision_digest,correction_code)&#xD;
        REFERENCES native_registration_admission_fact&#xD;
            (operation_id,schema_version,decision_digest,correction_code)&#xD;
);&#xD;
&#xD;
CREATE INDEX ix_registration_notice_due ON registration_notice_delivery(state,due_at_ms,notice_id)&#xD;
    WHERE state IN ('Pending','InFlight');&#xD;
&#xD;
CREATE TRIGGER registration_notice_initial&#xD;
BEFORE INSERT ON registration_notice_delivery&#xD;
WHEN NEW.state&lt;&gt;'Pending' OR NEW.attempt&lt;&gt;0 OR NEW.ownership_version&lt;&gt;0&#xD;
BEGIN&#xD;
    SELECT RAISE(ABORT,'COORD_NATIVE_NOTICE_INITIAL');&#xD;
END;&#xD;
CREATE TRIGGER registration_notice_no_replace&#xD;
BEFORE INSERT ON registration_notice_delivery&#xD;
WHEN EXISTS(SELECT 1 FROM registration_notice_delivery&#xD;
    WHERE notice_id=NEW.notice_id OR operation_id=NEW.operation_id)&#xD;
BEGIN&#xD;
    SELECT RAISE(ABORT,'COORD_NATIVE_NOTICE_IMMUTABLE');&#xD;
END;&#xD;
CREATE TRIGGER registration_notice_no_delete&#xD;
BEFORE DELETE ON registration_notice_delivery BEGIN&#xD;
    SELECT RAISE(ABORT,'COORD_NATIVE_NOTICE_IMMUTABLE');&#xD;
END;&#xD;
CREATE TRIGGER registration_notice_identity&#xD;
BEFORE UPDATE OF notice_id,operation_id,schema_version,decision_digest,correction_code,&#xD;
    publication_bytes,publication_digest,target_kind,target_root&#xD;
ON registration_notice_delivery BEGIN&#xD;
    SELECT RAISE(ABORT,'COORD_NATIVE_NOTICE_IMMUTABLE');&#xD;
END;&#xD;
CREATE TRIGGER registration_notice_transition&#xD;
BEFORE UPDATE ON registration_notice_delivery&#xD;
WHEN NOT (&#xD;
    NEW.ownership_version=OLD.ownership_version+1 AND (&#xD;
        (OLD.state='Pending' AND NEW.state='InFlight'&#xD;
            AND NEW.attempt=OLD.attempt+1 AND NEW.due_at_ms=OLD.due_at_ms)&#xD;
        OR&#xD;
        (OLD.state='InFlight' AND NEW.state IN ('Pending','Published')&#xD;
            AND NEW.attempt=OLD.attempt)&#xD;
    )&#xD;
)&#xD;
BEGIN&#xD;
    SELECT RAISE(ABORT,'COORD_NATIVE_NOTICE_TRANSITION');&#xD;
END;</StdOut>
      </Output>
    </UnitTestResult>
    <UnitTestResult executionId="224a2249-5116-437b-9da2-1cbd895a15b8" testId="f9ba4205-474f-a740-b54f-768dfe61300c" testName="AiDe.Core.Tests.Watcher.RegistrationAdmissionTests.NativeRows_HexWithNulAndOversizedSuffix_Rejects(table: &quot;native_registration_admission_fact&quot;, column: &quot;context_digest&quot;, length: 64)" computerName="TIMMALLSTRIX" duration="00:00:00.0136511" startTime="2026-09-17T06:44:19.4906494-07:00" endTime="2026-09-17T06:44:19.5040904-07:00" testType="13cdc9d9-ddb5-4fa4-a97d-d965ccfc6d4b" outcome="Passed" testListId="8c84fa94-04c1-424b-9868-57a2d4851a1d" relativeResultsDirectory="224a2249-5116-437b-9da2-1cbd895a15b8">
      <Output>
        <StdOut>column=native_registration_admission_fact.context_digest; utf8Bytes=70065</StdOut>
      </Output>
    </UnitTestResult>
    <UnitTestResult executionId="0d41af99-69f8-433d-820e-71b9c8b36d1d" testId="56d9f4ec-5f0b-932b-6153-1b0828f98a81" testName="AiDe.Core.Tests.Watcher.RegistrationAdmissionTests.NativeRows_RemovedRequiredColumnConstraints_SameNullAssertionFails(table: &quot;native_registration_admission_fact&quot;, column: &quot;schema_version&quot;)" computerName="TIMMALLSTRIX" duration="00:00:00.1110311" startTime="2026-09-17T06:44:17.1520872-07:00" endTime="2026-09-17T06:44:17.2630962-07:00" testType="13cdc9d9-ddb5-4fa4-a97d-d965ccfc6d4b" outcome="Passed" testListId="8c84fa94-04c1-424b-9868-57a2d4851a1d" relativeResultsDirectory="0d41af99-69f8-433d-820e-71b9c8b36d1d">
      <Output>
        <StdOut>MUTANT native_registration_admission_fact.schema_version required-column constraints:
CREATE TABLE native_registration_admission_fact (&#xD;
    operation_id TEXT NOT NULL PRIMARY KEY&#xD;
        CHECK(typeof(operation_id)='text' AND length(operation_id) BETWEEN 1 AND 128&#xD;
            AND instr(operation_id,char(0))=0),&#xD;
    schema_version INTEGER NULL,&#xD;
    input_digest TEXT NOT NULL&#xD;
        CHECK(typeof(input_digest)='text' AND length(input_digest)=64&#xD;
            AND instr(input_digest,char(0))=0 AND length(CAST(input_digest AS BLOB))=64&#xD;
            AND input_digest NOT GLOB '*[^0-9a-f]*'),&#xD;
    context_digest TEXT NOT NULL&#xD;
        CHECK(typeof(context_digest)='text' AND length(context_digest)=64&#xD;
            AND instr(context_digest,char(0))=0 AND length(CAST(context_digest AS BLOB))=64&#xD;
            AND context_digest NOT GLOB '*[^0-9a-f]*'),&#xD;
    decision_digest TEXT NOT NULL&#xD;
        CHECK(typeof(decision_digest)='text' AND length(decision_digest)=64&#xD;
            AND instr(decision_digest,char(0))=0 AND length(CAST(decision_digest AS BLOB))=64&#xD;
            AND decision_digest NOT GLOB '*[^0-9a-f]*'),&#xD;
    session_id TEXT NOT NULL&#xD;
        CHECK(typeof(session_id)='text' AND length(session_id) BETWEEN 1 AND 512&#xD;
            AND instr(session_id,char(0))=0),&#xD;
    generation INTEGER NOT NULL&#xD;
        CHECK(typeof(generation)='integer' AND generation&gt;=1),&#xD;
    repository_sent TEXT NOT NULL&#xD;
        CHECK(typeof(repository_sent)='text' AND length(repository_sent) BETWEEN 1 AND 4096&#xD;
            AND instr(repository_sent,char(0))=0),&#xD;
    repository_used TEXT NOT NULL&#xD;
        CHECK(typeof(repository_used)='text' AND length(repository_used) BETWEEN 1 AND 4096&#xD;
            AND instr(repository_used,char(0))=0),&#xD;
    worktree_path TEXT NOT NULL&#xD;
        CHECK(typeof(worktree_path)='text' AND length(worktree_path) BETWEEN 1 AND 4096&#xD;
            AND instr(worktree_path,char(0))=0),&#xD;
    worktree_branch TEXT NOT NULL&#xD;
        CHECK(typeof(worktree_branch)='text' AND length(worktree_branch) BETWEEN 0 AND 512&#xD;
            AND instr(worktree_branch,char(0))=0),&#xD;
    terminal_id TEXT NOT NULL&#xD;
        CHECK(typeof(terminal_id)='text' AND length(terminal_id) BETWEEN 1 AND 512&#xD;
            AND instr(terminal_id,char(0))=0),&#xD;
    agent_name TEXT NOT NULL&#xD;
        CHECK(typeof(agent_name)='text' AND length(agent_name) BETWEEN 1 AND 256&#xD;
            AND instr(agent_name,char(0))=0),&#xD;
    harness_name TEXT NULL&#xD;
        CHECK(harness_name IS NULL OR&#xD;
            (typeof(harness_name)='text' AND length(harness_name) BETWEEN 1 AND 256&#xD;
            AND instr(harness_name,char(0))=0)),&#xD;
    harness_version TEXT NULL&#xD;
        CHECK(harness_version IS NULL OR&#xD;
            (typeof(harness_version)='text' AND length(harness_version) BETWEEN 1 AND 128&#xD;
            AND instr(harness_version,char(0))=0)),&#xD;
    model_name TEXT NULL&#xD;
        CHECK(model_name IS NULL OR&#xD;
            (typeof(model_name)='text' AND length(model_name) BETWEEN 1 AND 256&#xD;
            AND instr(model_name,char(0))=0)),&#xD;
    model_version TEXT NULL&#xD;
        CHECK(model_version IS NULL OR&#xD;
            (typeof(model_version)='text' AND length(model_version) BETWEEN 1 AND 128&#xD;
            AND instr(model_version,char(0))=0)),&#xD;
    trust TEXT NOT NULL CHECK(typeof(trust)='text' AND trust IN ('Asserted','Verified')),&#xD;
    correction_code TEXT NOT NULL&#xD;
        CHECK(typeof(correction_code)='text' AND correction_code IN ('NONE','LINKED_WORKTREE')),&#xD;
    recorded_at_ms INTEGER NOT NULL CHECK(typeof(recorded_at_ms)='integer'),&#xD;
    CHECK(harness_version IS NULL OR harness_name IS NOT NULL),&#xD;
    CHECK(model_version IS NULL OR model_name IS NOT NULL),&#xD;
    CHECK((correction_code='NONE' AND repository_sent=repository_used)&#xD;
        OR (correction_code='LINKED_WORKTREE' AND repository_sent&lt;&gt;repository_used)),&#xD;
    UNIQUE(session_id,generation),&#xD;
    UNIQUE(operation_id,schema_version,decision_digest,correction_code)&#xD;
);&#xD;
&#xD;
CREATE TRIGGER native_registration_admission_no_update&#xD;
BEFORE UPDATE ON native_registration_admission_fact BEGIN&#xD;
    SELECT RAISE(ABORT,'COORD_NATIVE_ADMISSION_IMMUTABLE');&#xD;
END;&#xD;
CREATE TRIGGER native_registration_admission_no_delete&#xD;
BEFORE DELETE ON native_registration_admission_fact BEGIN&#xD;
    SELECT RAISE(ABORT,'COORD_NATIVE_ADMISSION_IMMUTABLE');&#xD;
END;&#xD;
CREATE TRIGGER native_registration_admission_no_replace&#xD;
BEFORE INSERT ON native_registration_admission_fact&#xD;
WHEN EXISTS(SELECT 1 FROM native_registration_admission_fact&#xD;
    WHERE operation_id=NEW.operation_id&#xD;
        OR (session_id=NEW.session_id AND generation=NEW.generation))&#xD;
BEGIN&#xD;
    SELECT RAISE(ABORT,'COORD_NATIVE_ADMISSION_IMMUTABLE');&#xD;
END;&#xD;
&#xD;
CREATE TABLE registration_notice_delivery (&#xD;
    notice_id TEXT NOT NULL PRIMARY KEY&#xD;
        CHECK(typeof(notice_id)='text' AND length(notice_id)=32&#xD;
            AND instr(notice_id,char(0))=0 AND length(CAST(notice_id AS BLOB))=32&#xD;
            AND notice_id NOT GLOB '*[^0-9a-f]*'),&#xD;
    operation_id TEXT NOT NULL UNIQUE&#xD;
        CHECK(typeof(operation_id)='text' AND length(operation_id) BETWEEN 1 AND 128&#xD;
            AND instr(operation_id,char(0))=0),&#xD;
    schema_version INTEGER NOT NULL CHECK(typeof(schema_version)='integer' AND schema_version=1),&#xD;
    decision_digest TEXT NOT NULL&#xD;
        CHECK(typeof(decision_digest)='text' AND length(decision_digest)=64&#xD;
            AND instr(decision_digest,char(0))=0 AND length(CAST(decision_digest AS BLOB))=64&#xD;
            AND decision_digest NOT GLOB '*[^0-9a-f]*'),&#xD;
    correction_code TEXT NOT NULL CHECK(correction_code='LINKED_WORKTREE'),&#xD;
    publication_bytes BLOB NOT NULL&#xD;
        CHECK(typeof(publication_bytes)='blob' AND length(publication_bytes) BETWEEN 1 AND 65536),&#xD;
    publication_digest TEXT NOT NULL&#xD;
        CHECK(typeof(publication_digest)='text' AND length(publication_digest)=64&#xD;
            AND instr(publication_digest,char(0))=0 AND length(CAST(publication_digest AS BLOB))=64&#xD;
            AND publication_digest NOT GLOB '*[^0-9a-f]*'),&#xD;
    target_kind TEXT NOT NULL CHECK(typeof(target_kind)='text' AND target_kind='native-file'),&#xD;
    target_root TEXT NOT NULL&#xD;
        CHECK(typeof(target_root)='text' AND length(target_root) BETWEEN 1 AND 4096&#xD;
            AND instr(target_root,char(0))=0),&#xD;
    state TEXT NOT NULL CHECK(typeof(state)='text' AND state IN ('Pending','InFlight','Published')),&#xD;
    attempt INTEGER NOT NULL CHECK(typeof(attempt)='integer' AND attempt BETWEEN 0 AND 2147483647),&#xD;
    ownership_version INTEGER NOT NULL&#xD;
        CHECK(typeof(ownership_version)='integer' AND ownership_version&gt;=0),&#xD;
    due_at_ms INTEGER NOT NULL CHECK(typeof(due_at_ms)='integer'),&#xD;
    owner_id TEXT NULL&#xD;
        CHECK(owner_id IS NULL OR&#xD;
            (typeof(owner_id)='text' AND length(owner_id) BETWEEN 1 AND 128&#xD;
            AND instr(owner_id,char(0))=0)),&#xD;
    published_at_ms INTEGER NULL&#xD;
        CHECK(published_at_ms IS NULL OR typeof(published_at_ms)='integer'),&#xD;
    CHECK((state='InFlight' AND owner_id IS NOT NULL) OR&#xD;
        (state&lt;&gt;'InFlight' AND owner_id IS NULL)),&#xD;
    CHECK((state='Published' AND published_at_ms IS NOT NULL) OR&#xD;
        (state&lt;&gt;'Published' AND published_at_ms IS NULL)),&#xD;
    FOREIGN KEY(operation_id,schema_version,decision_digest,correction_code)&#xD;
        REFERENCES native_registration_admission_fact&#xD;
            (operation_id,schema_version,decision_digest,correction_code)&#xD;
);&#xD;
&#xD;
CREATE INDEX ix_registration_notice_due ON registration_notice_delivery(state,due_at_ms,notice_id)&#xD;
    WHERE state IN ('Pending','InFlight');&#xD;
&#xD;
CREATE TRIGGER registration_notice_initial&#xD;
BEFORE INSERT ON registration_notice_delivery&#xD;
WHEN NEW.state&lt;&gt;'Pending' OR NEW.attempt&lt;&gt;0 OR NEW.ownership_version&lt;&gt;0&#xD;
BEGIN&#xD;
    SELECT RAISE(ABORT,'COORD_NATIVE_NOTICE_INITIAL');&#xD;
END;&#xD;
CREATE TRIGGER registration_notice_no_replace&#xD;
BEFORE INSERT ON registration_notice_delivery&#xD;
WHEN EXISTS(SELECT 1 FROM registration_notice_delivery&#xD;
    WHERE notice_id=NEW.notice_id OR operation_id=NEW.operation_id)&#xD;
BEGIN&#xD;
    SELECT RAISE(ABORT,'COORD_NATIVE_NOTICE_IMMUTABLE');&#xD;
END;&#xD;
CREATE TRIGGER registration_notice_no_delete&#xD;
BEFORE DELETE ON registration_notice_delivery BEGIN&#xD;
    SELECT RAISE(ABORT,'COORD_NATIVE_NOTICE_IMMUTABLE');&#xD;
END;&#xD;
CREATE TRIGGER registration_notice_identity&#xD;
BEFORE UPDATE OF notice_id,operation_id,schema_version,decision_digest,correction_code,&#xD;
    publication_bytes,publication_digest,target_kind,target_root&#xD;
ON registration_notice_delivery BEGIN&#xD;
    SELECT RAISE(ABORT,'COORD_NATIVE_NOTICE_IMMUTABLE');&#xD;
END;&#xD;
CREATE TRIGGER registration_notice_transition&#xD;
BEFORE UPDATE ON registration_notice_delivery&#xD;
WHEN NOT (&#xD;
    NEW.ownership_version=OLD.ownership_version+1 AND (&#xD;
        (OLD.state='Pending' AND NEW.state='InFlight'&#xD;
            AND NEW.attempt=OLD.attempt+1 AND NEW.due_at_ms=OLD.due_at_ms)&#xD;
        OR&#xD;
        (OLD.state='InFlight' AND NEW.state IN ('Pending','Published')&#xD;
            AND NEW.attempt=OLD.attempt)&#xD;
    )&#xD;
)&#xD;
BEGIN&#xD;
    SELECT RAISE(ABORT,'COORD_NATIVE_NOTICE_TRANSITION');&#xD;
END;</StdOut>
      </Output>
    </UnitTestResult>
    <UnitTestResult executionId="c1c6c02d-5847-4048-943d-9c60197a36b6" testId="540401f5-5127-e06e-bfcf-45f082bfe74f" testName="AiDe.Core.Tests.Watcher.SqliteWatcherObservationStoreTests.Heartbeat_UpsertsAndReadsLatest_NullWhenNone" computerName="TIMMALLSTRIX" duration="00:00:00.0113892" startTime="2026-09-17T06:44:14.8202432-07:00" endTime="2026-09-17T06:44:14.8316205-07:00" testType="13cdc9d9-ddb5-4fa4-a97d-d965ccfc6d4b" outcome="Passed" testListId="8c84fa94-04c1-424b-9868-57a2d4851a1d" relativeResultsDirectory="c1c6c02d-5847-4048-943d-9c60197a36b6" />
    <UnitTestResult executionId="8a0005ea-3113-4b6f-8a05-ed303dc4aee2" testId="78ce883e-5059-9ffc-67a1-4e0ef761009e" testName="AiDe.Core.Tests.Watcher.RegistrationAdmissionTests.NativeRows_NonHexOrWrongLength_Rejects(table: &quot;native_registration_admission_fact&quot;, column: &quot;context_digest&quot;, length: 64)" computerName="TIMMALLSTRIX" duration="00:00:00.0341840" startTime="2026-09-17T06:44:20.3483845-07:00" endTime="2026-09-17T06:44:20.3825461-07:00" testType="13cdc9d9-ddb5-4fa4-a97d-d965ccfc6d4b" outcome="Passed" testListId="8c84fa94-04c1-424b-9868-57a2d4851a1d" relativeResultsDirectory="8a0005ea-3113-4b6f-8a05-ed303dc4aee2" />
    <UnitTestResult executionId="5f6cf184-ebdb-47cd-960a-4653e061a079" testId="c1cc3ca2-efae-c476-590c-761cfe737a5d" testName="AiDe.Core.Tests.Watcher.RegistrationAdmissionTests.Admission_UnknownTrust_Rejects(value: &quot;Untrusted&quot;)" computerName="TIMMALLSTRIX" duration="00:00:00.0145200" startTime="2026-09-17T06:44:20.0527516-07:00" endTime="2026-09-17T06:44:20.0672410-07:00" testType="13cdc9d9-ddb5-4fa4-a97d-d965ccfc6d4b" outcome="Passed" testListId="8c84fa94-04c1-424b-9868-57a2d4851a1d" relativeResultsDirectory="5f6cf184-ebdb-47cd-960a-4653e061a079" />
    <UnitTestResult executionId="a21040a9-e8b6-45d2-8e5e-99017ee65d50" testId="9ffe3a0c-370a-8c2e-ed5c-a5f371b19819" testName="AiDe.Core.Tests.Watcher.RegistrationAdmissionTests.Notice_InvalidTransition_RejectsWithoutChangingObligation(mutation: &quot;UPDATE registration_notice_delivery SET state='Pub&quot;···)" computerName="TIMMALLSTRIX" duration="00:00:00.0240621" startTime="2026-09-17T06:44:19.9987409-07:00" endTime="2026-09-17T06:44:20.0227694-07:00" testType="13cdc9d9-ddb5-4fa4-a97d-d965ccfc6d4b" outcome="Passed" testListId="8c84fa94-04c1-424b-9868-57a2d4851a1d" relativeResultsDirectory="a21040a9-e8b6-45d2-8e5e-99017ee65d50" />
    <UnitTestResult executionId="e670cec3-0fee-4cda-bffe-67dc2ae55041" testId="b4df9287-d889-063a-3c24-adc36da11bb4" testName="AiDe.Core.Tests.Watcher.RegistrationAdmissionTests.NativeRows_RequiredFieldIsNull_Rejects(table: &quot;native_registration_admission_fact&quot;, column: &quot;worktree_path&quot;)" computerName="TIMMALLSTRIX" duration="00:00:00.0118115" startTime="2026-09-17T06:44:15.4516128-07:00" endTime="2026-09-17T06:44:15.4633406-07:00" testType="13cdc9d9-ddb5-4fa4-a97d-d965ccfc6d4b" outcome="Passed" testListId="8c84fa94-04c1-424b-9868-57a2d4851a1d" relativeResultsDirectory="e670cec3-0fee-4cda-bffe-67dc2ae55041" />
    <UnitTestResult executionId="1c784a27-0188-49c2-a23e-3e2d88ad05ce" testId="3fcc9ff2-e558-7c7a-52c9-e2d579f713a9" testName="AiDe.Core.Tests.Watcher.RegistrationNoticeReliabilityTests.Register_RepositoryAlreadyCanonical_ProducesNoCorrectionNotice" computerName="TIMMALLSTRIX" duration="00:00:00.0149576" startTime="2026-09-17T06:44:21.0159108-07:00" endTime="2026-09-17T06:44:21.0308985-07:00" testType="13cdc9d9-ddb5-4fa4-a97d-d965ccfc6d4b" outcome="Passed" testListId="8c84fa94-04c1-424b-9868-57a2d4851a1d" relativeResultsDirectory="1c784a27-0188-49c2-a23e-3e2d88ad05ce">
      <Output>
        <StdOut>POSITIVE: canonical registration accepted with zero notices.</StdOut>
      </Output>
    </UnitTestResult>
    <UnitTestResult executionId="c603ae9f-f4bc-49eb-b8b1-a134fbdaffed" testId="9737124c-7869-9028-3aac-c81edd5c2878" testName="AiDe.Core.Tests.Watcher.RegistrationAdmissionTests.NativeRows_RemovedRequiredColumnConstraints_SameNullAssertionFails(table: &quot;native_registration_admission_fact&quot;, column: &quot;worktree_path&quot;)" computerName="TIMMALLSTRIX" duration="00:00:00.1180205" startTime="2026-09-17T06:44:18.2693363-07:00" endTime="2026-09-17T06:44:18.3852498-07:00" testType="13cdc9d9-ddb5-4fa4-a97d-d965ccfc6d4b" outcome="Passed" testListId="8c84fa94-04c1-424b-9868-57a2d4851a1d" relativeResultsDirectory="c603ae9f-f4bc-49eb-b8b1-a134fbdaffed">
      <Output>
        <StdOut>MUTANT native_registration_admission_fact.worktree_path required-column constraints:
CREATE TABLE native_registration_admission_fact (&#xD;
    operation_id TEXT NOT NULL PRIMARY KEY&#xD;
        CHECK(typeof(operation_id)='text' AND length(operation_id) BETWEEN 1 AND 128&#xD;
            AND instr(operation_id,char(0))=0),&#xD;
    schema_version INTEGER NOT NULL CHECK(typeof(schema_version)='integer' AND schema_version=1),&#xD;
    input_digest TEXT NOT NULL&#xD;
        CHECK(typeof(input_digest)='text' AND length(input_digest)=64&#xD;
            AND instr(input_digest,char(0))=0 AND length(CAST(input_digest AS BLOB))=64&#xD;
            AND input_digest NOT GLOB '*[^0-9a-f]*'),&#xD;
    context_digest TEXT NOT NULL&#xD;
        CHECK(typeof(context_digest)='text' AND length(context_digest)=64&#xD;
            AND instr(context_digest,char(0))=0 AND length(CAST(context_digest AS BLOB))=64&#xD;
            AND context_digest NOT GLOB '*[^0-9a-f]*'),&#xD;
    decision_digest TEXT NOT NULL&#xD;
        CHECK(typeof(decision_digest)='text' AND length(decision_digest)=64&#xD;
            AND instr(decision_digest,char(0))=0 AND length(CAST(decision_digest AS BLOB))=64&#xD;
            AND decision_digest NOT GLOB '*[^0-9a-f]*'),&#xD;
    session_id TEXT NOT NULL&#xD;
        CHECK(typeof(session_id)='text' AND length(session_id) BETWEEN 1 AND 512&#xD;
            AND instr(session_id,char(0))=0),&#xD;
    generation INTEGER NOT NULL&#xD;
        CHECK(typeof(generation)='integer' AND generation&gt;=1),&#xD;
    repository_sent TEXT NOT NULL&#xD;
        CHECK(typeof(repository_sent)='text' AND length(repository_sent) BETWEEN 1 AND 4096&#xD;
            AND instr(repository_sent,char(0))=0),&#xD;
    repository_used TEXT NOT NULL&#xD;
        CHECK(typeof(repository_used)='text' AND length(repository_used) BETWEEN 1 AND 4096&#xD;
            AND instr(repository_used,char(0))=0),&#xD;
    worktree_path TEXT NULL,&#xD;
    worktree_branch TEXT NOT NULL&#xD;
        CHECK(typeof(worktree_branch)='text' AND length(worktree_branch) BETWEEN 0 AND 512&#xD;
            AND instr(worktree_branch,char(0))=0),&#xD;
    terminal_id TEXT NOT NULL&#xD;
        CHECK(typeof(terminal_id)='text' AND length(terminal_id) BETWEEN 1 AND 512&#xD;
            AND instr(terminal_id,char(0))=0),&#xD;
    agent_name TEXT NOT NULL&#xD;
        CHECK(typeof(agent_name)='text' AND length(agent_name) BETWEEN 1 AND 256&#xD;
            AND instr(agent_name,char(0))=0),&#xD;
    harness_name TEXT NULL&#xD;
        CHECK(harness_name IS NULL OR&#xD;
            (typeof(harness_name)='text' AND length(harness_name) BETWEEN 1 AND 256&#xD;
            AND instr(harness_name,char(0))=0)),&#xD;
    harness_version TEXT NULL&#xD;
        CHECK(harness_version IS NULL OR&#xD;
            (typeof(harness_version)='text' AND length(harness_version) BETWEEN 1 AND 128&#xD;
            AND instr(harness_version,char(0))=0)),&#xD;
    model_name TEXT NULL&#xD;
        CHECK(model_name IS NULL OR&#xD;
            (typeof(model_name)='text' AND length(model_name) BETWEEN 1 AND 256&#xD;
            AND instr(model_name,char(0))=0)),&#xD;
    model_version TEXT NULL&#xD;
        CHECK(model_version IS NULL OR&#xD;
            (typeof(model_version)='text' AND length(model_version) BETWEEN 1 AND 128&#xD;
            AND instr(model_version,char(0))=0)),&#xD;
    trust TEXT NOT NULL CHECK(typeof(trust)='text' AND trust IN ('Asserted','Verified')),&#xD;
    correction_code TEXT NOT NULL&#xD;
        CHECK(typeof(correction_code)='text' AND correction_code IN ('NONE','LINKED_WORKTREE')),&#xD;
    recorded_at_ms INTEGER NOT NULL CHECK(typeof(recorded_at_ms)='integer'),&#xD;
    CHECK(harness_version IS NULL OR harness_name IS NOT NULL),&#xD;
    CHECK(model_version IS NULL OR model_name IS NOT NULL),&#xD;
    CHECK((correction_code='NONE' AND repository_sent=repository_used)&#xD;
        OR (correction_code='LINKED_WORKTREE' AND repository_sent&lt;&gt;repository_used)),&#xD;
    UNIQUE(session_id,generation),&#xD;
    UNIQUE(operation_id,schema_version,decision_digest,correction_code)&#xD;
);&#xD;
&#xD;
CREATE TRIGGER native_registration_admission_no_update&#xD;
BEFORE UPDATE ON native_registration_admission_fact BEGIN&#xD;
    SELECT RAISE(ABORT,'COORD_NATIVE_ADMISSION_IMMUTABLE');&#xD;
END;&#xD;
CREATE TRIGGER native_registration_admission_no_delete&#xD;
BEFORE DELETE ON native_registration_admission_fact BEGIN&#xD;
    SELECT RAISE(ABORT,'COORD_NATIVE_ADMISSION_IMMUTABLE');&#xD;
END;&#xD;
CREATE TRIGGER native_registration_admission_no_replace&#xD;
BEFORE INSERT ON native_registration_admission_fact&#xD;
WHEN EXISTS(SELECT 1 FROM native_registration_admission_fact&#xD;
    WHERE operation_id=NEW.operation_id&#xD;
        OR (session_id=NEW.session_id AND generation=NEW.generation))&#xD;
BEGIN&#xD;
    SELECT RAISE(ABORT,'COORD_NATIVE_ADMISSION_IMMUTABLE');&#xD;
END;&#xD;
&#xD;
CREATE TABLE registration_notice_delivery (&#xD;
    notice_id TEXT NOT NULL PRIMARY KEY&#xD;
        CHECK(typeof(notice_id)='text' AND length(notice_id)=32&#xD;
            AND instr(notice_id,char(0))=0 AND length(CAST(notice_id AS BLOB))=32&#xD;
            AND notice_id NOT GLOB '*[^0-9a-f]*'),&#xD;
    operation_id TEXT NOT NULL UNIQUE&#xD;
        CHECK(typeof(operation_id)='text' AND length(operation_id) BETWEEN 1 AND 128&#xD;
            AND instr(operation_id,char(0))=0),&#xD;
    schema_version INTEGER NOT NULL CHECK(typeof(schema_version)='integer' AND schema_version=1),&#xD;
    decision_digest TEXT NOT NULL&#xD;
        CHECK(typeof(decision_digest)='text' AND length(decision_digest)=64&#xD;
            AND instr(decision_digest,char(0))=0 AND length(CAST(decision_digest AS BLOB))=64&#xD;
            AND decision_digest NOT GLOB '*[^0-9a-f]*'),&#xD;
    correction_code TEXT NOT NULL CHECK(correction_code='LINKED_WORKTREE'),&#xD;
    publication_bytes BLOB NOT NULL&#xD;
        CHECK(typeof(publication_bytes)='blob' AND length(publication_bytes) BETWEEN 1 AND 65536),&#xD;
    publication_digest TEXT NOT NULL&#xD;
        CHECK(typeof(publication_digest)='text' AND length(publication_digest)=64&#xD;
            AND instr(publication_digest,char(0))=0 AND length(CAST(publication_digest AS BLOB))=64&#xD;
            AND publication_digest NOT GLOB '*[^0-9a-f]*'),&#xD;
    target_kind TEXT NOT NULL CHECK(typeof(target_kind)='text' AND target_kind='native-file'),&#xD;
    target_root TEXT NOT NULL&#xD;
        CHECK(typeof(target_root)='text' AND length(target_root) BETWEEN 1 AND 4096&#xD;
            AND instr(target_root,char(0))=0),&#xD;
    state TEXT NOT NULL CHECK(typeof(state)='text' AND state IN ('Pending','InFlight','Published')),&#xD;
    attempt INTEGER NOT NULL CHECK(typeof(attempt)='integer' AND attempt BETWEEN 0 AND 2147483647),&#xD;
    ownership_version INTEGER NOT NULL&#xD;
        CHECK(typeof(ownership_version)='integer' AND ownership_version&gt;=0),&#xD;
    due_at_ms INTEGER NOT NULL CHECK(typeof(due_at_ms)='integer'),&#xD;
    owner_id TEXT NULL&#xD;
        CHECK(owner_id IS NULL OR&#xD;
            (typeof(owner_id)='text' AND length(owner_id) BETWEEN 1 AND 128&#xD;
            AND instr(owner_id,char(0))=0)),&#xD;
    published_at_ms INTEGER NULL&#xD;
        CHECK(published_at_ms IS NULL OR typeof(published_at_ms)='integer'),&#xD;
    CHECK((state='InFlight' AND owner_id IS NOT NULL) OR&#xD;
        (state&lt;&gt;'InFlight' AND owner_id IS NULL)),&#xD;
    CHECK((state='Published' AND published_at_ms IS NOT NULL) OR&#xD;
        (state&lt;&gt;'Published' AND published_at_ms IS NULL)),&#xD;
    FOREIGN KEY(operation_id,schema_version,decision_digest,correction_code)&#xD;
        REFERENCES native_registration_admission_fact&#xD;
            (operation_id,schema_version,decision_digest,correction_code)&#xD;
);&#xD;
&#xD;
CREATE INDEX ix_registration_notice_due ON registration_notice_delivery(state,due_at_ms,notice_id)&#xD;
    WHERE state IN ('Pending','InFlight');&#xD;
&#xD;
CREATE TRIGGER registration_notice_initial&#xD;
BEFORE INSERT ON registration_notice_delivery&#xD;
WHEN NEW.state&lt;&gt;'Pending' OR NEW.attempt&lt;&gt;0 OR NEW.ownership_version&lt;&gt;0&#xD;
BEGIN&#xD;
    SELECT RAISE(ABORT,'COORD_NATIVE_NOTICE_INITIAL');&#xD;
END;&#xD;
CREATE TRIGGER registration_notice_no_replace&#xD;
BEFORE INSERT ON registration_notice_delivery&#xD;
WHEN EXISTS(SELECT 1 FROM registration_notice_delivery&#xD;
    WHERE notice_id=NEW.notice_id OR operation_id=NEW.operation_id)&#xD;
BEGIN&#xD;
    SELECT RAISE(ABORT,'COORD_NATIVE_NOTICE_IMMUTABLE');&#xD;
END;&#xD;
CREATE TRIGGER registration_notice_no_delete&#xD;
BEFORE DELETE ON registration_notice_delivery BEGIN&#xD;
    SELECT RAISE(ABORT,'COORD_NATIVE_NOTICE_IMMUTABLE');&#xD;
END;&#xD;
CREATE TRIGGER registration_notice_identity&#xD;
BEFORE UPDATE OF notice_id,operation_id,schema_version,decision_digest,correction_code,&#xD;
    publication_bytes,publication_digest,target_kind,target_root&#xD;
ON registration_notice_delivery BEGIN&#xD;
    SELECT RAISE(ABORT,'COORD_NATIVE_NOTICE_IMMUTABLE');&#xD;
END;&#xD;
CREATE TRIGGER registration_notice_transition&#xD;
BEFORE UPDATE ON registration_notice_delivery&#xD;
WHEN NOT (&#xD;
    NEW.ownership_version=OLD.ownership_version+1 AND (&#xD;
        (OLD.state='Pending' AND NEW.state='InFlight'&#xD;
            AND NEW.attempt=OLD.attempt+1 AND NEW.due_at_ms=OLD.due_at_ms)&#xD;
        OR&#xD;
        (OLD.state='InFlight' AND NEW.state IN ('Pending','Published')&#xD;
            AND NEW.attempt=OLD.attempt)&#xD;
    )&#xD;
)&#xD;
BEGIN&#xD;
    SELECT RAISE(ABORT,'COORD_NATIVE_NOTICE_TRANSITION');&#xD;
END;</StdOut>
      </Output>
    </UnitTestResult>
    <UnitTestResult executionId="5108115d-a899-4896-af51-ccd74ba5f790" testId="e63daec9-a96d-1fea-e0b1-e1205ac2a4f5" testName="AiDe.Core.Tests.Watcher.TrustedRegistrarTests.Register_ValidBinding_IssuesGenerationOneAndCapability" computerName="TIMMALLSTRIX" duration="00:00:00.0000947" startTime="2026-09-17T06:44:21.0034664-07:00" endTime="2026-09-17T06:44:21.0035659-07:00" testType="13cdc9d9-ddb5-4fa4-a97d-d965ccfc6d4b" outcome="Passed" testListId="8c84fa94-04c1-424b-9868-57a2d4851a1d" relativeResultsDirectory="5108115d-a899-4896-af51-ccd74ba5f790" />
    <UnitTestResult executionId="8743ac76-0dc0-4bd6-a4ee-830b4696afc3" testId="3e3a9083-29f6-5825-02e8-a12788af4ba5" testName="AiDe.Core.Tests.Watcher.RegistrationAdmissionTests.NativeRows_RemovedRequiredColumnConstraints_SameNullAssertionFails(table: &quot;registration_notice_delivery&quot;, column: &quot;decision_digest&quot;)" computerName="TIMMALLSTRIX" duration="00:00:00.1172817" startTime="2026-09-17T06:44:16.2266940-07:00" endTime="2026-09-17T06:44:16.3439521-07:00" testType="13cdc9d9-ddb5-4fa4-a97d-d965ccfc6d4b" outcome="Passed" testListId="8c84fa94-04c1-424b-9868-57a2d4851a1d" relativeResultsDirectory="8743ac76-0dc0-4bd6-a4ee-830b4696afc3">
      <Output>
        <StdOut>MUTANT registration_notice_delivery.decision_digest required-column constraints:
CREATE TABLE native_registration_admission_fact (&#xD;
    operation_id TEXT NOT NULL PRIMARY KEY&#xD;
        CHECK(typeof(operation_id)='text' AND length(operation_id) BETWEEN 1 AND 128&#xD;
            AND instr(operation_id,char(0))=0),&#xD;
    schema_version INTEGER NOT NULL CHECK(typeof(schema_version)='integer' AND schema_version=1),&#xD;
    input_digest TEXT NOT NULL&#xD;
        CHECK(typeof(input_digest)='text' AND length(input_digest)=64&#xD;
            AND instr(input_digest,char(0))=0 AND length(CAST(input_digest AS BLOB))=64&#xD;
            AND input_digest NOT GLOB '*[^0-9a-f]*'),&#xD;
    context_digest TEXT NOT NULL&#xD;
        CHECK(typeof(context_digest)='text' AND length(context_digest)=64&#xD;
            AND instr(context_digest,char(0))=0 AND length(CAST(context_digest AS BLOB))=64&#xD;
            AND context_digest NOT GLOB '*[^0-9a-f]*'),&#xD;
    decision_digest TEXT NOT NULL&#xD;
        CHECK(typeof(decision_digest)='text' AND length(decision_digest)=64&#xD;
            AND instr(decision_digest,char(0))=0 AND length(CAST(decision_digest AS BLOB))=64&#xD;
            AND decision_digest NOT GLOB '*[^0-9a-f]*'),&#xD;
    session_id TEXT NOT NULL&#xD;
        CHECK(typeof(session_id)='text' AND length(session_id) BETWEEN 1 AND 512&#xD;
            AND instr(session_id,char(0))=0),&#xD;
    generation INTEGER NOT NULL&#xD;
        CHECK(typeof(generation)='integer' AND generation&gt;=1),&#xD;
    repository_sent TEXT NOT NULL&#xD;
        CHECK(typeof(repository_sent)='text' AND length(repository_sent) BETWEEN 1 AND 4096&#xD;
            AND instr(repository_sent,char(0))=0),&#xD;
    repository_used TEXT NOT NULL&#xD;
        CHECK(typeof(repository_used)='text' AND length(repository_used) BETWEEN 1 AND 4096&#xD;
            AND instr(repository_used,char(0))=0),&#xD;
    worktree_path TEXT NOT NULL&#xD;
        CHECK(typeof(worktree_path)='text' AND length(worktree_path) BETWEEN 1 AND 4096&#xD;
            AND instr(worktree_path,char(0))=0),&#xD;
    worktree_branch TEXT NOT NULL&#xD;
        CHECK(typeof(worktree_branch)='text' AND length(worktree_branch) BETWEEN 0 AND 512&#xD;
            AND instr(worktree_branch,char(0))=0),&#xD;
    terminal_id TEXT NOT NULL&#xD;
        CHECK(typeof(terminal_id)='text' AND length(terminal_id) BETWEEN 1 AND 512&#xD;
            AND instr(terminal_id,char(0))=0),&#xD;
    agent_name TEXT NOT NULL&#xD;
        CHECK(typeof(agent_name)='text' AND length(agent_name) BETWEEN 1 AND 256&#xD;
            AND instr(agent_name,char(0))=0),&#xD;
    harness_name TEXT NULL&#xD;
        CHECK(harness_name IS NULL OR&#xD;
            (typeof(harness_name)='text' AND length(harness_name) BETWEEN 1 AND 256&#xD;
            AND instr(harness_name,char(0))=0)),&#xD;
    harness_version TEXT NULL&#xD;
        CHECK(harness_version IS NULL OR&#xD;
            (typeof(harness_version)='text' AND length(harness_version) BETWEEN 1 AND 128&#xD;
            AND instr(harness_version,char(0))=0)),&#xD;
    model_name TEXT NULL&#xD;
        CHECK(model_name IS NULL OR&#xD;
            (typeof(model_name)='text' AND length(model_name) BETWEEN 1 AND 256&#xD;
            AND instr(model_name,char(0))=0)),&#xD;
    model_version TEXT NULL&#xD;
        CHECK(model_version IS NULL OR&#xD;
            (typeof(model_version)='text' AND length(model_version) BETWEEN 1 AND 128&#xD;
            AND instr(model_version,char(0))=0)),&#xD;
    trust TEXT NOT NULL CHECK(typeof(trust)='text' AND trust IN ('Asserted','Verified')),&#xD;
    correction_code TEXT NOT NULL&#xD;
        CHECK(typeof(correction_code)='text' AND correction_code IN ('NONE','LINKED_WORKTREE')),&#xD;
    recorded_at_ms INTEGER NOT NULL CHECK(typeof(recorded_at_ms)='integer'),&#xD;
    CHECK(harness_version IS NULL OR harness_name IS NOT NULL),&#xD;
    CHECK(model_version IS NULL OR model_name IS NOT NULL),&#xD;
    CHECK((correction_code='NONE' AND repository_sent=repository_used)&#xD;
        OR (correction_code='LINKED_WORKTREE' AND repository_sent&lt;&gt;repository_used)),&#xD;
    UNIQUE(session_id,generation),&#xD;
    UNIQUE(operation_id,schema_version,decision_digest,correction_code)&#xD;
);&#xD;
&#xD;
CREATE TRIGGER native_registration_admission_no_update&#xD;
BEFORE UPDATE ON native_registration_admission_fact BEGIN&#xD;
    SELECT RAISE(ABORT,'COORD_NATIVE_ADMISSION_IMMUTABLE');&#xD;
END;&#xD;
CREATE TRIGGER native_registration_admission_no_delete&#xD;
BEFORE DELETE ON native_registration_admission_fact BEGIN&#xD;
    SELECT RAISE(ABORT,'COORD_NATIVE_ADMISSION_IMMUTABLE');&#xD;
END;&#xD;
CREATE TRIGGER native_registration_admission_no_replace&#xD;
BEFORE INSERT ON native_registration_admission_fact&#xD;
WHEN EXISTS(SELECT 1 FROM native_registration_admission_fact&#xD;
    WHERE operation_id=NEW.operation_id&#xD;
        OR (session_id=NEW.session_id AND generation=NEW.generation))&#xD;
BEGIN&#xD;
    SELECT RAISE(ABORT,'COORD_NATIVE_ADMISSION_IMMUTABLE');&#xD;
END;&#xD;
&#xD;
CREATE TABLE registration_notice_delivery (&#xD;
    notice_id TEXT NOT NULL PRIMARY KEY&#xD;
        CHECK(typeof(notice_id)='text' AND length(notice_id)=32&#xD;
            AND instr(notice_id,char(0))=0 AND length(CAST(notice_id AS BLOB))=32&#xD;
            AND notice_id NOT GLOB '*[^0-9a-f]*'),&#xD;
    operation_id TEXT NOT NULL UNIQUE&#xD;
        CHECK(typeof(operation_id)='text' AND length(operation_id) BETWEEN 1 AND 128&#xD;
            AND instr(operation_id,char(0))=0),&#xD;
    schema_version INTEGER NOT NULL CHECK(typeof(schema_version)='integer' AND schema_version=1),&#xD;
    decision_digest TEXT NULL,&#xD;
    correction_code TEXT NOT NULL CHECK(correction_code='LINKED_WORKTREE'),&#xD;
    publication_bytes BLOB NOT NULL&#xD;
        CHECK(typeof(publication_bytes)='blob' AND length(publication_bytes) BETWEEN 1 AND 65536),&#xD;
    publication_digest TEXT NOT NULL&#xD;
        CHECK(typeof(publication_digest)='text' AND length(publication_digest)=64&#xD;
            AND instr(publication_digest,char(0))=0 AND length(CAST(publication_digest AS BLOB))=64&#xD;
            AND publication_digest NOT GLOB '*[^0-9a-f]*'),&#xD;
    target_kind TEXT NOT NULL CHECK(typeof(target_kind)='text' AND target_kind='native-file'),&#xD;
    target_root TEXT NOT NULL&#xD;
        CHECK(typeof(target_root)='text' AND length(target_root) BETWEEN 1 AND 4096&#xD;
            AND instr(target_root,char(0))=0),&#xD;
    state TEXT NOT NULL CHECK(typeof(state)='text' AND state IN ('Pending','InFlight','Published')),&#xD;
    attempt INTEGER NOT NULL CHECK(typeof(attempt)='integer' AND attempt BETWEEN 0 AND 2147483647),&#xD;
    ownership_version INTEGER NOT NULL&#xD;
        CHECK(typeof(ownership_version)='integer' AND ownership_version&gt;=0),&#xD;
    due_at_ms INTEGER NOT NULL CHECK(typeof(due_at_ms)='integer'),&#xD;
    owner_id TEXT NULL&#xD;
        CHECK(owner_id IS NULL OR&#xD;
            (typeof(owner_id)='text' AND length(owner_id) BETWEEN 1 AND 128&#xD;
            AND instr(owner_id,char(0))=0)),&#xD;
    published_at_ms INTEGER NULL&#xD;
        CHECK(published_at_ms IS NULL OR typeof(published_at_ms)='integer'),&#xD;
    CHECK((state='InFlight' AND owner_id IS NOT NULL) OR&#xD;
        (state&lt;&gt;'InFlight' AND owner_id IS NULL)),&#xD;
    CHECK((state='Published' AND published_at_ms IS NOT NULL) OR&#xD;
        (state&lt;&gt;'Published' AND published_at_ms IS NULL)),&#xD;
    FOREIGN KEY(operation_id,schema_version,decision_digest,correction_code)&#xD;
        REFERENCES native_registration_admission_fact&#xD;
            (operation_id,schema_version,decision_digest,correction_code)&#xD;
);&#xD;
&#xD;
CREATE INDEX ix_registration_notice_due ON registration_notice_delivery(state,due_at_ms,notice_id)&#xD;
    WHERE state IN ('Pending','InFlight');&#xD;
&#xD;
CREATE TRIGGER registration_notice_initial&#xD;
BEFORE INSERT ON registration_notice_delivery&#xD;
WHEN NEW.state&lt;&gt;'Pending' OR NEW.attempt&lt;&gt;0 OR NEW.ownership_version&lt;&gt;0&#xD;
BEGIN&#xD;
    SELECT RAISE(ABORT,'COORD_NATIVE_NOTICE_INITIAL');&#xD;
END;&#xD;
CREATE TRIGGER registration_notice_no_replace&#xD;
BEFORE INSERT ON registration_notice_delivery&#xD;
WHEN EXISTS(SELECT 1 FROM registration_notice_delivery&#xD;
    WHERE notice_id=NEW.notice_id OR operation_id=NEW.operation_id)&#xD;
BEGIN&#xD;
    SELECT RAISE(ABORT,'COORD_NATIVE_NOTICE_IMMUTABLE');&#xD;
END;&#xD;
CREATE TRIGGER registration_notice_no_delete&#xD;
BEFORE DELETE ON registration_notice_delivery BEGIN&#xD;
    SELECT RAISE(ABORT,'COORD_NATIVE_NOTICE_IMMUTABLE');&#xD;
END;&#xD;
CREATE TRIGGER registration_notice_identity&#xD;
BEFORE UPDATE OF notice_id,operation_id,schema_version,decision_digest,correction_code,&#xD;
    publication_bytes,publication_digest,target_kind,target_root&#xD;
ON registration_notice_delivery BEGIN&#xD;
    SELECT RAISE(ABORT,'COORD_NATIVE_NOTICE_IMMUTABLE');&#xD;
END;&#xD;
CREATE TRIGGER registration_notice_transition&#xD;
BEFORE UPDATE ON registration_notice_delivery&#xD;
WHEN NOT (&#xD;
    NEW.ownership_version=OLD.ownership_version+1 AND (&#xD;
        (OLD.state='Pending' AND NEW.state='InFlight'&#xD;
            AND NEW.attempt=OLD.attempt+1 AND NEW.due_at_ms=OLD.due_at_ms)&#xD;
        OR&#xD;
        (OLD.state='InFlight' AND NEW.state IN ('Pending','Published')&#xD;
            AND NEW.attempt=OLD.attempt)&#xD;
    )&#xD;
)&#xD;
BEGIN&#xD;
    SELECT RAISE(ABORT,'COORD_NATIVE_NOTICE_TRANSITION');&#xD;
END;</StdOut>
      </Output>
    </UnitTestResult>
    <UnitTestResult executionId="f7c9a518-73e1-47d3-9e1d-e3572270e960" testId="c262bdfe-8176-191d-e6eb-c9b74fe3f10a" testName="AiDe.Core.Tests.Watcher.RegistrationAdmissionTests.NativeRows_ExactLowerHexBoundary_PreservesBytes(table: &quot;native_registration_admission_fact&quot;, column: &quot;input_digest&quot;, length: 64)" computerName="TIMMALLSTRIX" duration="00:00:00.0158150" startTime="2026-09-17T06:44:20.1374814-07:00" endTime="2026-09-17T06:44:20.1532817-07:00" testType="13cdc9d9-ddb5-4fa4-a97d-d965ccfc6d4b" outcome="Passed" testListId="8c84fa94-04c1-424b-9868-57a2d4851a1d" relativeResultsDirectory="f7c9a518-73e1-47d3-9e1d-e3572270e960" />
    <UnitTestResult executionId="fc331f79-e264-4e85-a461-55ace3aa4c13" testId="f6e9ec94-a899-f57d-5381-7f293c0b4b56" testName="AiDe.Core.Tests.Watcher.RegistrationAdmissionTests.NativeRows_RequiredFieldIsNull_Rejects(table: &quot;registration_notice_delivery&quot;, column: &quot;ownership_version&quot;)" computerName="TIMMALLSTRIX" duration="00:00:00.0141049" startTime="2026-09-17T06:44:15.4238174-07:00" endTime="2026-09-17T06:44:15.4378720-07:00" testType="13cdc9d9-ddb5-4fa4-a97d-d965ccfc6d4b" outcome="Passed" testListId="8c84fa94-04c1-424b-9868-57a2d4851a1d" relativeResultsDirectory="fc331f79-e264-4e85-a461-55ace3aa4c13" />
    <UnitTestResult executionId="542705d3-614b-4a4b-8154-2510c887bfdf" testId="c786a8d8-536c-bad8-51fd-098f22b2fb91" testName="AiDe.Core.Tests.Watcher.RegistrationAdmissionTests.Notice_InvalidIdentityOrPayload_Rejects(column: &quot;target_kind&quot;, value: &quot;'canonical-ack'&quot;)" computerName="TIMMALLSTRIX" duration="00:00:00.0161816" startTime="2026-09-17T06:44:15.2387435-07:00" endTime="2026-09-17T06:44:15.2545350-07:00" testType="13cdc9d9-ddb5-4fa4-a97d-d965ccfc6d4b" outcome="Passed" testListId="8c84fa94-04c1-424b-9868-57a2d4851a1d" relativeResultsDirectory="542705d3-614b-4a4b-8154-2510c887bfdf" />
    <UnitTestResult executionId="5aa3620b-05c6-4e7a-bdbd-0e7620eb01d7" testId="2897d81e-a702-b32c-de35-c980d19f2a46" testName="AiDe.Core.Tests.Watcher.RegistrationAdmissionTests.Database_HeldSqliteHandle_FailsExclusiveOpenUntilDisposed" computerName="TIMMALLSTRIX" duration="00:00:00.0828434" startTime="2026-09-17T06:44:20.7781644-07:00" endTime="2026-09-17T06:44:20.8609589-07:00" testType="13cdc9d9-ddb5-4fa4-a97d-d965ccfc6d4b" outcome="Passed" testListId="8c84fa94-04c1-424b-9868-57a2d4851a1d" relativeResultsDirectory="5aa3620b-05c6-4e7a-bdbd-0e7620eb01d7" />
    <UnitTestResult executionId="03397925-3370-4e29-822d-80bf79b53470" testId="8620e98b-a10e-bf73-5fa1-00e0ca1d2cde" testName="AiDe.Core.Tests.Watcher.RegistrationAdmissionTests.Admission_BoundedTextNulSuffix_Rejects(column: &quot;model_version&quot;, maximum: 128)" computerName="TIMMALLSTRIX" duration="00:00:00.0137718" startTime="2026-09-17T06:44:15.6768569-07:00" endTime="2026-09-17T06:44:15.6906786-07:00" testType="13cdc9d9-ddb5-4fa4-a97d-d965ccfc6d4b" outcome="Passed" testListId="8c84fa94-04c1-424b-9868-57a2d4851a1d" relativeResultsDirectory="03397925-3370-4e29-822d-80bf79b53470" />
    <UnitTestResult executionId="5526357e-94c5-473c-943e-0b735ade9438" testId="f2916a33-b654-eba4-6810-f55458bae020" testName="AiDe.Core.Tests.Watcher.RegistrationAdmissionTests.NativeRows_RemovedRequiredColumnConstraints_SameNullAssertionFails(table: &quot;registration_notice_delivery&quot;, column: &quot;state&quot;)" computerName="TIMMALLSTRIX" duration="00:00:00.1120342" startTime="2026-09-17T06:44:19.0608714-07:00" endTime="2026-09-17T06:44:19.1729156-07:00" testType="13cdc9d9-ddb5-4fa4-a97d-d965ccfc6d4b" outcome="Passed" testListId="8c84fa94-04c1-424b-9868-57a2d4851a1d" relativeResultsDirectory="5526357e-94c5-473c-943e-0b735ade9438">
      <Output>
        <StdOut>MUTANT registration_notice_delivery.state required-column constraints:
CREATE TABLE native_registration_admission_fact (&#xD;
    operation_id TEXT NOT NULL PRIMARY KEY&#xD;
        CHECK(typeof(operation_id)='text' AND length(operation_id) BETWEEN 1 AND 128&#xD;
            AND instr(operation_id,char(0))=0),&#xD;
    schema_version INTEGER NOT NULL CHECK(typeof(schema_version)='integer' AND schema_version=1),&#xD;
    input_digest TEXT NOT NULL&#xD;
        CHECK(typeof(input_digest)='text' AND length(input_digest)=64&#xD;
            AND instr(input_digest,char(0))=0 AND length(CAST(input_digest AS BLOB))=64&#xD;
            AND input_digest NOT GLOB '*[^0-9a-f]*'),&#xD;
    context_digest TEXT NOT NULL&#xD;
        CHECK(typeof(context_digest)='text' AND length(context_digest)=64&#xD;
            AND instr(context_digest,char(0))=0 AND length(CAST(context_digest AS BLOB))=64&#xD;
            AND context_digest NOT GLOB '*[^0-9a-f]*'),&#xD;
    decision_digest TEXT NOT NULL&#xD;
        CHECK(typeof(decision_digest)='text' AND length(decision_digest)=64&#xD;
            AND instr(decision_digest,char(0))=0 AND length(CAST(decision_digest AS BLOB))=64&#xD;
            AND decision_digest NOT GLOB '*[^0-9a-f]*'),&#xD;
    session_id TEXT NOT NULL&#xD;
        CHECK(typeof(session_id)='text' AND length(session_id) BETWEEN 1 AND 512&#xD;
            AND instr(session_id,char(0))=0),&#xD;
    generation INTEGER NOT NULL&#xD;
        CHECK(typeof(generation)='integer' AND generation&gt;=1),&#xD;
    repository_sent TEXT NOT NULL&#xD;
        CHECK(typeof(repository_sent)='text' AND length(repository_sent) BETWEEN 1 AND 4096&#xD;
            AND instr(repository_sent,char(0))=0),&#xD;
    repository_used TEXT NOT NULL&#xD;
        CHECK(typeof(repository_used)='text' AND length(repository_used) BETWEEN 1 AND 4096&#xD;
            AND instr(repository_used,char(0))=0),&#xD;
    worktree_path TEXT NOT NULL&#xD;
        CHECK(typeof(worktree_path)='text' AND length(worktree_path) BETWEEN 1 AND 4096&#xD;
            AND instr(worktree_path,char(0))=0),&#xD;
    worktree_branch TEXT NOT NULL&#xD;
        CHECK(typeof(worktree_branch)='text' AND length(worktree_branch) BETWEEN 0 AND 512&#xD;
            AND instr(worktree_branch,char(0))=0),&#xD;
    terminal_id TEXT NOT NULL&#xD;
        CHECK(typeof(terminal_id)='text' AND length(terminal_id) BETWEEN 1 AND 512&#xD;
            AND instr(terminal_id,char(0))=0),&#xD;
    agent_name TEXT NOT NULL&#xD;
        CHECK(typeof(agent_name)='text' AND length(agent_name) BETWEEN 1 AND 256&#xD;
            AND instr(agent_name,char(0))=0),&#xD;
    harness_name TEXT NULL&#xD;
        CHECK(harness_name IS NULL OR&#xD;
            (typeof(harness_name)='text' AND length(harness_name) BETWEEN 1 AND 256&#xD;
            AND instr(harness_name,char(0))=0)),&#xD;
    harness_version TEXT NULL&#xD;
        CHECK(harness_version IS NULL OR&#xD;
            (typeof(harness_version)='text' AND length(harness_version) BETWEEN 1 AND 128&#xD;
            AND instr(harness_version,char(0))=0)),&#xD;
    model_name TEXT NULL&#xD;
        CHECK(model_name IS NULL OR&#xD;
            (typeof(model_name)='text' AND length(model_name) BETWEEN 1 AND 256&#xD;
            AND instr(model_name,char(0))=0)),&#xD;
    model_version TEXT NULL&#xD;
        CHECK(model_version IS NULL OR&#xD;
            (typeof(model_version)='text' AND length(model_version) BETWEEN 1 AND 128&#xD;
            AND instr(model_version,char(0))=0)),&#xD;
    trust TEXT NOT NULL CHECK(typeof(trust)='text' AND trust IN ('Asserted','Verified')),&#xD;
    correction_code TEXT NOT NULL&#xD;
        CHECK(typeof(correction_code)='text' AND correction_code IN ('NONE','LINKED_WORKTREE')),&#xD;
    recorded_at_ms INTEGER NOT NULL CHECK(typeof(recorded_at_ms)='integer'),&#xD;
    CHECK(harness_version IS NULL OR harness_name IS NOT NULL),&#xD;
    CHECK(model_version IS NULL OR model_name IS NOT NULL),&#xD;
    CHECK((correction_code='NONE' AND repository_sent=repository_used)&#xD;
        OR (correction_code='LINKED_WORKTREE' AND repository_sent&lt;&gt;repository_used)),&#xD;
    UNIQUE(session_id,generation),&#xD;
    UNIQUE(operation_id,schema_version,decision_digest,correction_code)&#xD;
);&#xD;
&#xD;
CREATE TRIGGER native_registration_admission_no_update&#xD;
BEFORE UPDATE ON native_registration_admission_fact BEGIN&#xD;
    SELECT RAISE(ABORT,'COORD_NATIVE_ADMISSION_IMMUTABLE');&#xD;
END;&#xD;
CREATE TRIGGER native_registration_admission_no_delete&#xD;
BEFORE DELETE ON native_registration_admission_fact BEGIN&#xD;
    SELECT RAISE(ABORT,'COORD_NATIVE_ADMISSION_IMMUTABLE');&#xD;
END;&#xD;
CREATE TRIGGER native_registration_admission_no_replace&#xD;
BEFORE INSERT ON native_registration_admission_fact&#xD;
WHEN EXISTS(SELECT 1 FROM native_registration_admission_fact&#xD;
    WHERE operation_id=NEW.operation_id&#xD;
        OR (session_id=NEW.session_id AND generation=NEW.generation))&#xD;
BEGIN&#xD;
    SELECT RAISE(ABORT,'COORD_NATIVE_ADMISSION_IMMUTABLE');&#xD;
END;&#xD;
&#xD;
CREATE TABLE registration_notice_delivery (&#xD;
    notice_id TEXT NOT NULL PRIMARY KEY&#xD;
        CHECK(typeof(notice_id)='text' AND length(notice_id)=32&#xD;
            AND instr(notice_id,char(0))=0 AND length(CAST(notice_id AS BLOB))=32&#xD;
            AND notice_id NOT GLOB '*[^0-9a-f]*'),&#xD;
    operation_id TEXT NOT NULL UNIQUE&#xD;
        CHECK(typeof(operation_id)='text' AND length(operation_id) BETWEEN 1 AND 128&#xD;
            AND instr(operation_id,char(0))=0),&#xD;
    schema_version INTEGER NOT NULL CHECK(typeof(schema_version)='integer' AND schema_version=1),&#xD;
    decision_digest TEXT NOT NULL&#xD;
        CHECK(typeof(decision_digest)='text' AND length(decision_digest)=64&#xD;
            AND instr(decision_digest,char(0))=0 AND length(CAST(decision_digest AS BLOB))=64&#xD;
            AND decision_digest NOT GLOB '*[^0-9a-f]*'),&#xD;
    correction_code TEXT NOT NULL CHECK(correction_code='LINKED_WORKTREE'),&#xD;
    publication_bytes BLOB NOT NULL&#xD;
        CHECK(typeof(publication_bytes)='blob' AND length(publication_bytes) BETWEEN 1 AND 65536),&#xD;
    publication_digest TEXT NOT NULL&#xD;
        CHECK(typeof(publication_digest)='text' AND length(publication_digest)=64&#xD;
            AND instr(publication_digest,char(0))=0 AND length(CAST(publication_digest AS BLOB))=64&#xD;
            AND publication_digest NOT GLOB '*[^0-9a-f]*'),&#xD;
    target_kind TEXT NOT NULL CHECK(typeof(target_kind)='text' AND target_kind='native-file'),&#xD;
    target_root TEXT NOT NULL&#xD;
        CHECK(typeof(target_root)='text' AND length(target_root) BETWEEN 1 AND 4096&#xD;
            AND instr(target_root,char(0))=0),&#xD;
    state TEXT NULL,&#xD;
    attempt INTEGER NOT NULL CHECK(typeof(attempt)='integer' AND attempt BETWEEN 0 AND 2147483647),&#xD;
    ownership_version INTEGER NOT NULL&#xD;
        CHECK(typeof(ownership_version)='integer' AND ownership_version&gt;=0),&#xD;
    due_at_ms INTEGER NOT NULL CHECK(typeof(due_at_ms)='integer'),&#xD;
    owner_id TEXT NULL&#xD;
        CHECK(owner_id IS NULL OR&#xD;
            (typeof(owner_id)='text' AND length(owner_id) BETWEEN 1 AND 128&#xD;
            AND instr(owner_id,char(0))=0)),&#xD;
    published_at_ms INTEGER NULL&#xD;
        CHECK(published_at_ms IS NULL OR typeof(published_at_ms)='integer'),&#xD;
    CHECK((state='InFlight' AND owner_id IS NOT NULL) OR&#xD;
        (state&lt;&gt;'InFlight' AND owner_id IS NULL)),&#xD;
    CHECK((state='Published' AND published_at_ms IS NOT NULL) OR&#xD;
        (state&lt;&gt;'Published' AND published_at_ms IS NULL)),&#xD;
    FOREIGN KEY(operation_id,schema_version,decision_digest,correction_code)&#xD;
        REFERENCES native_registration_admission_fact&#xD;
            (operation_id,schema_version,decision_digest,correction_code)&#xD;
);&#xD;
&#xD;
CREATE INDEX ix_registration_notice_due ON registration_notice_delivery(state,due_at_ms,notice_id)&#xD;
    WHERE state IN ('Pending','InFlight');&#xD;
&#xD;
CREATE TRIGGER registration_notice_initial&#xD;
BEFORE INSERT ON registration_notice_delivery&#xD;
WHEN NEW.state&lt;&gt;'Pending' OR NEW.attempt&lt;&gt;0 OR NEW.ownership_version&lt;&gt;0&#xD;
BEGIN&#xD;
    SELECT RAISE(ABORT,'COORD_NATIVE_NOTICE_INITIAL');&#xD;
END;&#xD;
CREATE TRIGGER registration_notice_no_replace&#xD;
BEFORE INSERT ON registration_notice_delivery&#xD;
WHEN EXISTS(SELECT 1 FROM registration_notice_delivery&#xD;
    WHERE notice_id=NEW.notice_id OR operation_id=NEW.operation_id)&#xD;
BEGIN&#xD;
    SELECT RAISE(ABORT,'COORD_NATIVE_NOTICE_IMMUTABLE');&#xD;
END;&#xD;
CREATE TRIGGER registration_notice_no_delete&#xD;
BEFORE DELETE ON registration_notice_delivery BEGIN&#xD;
    SELECT RAISE(ABORT,'COORD_NATIVE_NOTICE_IMMUTABLE');&#xD;
END;&#xD;
CREATE TRIGGER registration_notice_identity&#xD;
BEFORE UPDATE OF notice_id,operation_id,schema_version,decision_digest,correction_code,&#xD;
    publication_bytes,publication_digest,target_kind,target_root&#xD;
ON registration_notice_delivery BEGIN&#xD;
    SELECT RAISE(ABORT,'COORD_NATIVE_NOTICE_IMMUTABLE');&#xD;
END;&#xD;
CREATE TRIGGER registration_notice_transition&#xD;
BEFORE UPDATE ON registration_notice_delivery&#xD;
WHEN NOT (&#xD;
    NEW.ownership_version=OLD.ownership_version+1 AND (&#xD;
        (OLD.state='Pending' AND NEW.state='InFlight'&#xD;
            AND NEW.attempt=OLD.attempt+1 AND NEW.due_at_ms=OLD.due_at_ms)&#xD;
        OR&#xD;
        (OLD.state='InFlight' AND NEW.state IN ('Pending','Published')&#xD;
            AND NEW.attempt=OLD.attempt)&#xD;
    )&#xD;
)&#xD;
BEGIN&#xD;
    SELECT RAISE(ABORT,'COORD_NATIVE_NOTICE_TRANSITION');&#xD;
END;</StdOut>
      </Output>
    </UnitTestResult>
    <UnitTestResult executionId="1bb19fc5-4a2a-48b0-a093-b123f1ddb440" testId="6a4e5c57-61cd-a656-885f-d5ab369495ab" testName="AiDe.Core.Tests.Watcher.RegistrationAdmissionTests.Admission_BoundedTextNulSuffix_Rejects(column: &quot;harness_version&quot;, maximum: 128)" computerName="TIMMALLSTRIX" duration="00:00:00.0140760" startTime="2026-09-17T06:44:15.7729523-07:00" endTime="2026-09-17T06:44:15.7869960-07:00" testType="13cdc9d9-ddb5-4fa4-a97d-d965ccfc6d4b" outcome="Passed" testListId="8c84fa94-04c1-424b-9868-57a2d4851a1d" relativeResultsDirectory="1bb19fc5-4a2a-48b0-a093-b123f1ddb440" />
    <UnitTestResult executionId="f8092528-96ec-4618-8f11-c28ff3439440" testId="46115c76-1711-c631-1bad-c18a96c6d794" testName="AiDe.Core.Tests.Watcher.RegistrationAdmissionTests.Notice_IntegerDueAtInsert_PreservesValue(value: 0)" computerName="TIMMALLSTRIX" duration="00:00:00.0145309" startTime="2026-09-17T06:44:19.5355559-07:00" endTime="2026-09-17T06:44:19.5501084-07:00" testType="13cdc9d9-ddb5-4fa4-a97d-d965ccfc6d4b" outcome="Passed" testListId="8c84fa94-04c1-424b-9868-57a2d4851a1d" relativeResultsDirectory="f8092528-96ec-4618-8f11-c28ff3439440" />
    <UnitTestResult executionId="be123df8-d127-4423-b86e-f121d3d41dbb" testId="9fd7f928-b515-f313-fb77-1ca983f70880" testName="AiDe.Core.Tests.Watcher.RegistrationAdmissionTests.NativeRows_RequiredFieldIsNull_Rejects(table: &quot;native_registration_admission_fact&quot;, column: &quot;schema_version&quot;)" computerName="TIMMALLSTRIX" duration="00:00:00.0117196" startTime="2026-09-17T06:44:15.3091869-07:00" endTime="2026-09-17T06:44:15.3208962-07:00" testType="13cdc9d9-ddb5-4fa4-a97d-d965ccfc6d4b" outcome="Passed" testListId="8c84fa94-04c1-424b-9868-57a2d4851a1d" relativeResultsDirectory="be123df8-d127-4423-b86e-f121d3d41dbb" />
    <UnitTestResult executionId="fa5a4f21-a017-4231-a2a4-c5f1f74285f4" testId="df4795b1-3076-c369-f4ca-624f0c270429" testName="AiDe.Core.Tests.Watcher.RegistrationAdmissionTests.Notice_IntegerDueAtInsert_PreservesValue(value: 9223372036854775807)" computerName="TIMMALLSTRIX" duration="00:00:00.0156038" startTime="2026-09-17T06:44:19.5041633-07:00" endTime="2026-09-17T06:44:19.5197786-07:00" testType="13cdc9d9-ddb5-4fa4-a97d-d965ccfc6d4b" outcome="Passed" testListId="8c84fa94-04c1-424b-9868-57a2d4851a1d" relativeResultsDirectory="fa5a4f21-a017-4231-a2a4-c5f1f74285f4" />
    <UnitTestResult executionId="499def82-6bbd-4c40-8e6f-daf88b056daf" testId="18aebf58-3ba7-5902-c4ce-43e109e09c51" testName="AiDe.Core.Tests.Watcher.RegistrationAdmissionTests.NativeRows_RemovedRequiredColumnConstraints_SameNullAssertionFails(table: &quot;registration_notice_delivery&quot;, column: &quot;due_at_ms&quot;)" computerName="TIMMALLSTRIX" duration="00:00:00.1109294" startTime="2026-09-17T06:44:17.0443433-07:00" endTime="2026-09-17T06:44:17.1519804-07:00" testType="13cdc9d9-ddb5-4fa4-a97d-d965ccfc6d4b" outcome="Passed" testListId="8c84fa94-04c1-424b-9868-57a2d4851a1d" relativeResultsDirectory="499def82-6bbd-4c40-8e6f-daf88b056daf">
      <Output>
        <StdOut>MUTANT registration_notice_delivery.due_at_ms required-column constraints:
CREATE TABLE native_registration_admission_fact (&#xD;
    operation_id TEXT NOT NULL PRIMARY KEY&#xD;
        CHECK(typeof(operation_id)='text' AND length(operation_id) BETWEEN 1 AND 128&#xD;
            AND instr(operation_id,char(0))=0),&#xD;
    schema_version INTEGER NOT NULL CHECK(typeof(schema_version)='integer' AND schema_version=1),&#xD;
    input_digest TEXT NOT NULL&#xD;
        CHECK(typeof(input_digest)='text' AND length(input_digest)=64&#xD;
            AND instr(input_digest,char(0))=0 AND length(CAST(input_digest AS BLOB))=64&#xD;
            AND input_digest NOT GLOB '*[^0-9a-f]*'),&#xD;
    context_digest TEXT NOT NULL&#xD;
        CHECK(typeof(context_digest)='text' AND length(context_digest)=64&#xD;
            AND instr(context_digest,char(0))=0 AND length(CAST(context_digest AS BLOB))=64&#xD;
            AND context_digest NOT GLOB '*[^0-9a-f]*'),&#xD;
    decision_digest TEXT NOT NULL&#xD;
        CHECK(typeof(decision_digest)='text' AND length(decision_digest)=64&#xD;
            AND instr(decision_digest,char(0))=0 AND length(CAST(decision_digest AS BLOB))=64&#xD;
            AND decision_digest NOT GLOB '*[^0-9a-f]*'),&#xD;
    session_id TEXT NOT NULL&#xD;
        CHECK(typeof(session_id)='text' AND length(session_id) BETWEEN 1 AND 512&#xD;
            AND instr(session_id,char(0))=0),&#xD;
    generation INTEGER NOT NULL&#xD;
        CHECK(typeof(generation)='integer' AND generation&gt;=1),&#xD;
    repository_sent TEXT NOT NULL&#xD;
        CHECK(typeof(repository_sent)='text' AND length(repository_sent) BETWEEN 1 AND 4096&#xD;
            AND instr(repository_sent,char(0))=0),&#xD;
    repository_used TEXT NOT NULL&#xD;
        CHECK(typeof(repository_used)='text' AND length(repository_used) BETWEEN 1 AND 4096&#xD;
            AND instr(repository_used,char(0))=0),&#xD;
    worktree_path TEXT NOT NULL&#xD;
        CHECK(typeof(worktree_path)='text' AND length(worktree_path) BETWEEN 1 AND 4096&#xD;
            AND instr(worktree_path,char(0))=0),&#xD;
    worktree_branch TEXT NOT NULL&#xD;
        CHECK(typeof(worktree_branch)='text' AND length(worktree_branch) BETWEEN 0 AND 512&#xD;
            AND instr(worktree_branch,char(0))=0),&#xD;
    terminal_id TEXT NOT NULL&#xD;
        CHECK(typeof(terminal_id)='text' AND length(terminal_id) BETWEEN 1 AND 512&#xD;
            AND instr(terminal_id,char(0))=0),&#xD;
    agent_name TEXT NOT NULL&#xD;
        CHECK(typeof(agent_name)='text' AND length(agent_name) BETWEEN 1 AND 256&#xD;
            AND instr(agent_name,char(0))=0),&#xD;
    harness_name TEXT NULL&#xD;
        CHECK(harness_name IS NULL OR&#xD;
            (typeof(harness_name)='text' AND length(harness_name) BETWEEN 1 AND 256&#xD;
            AND instr(harness_name,char(0))=0)),&#xD;
    harness_version TEXT NULL&#xD;
        CHECK(harness_version IS NULL OR&#xD;
            (typeof(harness_version)='text' AND length(harness_version) BETWEEN 1 AND 128&#xD;
            AND instr(harness_version,char(0))=0)),&#xD;
    model_name TEXT NULL&#xD;
        CHECK(model_name IS NULL OR&#xD;
            (typeof(model_name)='text' AND length(model_name) BETWEEN 1 AND 256&#xD;
            AND instr(model_name,char(0))=0)),&#xD;
    model_version TEXT NULL&#xD;
        CHECK(model_version IS NULL OR&#xD;
            (typeof(model_version)='text' AND length(model_version) BETWEEN 1 AND 128&#xD;
            AND instr(model_version,char(0))=0)),&#xD;
[...]
sionId\u0022:\u0022notice-second-53\u0022,\u0022generation\u0022:1,\u0022heartbeat\u0022:1000000,\u0022ended\u0022:false},{\u0022SessionId\u0022:\u0022notice-second-54\u0022,\u0022generation\u0022:1,\u0022heartbeat\u0022:1000000,\u0022ended\u0022:false},{\u0022SessionId\u0022:\u0022notice-second-55\u0022,\u0022generation\u0022:1,\u0022heartbeat\u0022:1000000,\u0022ended\u0022:false},{\u0022SessionId\u0022:\u0022notice-second-56\u0022,\u0022generation\u0022:1,\u0022heartbeat\u0022:1000000,\u0022ended\u0022:false},{\u0022SessionId\u0022:\u0022notice-second-57\u0022,\u0022generation\u0022:1,\u0022heartbeat\u0022:1000000,\u0022ended\u0022:false},{\u0022SessionId\u0022:\u0022notice-second-58\u0022,\u0022generation\u0022:1,\u0022heartbeat\u0022:1000000,\u0022ended\u0022:false},{\u0022SessionId\u0022:\u0022notice-second-59\u0022,\u0022generation\u0022:1,\u0022heartbeat\u0022:1000000,\u0022ended\u0022:false},{\u0022SessionId\u0022:\u0022notice-second-6\u0022,\u0022generation\u0022:1,\u0022heartbeat\u0022:1000000,\u0022ended\u0022:false},{\u0022SessionId\u0022:\u0022notice-second-60\u0022,\u0022generation\u0022:1,\u0022heartbeat\u0022:1000000,\u0022ended\u0022:false},{\u0022SessionId\u0022:\u0022notice-second-61\u0022,\u0022generation\u0022:1,\u0022heartbeat\u0022:1000000,\u0022ended\u0022:false},{\u0022SessionId\u0022:\u0022notice-second-62\u0022,\u0022generation\u0022:1,\u0022heartbeat\u0022:1000000,\u0022ended\u0022:false},{\u0022SessionId\u0022:\u0022notice-second-63\u0022,\u0022generation\u0022:1,\u0022heartbeat\u0022:1000000,\u0022ended\u0022:false},{\u0022SessionId\u0022:\u0022notice-second-64\u0022,\u0022generation\u0022:1,\u0022heartbeat\u0022:1000000,\u0022ended\u0022:false},{\u0022SessionId\u0022:\u0022notice-second-7\u0022,\u0022generation\u0022:1,\u0022heartbeat\u0022:1000000,\u0022ended\u0022:false},{\u0022SessionId\u0022:\u0022notice-second-8\u0022,\u0022generation\u0022:1,\u0022heartbeat\u0022:1000000,\u0022ended\u0022:false},{\u0022SessionId\u0022:\u0022notice-second-9\u0022,\u0022generation\u0022:1,\u0022heartbeat\u0022:1000000,\u0022ended\u0022:false}]}","after":"{\u0022sessionRows\u0022:129,\u0022firstCapabilities\u0022:64,\u0022secondCapabilities\u0022:65,\u0022sessions\u0022:[{\u0022SessionId\u0022:\u0022notice-first-1\u0022,\u0022generation\u0022:1,\u0022heartbeat\u0022:1000000,\u0022ended\u0022:false},{\u0022SessionId\u0022:\u0022notice-first-10\u0022,\u0022generation\u0022:1,\u0022heartbeat\u0022:1000000,\u0022ended\u0022:false},{\u0022SessionId\u0022:\u0022notice-first-11\u0022,\u0022generation\u0022:1,\u0022heartbeat\u0022:1000000,\u0022ended\u0022:false},{\u0022SessionId\u0022:\u0022notice-first-12\u0022,\u0022generation\u0022:1,\u0022heartbeat\u0022:1000000,\u0022ended\u0022:false},{\u0022SessionId\u0022:\u0022notice-first-13\u0022,\u0022generation\u0022:1,\u0022heartbeat\u0022:1000000,\u0022ended\u0022:false},{\u0022SessionId\u0022:\u0022notice-first-14\u0022,\u0022generation\u0022:1,\u0022heartbeat\u0022:1000000,\u0022ended\u0022:false},{\u0022SessionId\u0022:\u0022notice-first-15\u0022,\u0022generation\u0022:1,\u0022heartbeat\u0022:1000000,\u0022ended\u0022:false},{\u0022SessionId\u0022:\u0022notice-first-16\u0022,\u0022generation\u0022:1,\u0022heartbeat\u0022:1000000,\u0022ended\u0022:false},{\u0022SessionId\u0022:\u0022notice-first-17\u0022,\u0022generation\u0022:1,\u0022heartbeat\u0022:1000000,\u0022ended\u0022:false},{\u0022SessionId\u0022:\u0022notice-first-18\u0022,\u0022generation\u0022:1,\u0022heartbeat\u0022:1000000,\u0022ended\u0022:false},{\u0022SessionId\u0022:\u0022notice-first-19\u0022,\u0022generation\u0022:1,\u0022heartbeat\u0022:1000000,\u0022ended\u0022:false},{\u0022SessionId\u0022:\u0022notice-first-2\u0022,\u0022generation\u0022:1,\u0022heartbeat\u0022:1000000,\u0022ended\u0022:false},{\u0022SessionId\u0022:\u0022notice-first-20\u0022,\u0022generation\u0022:1,\u0022heartbeat\u0022:1000000,\u0022ended\u0022:false},{\u0022SessionId\u0022:\u0022notice-first-21\u0022,\u0022generation\u0022:1,\u0022heartbeat\u0022:1000000,\u0022ended\u0022:false},{\u0022SessionId\u0022:\u0022notice-first-22\u0022,\u0022generation\u0022:1,\u0022heartbeat\u0022:1000000,\u0022ended\u0022:false},{\u0022SessionId\u0022:\u0022notice-first-23\u0022,\u0022generation\u0022:1,\u0022heartbeat\u0022:1000000,\u0022ended\u0022:false},{\u0022SessionId\u0022:\u0022notice-first-24\u0022,\u0022generation\u0022:1,\u0022heartbeat\u0022:1000000,\u0022ended\u0022:false},{\u0022SessionId\u0022:\u0022notice-first-25\u0022,\u0022generation\u0022:1,\u0022heartbeat\u0022:1000000,\u0022ended\u0022:false},{\u0022SessionId\u0022:\u0022notice-first-26\u0022,\u0022generation\u0022:1,\u0022heartbeat\u0022:1000000,\u0022ended\u0022:false},{\u0022SessionId\u0022:\u0022notice-first-27\u0022,\u0022generation\u0022:1,\u0022heartbeat\u0022:1000000,\u0022ended\u0022:false},{\u0022SessionId\u0022:\u0022notice-first-28\u0022,\u0022generation\u0022:1,\u0022heartbeat\u0022:1000000,\u0022ended\u0022:false},{\u0022SessionId\u0022:\u0022notice-first-29\u0022,\u0022generation\u0022:1,\u0022heartbeat\u0022:1000000,\u0022ended\u0022:false},{\u0022SessionId\u0022:\u0022notice-first-3\u0022,\u0022generation\u0022:1,\u0022heartbeat\u0022:1000000,\u0022ended\u0022:false},{\u0022SessionId\u0022:\u0022notice-first-30\u0022,\u0022generation\u0022:1,\u0022heartbeat\u0022:1000000,\u0022ended\u0022:false},{\u0022SessionId\u0022:\u0022notice-first-31\u0022,\u0022generation\u0022:1,\u0022heartbeat\u0022:1000000,\u0022ended\u0022:false},{\u0022SessionId\u0022:\u0022notice-first-32\u0022,\u0022generation\u0022:1,\u0022heartbeat\u0022:1000000,\u0022ended\u0022:false},{\u0022SessionId\u0022:\u0022notice-first-33\u0022,\u0022generation\u0022:1,\u0022heartbeat\u0022:1000000,\u0022ended\u0022:false},{\u0022SessionId\u0022:\u0022notice-first-34\u0022,\u0022generation\u0022:1,\u0022heartbeat\u0022:1000000,\u0022ended\u0022:false},{\u0022SessionId\u0022:\u0022notice-first-35\u0022,\u0022generation\u0022:1,\u0022heartbeat\u0022:1000000,\u0022ended\u0022:false},{\u0022SessionId\u0022:\u0022notice-first-36\u0022,\u0022generation\u0022:1,\u0022heartbeat\u0022:1000000,\u0022ended\u0022:false},{\u0022SessionId\u0022:\u0022notice-first-37\u0022,\u0022generation\u0022:1,\u0022heartbeat\u0022:1000000,\u0022ended\u0022:false},{\u0022SessionId\u0022:\u0022notice-first-38\u0022,\u0022generation\u0022:1,\u0022heartbeat\u0022:1000000,\u0022ended\u0022:false},{\u0022SessionId\u0022:\u0022notice-first-39\u0022,\u0022generation\u0022:1,\u0022heartbeat\u0022:1000000,\u0022ended\u0022:false},{\u0022SessionId\u0022:\u0022notice-first-4\u0022,\u0022generation\u0022:1,\u0022heartbeat\u0022:1000000,\u0022ended\u0022:false},{\u0022SessionId\u0022:\u0022notice-first-40\u0022,\u0022generation\u0022:1,\u0022heartbeat\u0022:1000000,\u0022ended\u0022:false},{\u0022SessionId\u0022:\u0022notice-first-41\u0022,\u0022generation\u0022:1,\u0022heartbeat\u0022:1000000,\u0022ended\u0022:false},{\u0022SessionId\u0022:\u0022notice-first-42\u0022,\u0022generation\u0022:1,\u0022heartbeat\u0022:1000000,\u0022ended\u0022:false},{\u0022SessionId\u0022:\u0022notice-first-43\u0022,\u0022generation\u0022:1,\u0022heartbeat\u0022:1000000,\u0022ended\u0022:false},{\u0022SessionId\u0022:\u0022notice-first-44\u0022,\u0022generation\u0022:1,\u0022heartbeat\u0022:1000000,\u0022ended\u0022:false},{\u0022SessionId\u0022:\u0022notice-first-45\u0022,\u0022generation\u0022:1,\u0022heartbeat\u0022:1000000,\u0022ended\u0022:false},{\u0022SessionId\u0022:\u0022notice-first-46\u0022,\u0022generation\u0022:1,\u0022heartbeat\u0022:1000000,\u0022ended\u0022:false},{\u0022SessionId\u0022:\u0022notice-first-47\u0022,\u0022generation\u0022:1,\u0022heartbeat\u0022:1000000,\u0022ended\u0022:false},{\u0022SessionId\u0022:\u0022notice-first-48\u0022,\u0022generation\u0022:1,\u0022heartbeat\u0022:1000000,\u0022ended\u0022:false},{\u0022SessionId\u0022:\u0022notice-first-49\u0022,\u0022generation\u0022:1,\u0022heartbeat\u0022:1000000,\u0022ended\u0022:false},{\u0022SessionId\u0022:\u0022notice-first-5\u0022,\u0022generation\u0022:1,\u0022heartbeat\u0022:1000000,\u0022ended\u0022:false},{\u0022SessionId\u0022:\u0022notice-first-50\u0022,\u0022generation\u0022:1,\u0022heartbeat\u0022:1000000,\u0022ended\u0022:false},{\u0022SessionId\u0022:\u0022notice-first-51\u0022,\u0022generation\u0022:1,\u0022heartbeat\u0022:1000000,\u0022ended\u0022:false},{\u0022SessionId\u0022:\u0022notice-first-52\u0022,\u0022generation\u0022:1,\u0022heartbeat\u0022:1000000,\u0022ended\u0022:false},{\u0022SessionId\u0022:\u0022notice-first-53\u0022,\u0022generation\u0022:1,\u0022heartbeat\u0022:1000000,\u0022ended\u0022:false},{\u0022SessionId\u0022:\u0022notice-first-54\u0022,\u0022generation\u0022:1,\u0022heartbeat\u0022:1000000,\u0022ended\u0022:false},{\u0022SessionId\u0022:\u0022notice-first-55\u0022,\u0022generation\u0022:1,\u0022heartbeat\u0022:1000000,\u0022ended\u0022:false},{\u0022SessionId\u0022:\u0022notice-first-56\u0022,\u0022generation\u0022:1,\u0022heartbeat\u0022:1000000,\u0022ended\u0022:false},{\u0022SessionId\u0022:\u0022notice-first-57\u0022,\u0022generation\u0022:1,\u0022heartbeat\u0022:1000000,\u0022ended\u0022:false},{\u0022SessionId\u0022:\u0022notice-first-58\u0022,\u0022generation\u0022:1,\u0022heartbeat\u0022:1000000,\u0022ended\u0022:false},{\u0022SessionId\u0022:\u0022notice-first-59\u0022,\u0022generation\u0022:1,\u0022heartbeat\u0022:1000000,\u0022ended\u0022:false},{\u0022SessionId\u0022:\u0022notice-first-6\u0022,\u0022generation\u0022:1,\u0022heartbeat\u0022:1000000,\u0022ended\u0022:false},{\u0022SessionId\u0022:\u0022notice-first-60\u0022,\u0022generation\u0022:1,\u0022heartbeat\u0022:1000000,\u0022ended\u0022:false},{\u0022SessionId\u0022:\u0022notice-first-61\u0022,\u0022generation\u0022:1,\u0022heartbeat\u0022:1000000,\u0022ended\u0022:false},{\u0022SessionId\u0022:\u0022notice-first-62\u0022,\u0022generation\u0022:1,\u0022heartbeat\u0022:1000000,\u0022ended\u0022:false},{\u0022SessionId\u0022:\u0022notice-first-63\u0022,\u0022generation\u0022:1,\u0022heartbeat\u0022:1000000,\u0022ended\u0022:false},{\u0022SessionId\u0022:\u0022notice-first-64\u0022,\u0022generation\u0022:1,\u0022heartbeat\u0022:1000000,\u0022ended\u0022:false},{\u0022SessionId\u0022:\u0022notice-first-7\u0022,\u0022generation\u0022:1,\u0022heartbeat\u0022:1000000,\u0022ended\u0022:false},{\u0022SessionId\u0022:\u0022notice-first-8\u0022,\u0022generation\u0022:1,\u0022heartbeat\u0022:1000000,\u0022ended\u0022:false},{\u0022SessionId\u0022:\u0022notice-first-9\u0022,\u0022generation\u0022:1,\u0022heartbeat\u0022:1000000,\u0022ended\u0022:false},{\u0022SessionId\u0022:\u0022notice-second-1\u0022,\u0022generation\u0022:1,\u0022heartbeat\u0022:1000000,\u0022ended\u0022:false},{\u0022SessionId\u0022:\u0022notice-second-10\u0022,\u0022generation\u0022:1,\u0022heartbeat\u0022:1000000,\u0022ended\u0022:false},{\u0022SessionId\u0022:\u0022notice-second-11\u0022,\u0022generation\u0022:1,\u0022heartbeat\u0022:1000000,\u0022ended\u0022:false},{\u0022SessionId\u0022:\u0022notice-second-12\u0022,\u0022generation\u0022:1,\u0022heartbeat\u0022:1000000,\u0022ended\u0022:false},{\u0022SessionId\u0022:\u0022notice-second-13\u0022,\u0022generation\u0022:1,\u0022heartbeat\u0022:1000000,\u0022ended\u0022:false},{\u0022SessionId\u0022:\u0022notice-second-14\u0022,\u0022generation\u0022:1,\u0022heartbeat\u0022:1000000,\u0022ended\u0022:false},{\u0022SessionId\u0022:\u0022notice-second-15\u0022,\u0022generation\u0022:1,\u0022heartbeat\u0022:1000000,\u0022ended\u0022:false},{\u0022SessionId\u0022:\u0022notice-second-16\u0022,\u0022generation\u0022:1,\u0022heartbeat\u0022:1000000,\u0022ended\u0022:false},{\u0022SessionId\u0022:\u0022notice-second-17\u0022,\u0022generation\u0022:1,\u0022heartbeat\u0022:1000000,\u0022ended\u0022:false},{\u0022SessionId\u0022:\u0022notice-second-18\u0022,\u0022generation\u0022:1,\u0022heartbeat\u0022:1000000,\u0022ended\u0022:false},{\u0022SessionId\u0022:\u0022notice-second-19\u0022,\u0022generation\u0022:1,\u0022heartbeat\u0022:1000000,\u0022ended\u0022:false},{\u0022SessionId\u0022:\u0022notice-second-2\u0022,\u0022generation\u0022:1,\u0022heartbeat\u0022:1000000,\u0022ended\u0022:false},{\u0022SessionId\u0022:\u0022notice-second-20\u0022,\u0022generation\u0022:1,\u0022heartbeat\u0022:1000000,\u0022ended\u0022:false},{\u0022SessionId\u0022:\u0022notice-second-21\u0022,\u0022generation\u0022:1,\u0022heartbeat\u0022:1000000,\u0022ended\u0022:false},{\u0022SessionId\u0022:\u0022notice-second-22\u0022,\u0022generation\u0022:1,\u0022heartbeat\u0022:1000000,\u0022ended\u0022:false},{\u0022SessionId\u0022:\u0022notice-second-23\u0022,\u0022generation\u0022:1,\u0022heartbeat\u0022:1000000,\u0022ended\u0022:false},{\u0022SessionId\u0022:\u0022notice-second-24\u0022,\u0022generation\u0022:1,\u0022heartbeat\u0022:1000000,\u0022ended\u0022:false},{\u0022SessionId\u0022:\u0022notice-second-25\u0022,\u0022generation\u0022:1,\u0022heartbeat\u0022:1000000,\u0022ended\u0022:false},{\u0022SessionId\u0022:\u0022notice-second-26\u0022,\u0022generation\u0022:1,\u0022heartbeat\u0022:1000000,\u0022ended\u0022:false},{\u0022SessionId\u0022:\u0022notice-second-27\u0022,\u0022generation\u0022:1,\u0022heartbeat\u0022:1000000,\u0022ended\u0022:false},{\u0022SessionId\u0022:\u0022notice-second-28\u0022,\u0022generation\u0022:1,\u0022heartbeat\u0022:1000000,\u0022ended\u0022:false},{\u0022SessionId\u0022:\u0022notice-second-29\u0022,\u0022generation\u0022:1,\u0022heartbeat\u0022:1000000,\u0022ended\u0022:false},{\u0022SessionId\u0022:\u0022notice-second-3\u0022,\u0022generation\u0022:1,\u0022heartbeat\u0022:1000000,\u0022ended\u0022:false},{\u0022SessionId\u0022:\u0022notice-second-30\u0022,\u0022generation\u0022:1,\u0022heartbeat\u0022:1000000,\u0022ended\u0022:false},{\u0022SessionId\u0022:\u0022notice-second-31\u0022,\u0022generation\u0022:1,\u0022heartbeat\u0022:1000000,\u0022ended\u0022:false},{\u0022SessionId\u0022:\u0022notice-second-32\u0022,\u0022generation\u0022:1,\u0022heartbeat\u0022:1000000,\u0022ended\u0022:false},{\u0022SessionId\u0022:\u0022notice-second-33\u0022,\u0022generation\u0022:1,\u0022heartbeat\u0022:1000000,\u0022ended\u0022:false},{\u0022SessionId\u0022:\u0022notice-second-34\u0022,\u0022generation\u0022:1,\u0022heartbeat\u0022:1000000,\u0022ended\u0022:false},{\u0022SessionId\u0022:\u0022notice-second-35\u0022,\u0022generation\u0022:1,\u0022heartbeat\u0022:1000000,\u0022ended\u0022:false},{\u0022SessionId\u0022:\u0022notice-second-36\u0022,\u0022generation\u0022:1,\u0022heartbeat\u0022:1000000,\u0022ended\u0022:false},{\u0022SessionId\u0022:\u0022notice-second-37\u0022,\u0022generation\u0022:1,\u0022heartbeat\u0022:1000000,\u0022ended\u0022:false},{\u0022SessionId\u0022:\u0022notice-second-38\u0022,\u0022generation\u0022:1,\u0022heartbeat\u0022:1000000,\u0022ended\u0022:false},{\u0022SessionId\u0022:\u0022notice-second-39\u0022,\u0022generation\u0022:1,\u0022heartbeat\u0022:1000000,\u0022ended\u0022:false},{\u0022SessionId\u0022:\u0022notice-second-4\u0022,\u0022generation\u0022:1,\u0022heartbeat\u0022:1000000,\u0022ended\u0022:false},{\u0022SessionId\u0022:\u0022notice-second-40\u0022,\u0022generation\u0022:1,\u0022heartbeat\u0022:1000000,\u0022ended\u0022:false},{\u0022SessionId\u0022:\u0022notice-second-41\u0022,\u0022generation\u0022:1,\u0022heartbeat\u0022:1000000,\u0022ended\u0022:false},{\u0022SessionId\u0022:\u0022notice-second-42\u0022,\u0022generation\u0022:1,\u0022heartbeat\u0022:1000000,\u0022ended\u0022:false},{\u0022SessionId\u0022:\u0022notice-second-43\u0022,\u0022generation\u0022:1,\u0022heartbeat\u0022:1000000,\u0022ended\u0022:false},{\u0022SessionId\u0022:\u0022notice-second-44\u0022,\u0022generation\u0022:1,\u0022heartbeat\u0022:1000000,\u0022ended\u0022:false},{\u0022SessionId\u0022:\u0022notice-second-45\u0022,\u0022generation\u0022:1,\u0022heartbeat\u0022:1000000,\u0022ended\u0022:false},{\u0022SessionId\u0022:\u0022notice-second-46\u0022,\u0022generation\u0022:1,\u0022heartbeat\u0022:1000000,\u0022ended\u0022:false},{\u0022SessionId\u0022:\u0022notice-second-47\u0022,\u0022generation\u0022:1,\u0022heartbeat\u0022:1000000,\u0022ended\u0022:false},{\u0022SessionId\u0022:\u0022notice-second-48\u0022,\u0022generation\u0022:1,\u0022heartbeat\u0022:1000000,\u0022ended\u0022:false},{\u0022SessionId\u0022:\u0022notice-second-49\u0022,\u0022generation\u0022:1,\u0022heartbeat\u0022:1000000,\u0022ended\u0022:false},{\u0022SessionId\u0022:\u0022notice-second-5\u0022,\u0022generation\u0022:1,\u0022heartbeat\u0022:1000000,\u0022ended\u0022:false},{\u0022SessionId\u0022:\u0022notice-second-50\u0022,\u0022generation\u0022:1,\u0022heartbeat\u0022:1000000,\u0022ended\u0022:false},{\u0022SessionId\u0022:\u0022notice-second-51\u0022,\u0022generation\u0022:1,\u0022heartbeat\u0022:1000000,\u0022ended\u0022:false},{\u0022SessionId\u0022:\u0022notice-second-52\u0022,\u0022generation\u0022:1,\u0022heartbeat\u0022:1000000,\u0022ended\u0022:false},{\u0022SessionId\u0022:\u0022notice-second-53\u0022,\u0022generation\u0022:1,\u0022heartbeat\u0022:1000000,\u0022ended\u0022:false},{\u0022SessionId\u0022:\u0022notice-second-54\u0022,\u0022generation\u0022:1,\u0022heartbeat\u0022:1000000,\u0022ended\u0022:false},{\u0022SessionId\u0022:\u0022notice-second-55\u0022,\u0022generation\u0022:1,\u0022heartbeat\u0022:1000000,\u0022ended\u0022:false},{\u0022SessionId\u0022:\u0022notice-second-56\u0022,\u0022generation\u0022:1,\u0022heartbeat\u0022:1000000,\u0022ended\u0022:false},{\u0022SessionId\u0022:\u0022notice-second-57\u0022,\u0022generation\u0022:1,\u0022heartbeat\u0022:1000000,\u0022ended\u0022:false},{\u0022SessionId\u0022:\u0022notice-second-58\u0022,\u0022generation\u0022:1,\u0022heartbeat\u0022:1000000,\u0022ended\u0022:false},{\u0022SessionId\u0022:\u0022notice-second-59\u0022,\u0022generation\u0022:1,\u0022heartbeat\u0022:1000000,\u0022ended\u0022:false},{\u0022SessionId\u0022:\u0022notice-second-6\u0022,\u0022generation\u0022:1,\u0022heartbeat\u0022:1000000,\u0022ended\u0022:false},{\u0022SessionId\u0022:\u0022notice-second-60\u0022,\u0022generation\u0022:1,\u0022heartbeat\u0022:1000000,\u0022ended\u0022:false},{\u0022SessionId\u0022:\u0022notice-second-61\u0022,\u0022generation\u0022:1,\u0022heartbeat\u0022:1000000,\u0022ended\u0022:false},{\u0022SessionId\u0022:\u0022notice-second-62\u0022,\u0022generation\u0022:1,\u0022heartbeat\u0022:1000000,\u0022ended\u0022:false},{\u0022SessionId\u0022:\u0022notice-second-63\u0022,\u0022generation\u0022:1,\u0022heartbeat\u0022:1000000,\u0022ended\u0022:false},{\u0022SessionId\u0022:\u0022notice-second-64\u0022,\u0022generation\u0022:1,\u0022heartbeat\u0022:1000000,\u0022ended\u0022:false},{\u0022SessionId\u0022:\u0022notice-second-65\u0022,\u0022generation\u0022:1,\u0022heartbeat\u0022:1031000,\u0022ended\u0022:false},{\u0022SessionId\u0022:\u0022notice-second-7\u0022,\u0022generation\u0022:1,\u0022heartbeat\u0022:1000000,\u0022ended\u0022:false},{\u0022SessionId\u0022:\u0022notice-second-8\u0022,\u0022generation\u0022:1,\u0022heartbeat\u0022:1000000,\u0022ended\u0022:false},{\u0022SessionId\u0022:\u0022notice-second-9\u0022,\u0022generation\u0022:1,\u0022heartbeat\u0022:1000000,\u0022ended\u0022:false}]}","outstanding":129,"admitted":true,"refusal":null}&#xD;
[xUnit.net 00:00:06.83]   Finished:    AiDe.Core.Tests&#xD;
</StdOut>
    </Output>
    <RunInfos>
      <RunInfo computerName="TIMMALLSTRIX" outcome="Error" timestamp="2026-09-17T06:44:21.0806592-07:00">
        <Text>[xUnit.net 00:00:06.67]     AiDe.Core.Tests.Watcher.RegistrationNoticeReliabilityTests.DrainRegistrationNotices_PublicationFails_RetryRetainsOriginalCorrection [FAIL]</Text>
      </RunInfo>
      <RunInfo computerName="TIMMALLSTRIX" outcome="Error" timestamp="2026-09-17T06:44:21.2409406-07:00">
        <Text>[xUnit.net 00:00:06.83]     AiDe.Core.Tests.Watcher.RegistrationNoticeReliabilityTests.Register_TwoHostsHave128OutstandingCorrections_RefusesBeforeNativeMutation [FAIL]</Text>
      </RunInfo>
    </RunInfos>
  </ResultSummary>
</TestRun>