<?xml version="1.0" encoding="utf-8"?>
<TestRun id="cc781054-59cc-46de-8948-fb24321dc20d" name="malla@TIMMALLSTRIX 2026-09-17 10:46:10" runUser="TIMMALLSTRIX\malla" xmlns="http://microsoft.com/schemas/VisualStudio/TeamTest/2010">
  <Times creation="2026-09-17T10:46:10.8262085-07:00" queuing="2026-09-17T10:46:10.8262086-07:00" start="2026-09-17T10:46:09.8433737-07:00" finish="2026-09-17T10:46:10.8303803-07:00" />
  <TestSettings name="default" id="9ecda90f-2a3c-4c18-bc8d-91e84c42b63d">
    <Deployment runDeploymentRoot="malla_TIMMALLSTRIX_2026-09-17_10_46_10" />
  </TestSettings>
  <Results>
    <UnitTestResult executionId="2c4d2ed9-fa7f-4fd8-928c-86bad9cf60a1" testId="395c8784-4426-51b0-ecd4-04f4c6ac2ce6" testName="AiDe.Core.Tests.Watcher.CanonicalCoordinationBindingTests.Bind_CopiedLinkedPointer_RefusesImpostorWithoutSource" computerName="TIMMALLSTRIX" duration="00:00:00.1809798" startTime="2026-09-17T10:46:10.4120124-07:00" endTime="2026-09-17T10:46:10.6011643-07:00" testType="13cdc9d9-ddb5-4fa4-a97d-d965ccfc6d4b" outcome="Failed" testListId="8c84fa94-04c1-424b-9868-57a2d4851a1d" relativeResultsDirectory="2c4d2ed9-fa7f-4fd8-928c-86bad9cf60a1">
      <Output>
        <ErrorInfo>
          <Message>Assert.Equal() Failure: Values differ&#xD;
Expected: Unbound&#xD;
Actual:   Bound</Message>
          <StackTrace>   at AiDe.Core.Tests.Watcher.CanonicalCoordinationBindingTests.Bind_CopiedLinkedPointer_RefusesImpostorWithoutSource() in C:\Projects\ai-de-feature-xh-p2-projection\tests\AiDe.Core.Tests\Watcher\CanonicalCoordinationBindingTests.cs:line 27&#xD;
   at System.Reflection.MethodBaseInvoker.InterpretedInvoke_Method(Object obj, IntPtr* args)&#xD;
   at System.Reflection.MethodBaseInvoker.InvokeWithNoArgs(Object obj, BindingFlags invokeAttr)</StackTrace>
        </ErrorInfo>
      </Output>
    </UnitTestResult>
    <UnitTestResult executionId="c7b87d49-f94c-48d7-991f-b06f78a161a6" testId="7a1e6a6c-03bd-52e9-bf30-b5b2b0541fbd" testName="AiDe.Core.Tests.Watcher.CanonicalCoordinationBindingTests.Bind_GitValidRelativeForwardPointer_BindsPhysicalPrimaryAndSameScope" computerName="TIMMALLSTRIX" duration="00:00:00.1580573" startTime="2026-09-17T10:46:10.6086179-07:00" endTime="2026-09-17T10:46:10.7593434-07:00" testType="13cdc9d9-ddb5-4fa4-a97d-d965ccfc6d4b" outcome="Failed" testListId="8c84fa94-04c1-424b-9868-57a2d4851a1d" relativeResultsDirectory="c7b87d49-f94c-48d7-991f-b06f78a161a6">
      <Output>
        <ErrorInfo>
          <Message>Assert.Equal() Failure: Values differ&#xD;
Expected: Bound&#xD;
Actual:   Unavailable</Message>
          <StackTrace>   at AiDe.Core.Tests.Watcher.CanonicalCoordinationBindingTests.Bind_GitValidRelativeForwardPointer_BindsPhysicalPrimaryAndSameScope() in C:\Projects\ai-de-feature-xh-p2-projection\tests\AiDe.Core.Tests\Watcher\CanonicalCoordinationBindingTests.cs:line 52&#xD;
   at System.Reflection.MethodBaseInvoker.InterpretedInvoke_Method(Object obj, IntPtr* args)&#xD;
   at System.Reflection.MethodBaseInvoker.InvokeWithNoArgs(Object obj, BindingFlags invokeAttr)</StackTrace>
        </ErrorInfo>
      </Output>
    </UnitTestResult>
  </Results>
  <TestDefinitions>
    <UnitTest name="AiDe.Core.Tests.Watcher.CanonicalCoordinationBindingTests.Bind_GitValidRelativeForwardPointer_BindsPhysicalPrimaryAndSameScope" storage="c:\projects\ai-de-feature-xh-p2-projection\tests\aide.core.tests\bin\debug\net10.0\aide.core.tests.dll" id="7a1e6a6c-03bd-52e9-bf30-b5b2b0541fbd">
      <Execution id="c7b87d49-f94c-48d7-991f-b06f78a161a6" />
      <TestMethod codeBase="C:\Projects\ai-de-feature-xh-p2-projection\tests\AiDe.Core.Tests\bin\Debug\net10.0\AiDe.Core.Tests.dll" adapterTypeName="executor://xunit/VsTestRunner3/netcore/" className="AiDe.Core.Tests.Watcher.CanonicalCoordinationBindingTests" name="Bind_GitValidRelativeForwardPointer_BindsPhysicalPrimaryAndSameScope" />
    </UnitTest>
    <UnitTest name="AiDe.Core.Tests.Watcher.CanonicalCoordinationBindingTests.Bind_CopiedLinkedPointer_RefusesImpostorWithoutSource" storage="c:\projects\ai-de-feature-xh-p2-projection\tests\aide.core.tests\bin\debug\net10.0\aide.core.tests.dll" id="395c8784-4426-51b0-ecd4-04f4c6ac2ce6">
      <Execution id="2c4d2ed9-fa7f-4fd8-928c-86bad9cf60a1" />
      <TestMethod codeBase="C:\Projects\ai-de-feature-xh-p2-projection\tests\AiDe.Core.Tests\bin\Debug\net10.0\AiDe.Core.Tests.dll" adapterTypeName="executor://xunit/VsTestRunner3/netcore/" className="AiDe.Core.Tests.Watcher.CanonicalCoordinationBindingTests" name="Bind_CopiedLinkedPointer_RefusesImpostorWithoutSource" />
    </UnitTest>
  </TestDefinitions>
  <TestEntries>
    <TestEntry testId="395c8784-4426-51b0-ecd4-04f4c6ac2ce6" executionId="2c4d2ed9-fa7f-4fd8-928c-86bad9cf60a1" testListId="8c84fa94-04c1-424b-9868-57a2d4851a1d" />
    <TestEntry testId="7a1e6a6c-03bd-52e9-bf30-b5b2b0541fbd" executionId="c7b87d49-f94c-48d7-991f-b06f78a161a6" testListId="8c84fa94-04c1-424b-9868-57a2d4851a1d" />
  </TestEntries>
  <TestLists>
    <TestList name="Results Not in a List" id="8c84fa94-04c1-424b-9868-57a2d4851a1d" />
    <TestList name="All Loaded Results" id="19431567-8539-422a-85d7-44ee4e166bda" />
  </TestLists>
  <ResultSummary outcome="Failed">
    <Counters total="2" executed="2" passed="0" failed="2" error="0" timeout="0" aborted="0" inconclusive="0" passedButRunAborted="0" notRunnable="0" notExecuted="0" disconnected="0" warning="0" completed="0" inProgress="0" pending="0" />
    <Output>
      <StdOut>[xUnit.net 00:00:00.00] xUnit.net VSTest Adapter v3.1.4+50e68bbb8b (64-bit .NET 10.0.11)&#xD;
[xUnit.net 00:00:00.07]   Discovering: AiDe.Core.Tests&#xD;
[xUnit.net 00:00:00.27]   Discovered:  AiDe.Core.Tests&#xD;
[xUnit.net 00:00:00.28]   Starting:    AiDe.Core.Tests&#xD;
[xUnit.net 00:00:00.49]       Assert.Equal() Failure: Values differ&#xD;
[xUnit.net 00:00:00.49]       Expected: Unbound&#xD;
[xUnit.net 00:00:00.49]       Actual:   Bound&#xD;
[xUnit.net 00:00:00.49]       Stack Trace:&#xD;
[xUnit.net 00:00:00.49]         C:\Projects\ai-de-feature-xh-p2-projection\tests\AiDe.Core.Tests\Watcher\CanonicalCoordinationBindingTests.cs(27,0): at AiDe.Core.Tests.Watcher.CanonicalCoordinationBindingTests.Bind_CopiedLinkedPointer_RefusesImpostorWithoutSource()&#xD;
[xUnit.net 00:00:00.49]            at System.Reflection.MethodBaseInvoker.InterpretedInvoke_Method(Object obj, IntPtr* args)&#xD;
[xUnit.net 00:00:00.49]            at System.Reflection.MethodBaseInvoker.InvokeWithNoArgs(Object obj, BindingFlags invokeAttr)&#xD;
[xUnit.net 00:00:00.64]       Assert.Equal() Failure: Values differ&#xD;
[xUnit.net 00:00:00.64]       Expected: Bound&#xD;
[xUnit.net 00:00:00.64]       Actual:   Unavailable&#xD;
[xUnit.net 00:00:00.64]       Stack Trace:&#xD;
[xUnit.net 00:00:00.64]         C:\Projects\ai-de-feature-xh-p2-projection\tests\AiDe.Core.Tests\Watcher\CanonicalCoordinationBindingTests.cs(52,0): at AiDe.Core.Tests.Watcher.CanonicalCoordinationBindingTests.Bind_GitValidRelativeForwardPointer_BindsPhysicalPrimaryAndSameScope()&#xD;
[xUnit.net 00:00:00.64]            at System.Reflection.MethodBaseInvoker.InterpretedInvoke_Method(Object obj, IntPtr* args)&#xD;
[xUnit.net 00:00:00.64]            at System.Reflection.MethodBaseInvoker.InvokeWithNoArgs(Object obj, BindingFlags invokeAttr)&#xD;
[xUnit.net 00:00:00.65]   Finished:    AiDe.Core.Tests&#xD;
</StdOut>
    </Output>
    <RunInfos>
      <RunInfo computerName="TIMMALLSTRIX" outcome="Error" timestamp="2026-09-17T10:46:10.6029362-07:00">
        <Text>[xUnit.net 00:00:00.49]     AiDe.Core.Tests.Watcher.CanonicalCoordinationBindingTests.Bind_CopiedLinkedPointer_RefusesImpostorWithoutSource [FAIL]</Text>
      </RunInfo>
      <RunInfo computerName="TIMMALLSTRIX" outcome="Error" timestamp="2026-09-17T10:46:10.7598080-07:00">
        <Text>[xUnit.net 00:00:00.64]     AiDe.Core.Tests.Watcher.CanonicalCoordinationBindingTests.Bind_GitValidRelativeForwardPointer_BindsPhysicalPrimaryAndSameScope [FAIL]</Text>
      </RunInfo>
    </RunInfos>
  </ResultSummary>
</TestRun>