<?xml version="1.0" encoding="utf-8"?>
<TestRun id="48cfdf73-e77e-4080-9a21-b60fe81c162c" name="malla@TIMMALLSTRIX 2026-09-17 06:11:15" runUser="TIMMALLSTRIX\malla" xmlns="http://microsoft.com/schemas/VisualStudio/TeamTest/2010">
  <Times creation="2026-09-17T06:11:15.4219737-07:00" queuing="2026-09-17T06:11:15.4219740-07:00" start="2026-09-17T06:11:14.4795878-07:00" finish="2026-09-17T06:11:21.1630052-07:00" />
  <TestSettings name="default" id="45d0615e-5b70-42c2-ae4d-fd6668c460a1">
    <Deployment runDeploymentRoot="malla_TIMMALLSTRIX_2026-09-17_06_11_15" />
  </TestSettings>
  <Results>
    <UnitTestResult executionId="09c9655c-4f74-4940-bab2-025ff0d5c720" testId="86a68b78-613c-2346-9266-bbab2a133bc9" testName="AiDe.Core.Tests.Watcher.AWorktreeRegistrationIsCorrectedAndSaidSoTests.TwoSessionsInDifferentWorktreesShareOneBoard" computerName="TIMMALLSTRIX" duration="00:00:00.0019154" startTime="2026-09-17T06:11:15.4756539-07:00" endTime="2026-09-17T06:11:15.4775698-07:00" testType="13cdc9d9-ddb5-4fa4-a97d-d965ccfc6d4b" outcome="Passed" testListId="8c84fa94-04c1-424b-9868-57a2d4851a1d" relativeResultsDirectory="09c9655c-4f74-4940-bab2-025ff0d5c720" />
    <UnitTestResult executionId="6d108c19-f862-42ea-9b31-e56c0c627cee" testId="ec41fd2a-567d-71f8-be20-d50526061727" testName="AiDe.Core.Tests.Watcher.RegistrationAdmissionTests.NativeRows_RequiredFieldIsNull_Rejects(table: &quot;registration_notice_delivery&quot;, column: &quot;notice_id&quot;)" computerName="TIMMALLSTRIX" duration="00:00:00.0118663" startTime="2026-09-17T06:11:15.8193260-07:00" endTime="2026-09-17T06:11:15.8311495-07:00" testType="13cdc9d9-ddb5-4fa4-a97d-d965ccfc6d4b" outcome="Passed" testListId="8c84fa94-04c1-424b-9868-57a2d4851a1d" relativeResultsDirectory="6d108c19-f862-42ea-9b31-e56c0c627cee" />
    <UnitTestResult executionId="150c0c44-41d9-49a0-b1d6-b9015911705f" testId="2caa63c1-45da-9288-9e6f-cab5a957744f" testName="AiDe.Core.Tests.Watcher.AWorktreeRegistrationIsCorrectedAndSaidSoTests.TheAgentIsToldWhatChanged_AndWhy" computerName="TIMMALLSTRIX" duration="00:00:00.0023456" startTime="2026-09-17T06:11:15.4785314-07:00" endTime="2026-09-17T06:11:15.4800886-07:00" testType="13cdc9d9-ddb5-4fa4-a97d-d965ccfc6d4b" outcome="Passed" testListId="8c84fa94-04c1-424b-9868-57a2d4851a1d" relativeResultsDirectory="150c0c44-41d9-49a0-b1d6-b9015911705f" />
    <UnitTestResult executionId="5ca76520-68d3-4712-8173-64f4e86fd246" testId="6f463eae-8981-7db0-9aa9-578f0fe313d9" testName="AiDe.Core.Tests.Watcher.RegistrationAdmissionTests.Admission_BoundedTextNulSuffix_Rejects(column: &quot;session_id&quot;, maximum: 512)" computerName="TIMMALLSTRIX" duration="00:00:00.0124550" startTime="2026-09-17T06:11:16.1586279-07:00" endTime="2026-09-17T06:11:16.1709773-07:00" testType="13cdc9d9-ddb5-4fa4-a97d-d965ccfc6d4b" outcome="Passed" testListId="8c84fa94-04c1-424b-9868-57a2d4851a1d" relativeResultsDirectory="5ca76520-68d3-4712-8173-64f4e86fd246" />
    <UnitTestResult executionId="6e60cf71-9460-46c5-839b-b81157e05beb" testId="686cc044-1e5d-93fe-2f13-352584a3d6a3" testName="AiDe.Core.Tests.Watcher.RegistrationAdmissionTests.Admission_RemovedTrustConstraint_SameInvalidEnumAssertionFails(value: &quot;Untrusted&quot;)" computerName="TIMMALLSTRIX" duration="00:00:00.1058179" startTime="2026-09-17T06:11:19.8243367-07:00" endTime="2026-09-17T06:11:19.9301034-07:00" testType="13cdc9d9-ddb5-4fa4-a97d-d965ccfc6d4b" outcome="Passed" testListId="8c84fa94-04c1-424b-9868-57a2d4851a1d" relativeResultsDirectory="6e60cf71-9460-46c5-839b-b81157e05beb">
      <Output>
        <StdOut>MUTANT trust constraint:
CREATE TABLE native_registration_admission_fact (&#xD;
    operation_id TEXT NOT NULL PRIMARY KEY&#xD;
        CHECK(typeof(operation_id)='text' AND length(operation_id) BETWEEN 1 AND 128&#xD;
            AND instr(operation_id,char(0))=0),&#xD;
    schema_version INTEGER NOT NULL CHECK(typeof(schema_version)='integer' AND schema_version=1),&#xD;
    input_digest TEXT NOT NULL&#xD;
        CHECK(typeof(input_digest)='text' AND length(input_digest)=64&#xD;
            AND input_digest NOT GLOB '*[^0-9a-f]*'),&#xD;
    context_digest TEXT NOT NULL&#xD;
        CHECK(typeof(context_digest)='text' AND length(context_digest)=64&#xD;
            AND context_digest NOT GLOB '*[^0-9a-f]*'),&#xD;
    decision_digest TEXT NOT NULL&#xD;
        CHECK(typeof(decision_digest)='text' AND length(decision_digest)=64&#xD;
            AND decision_digest NOT GLOB '*[^0-9a-f]*'),&#xD;
    session_id TEXT NOT NULL&#xD;
        CHECK(typeof(session_id)='text' AND length(session_id) BETWEEN 1 AND 512&#xD;
            AND instr(session_id,char(0))=0),&#xD;
    generation INTEGER NOT NULL&#xD;
        CHECK(typeof(generation)='integer' AND generation&gt;=1),&#xD;
    repository_sent TEXT NOT NULL&#xD;
        CHECK(typeof(repository_sent)='text' AND length(repository_sent) BETWEEN 1 AND 4096&#xD;
            AND instr(repository_sent,char(0))=0),&#xD;
    repository_used TEXT NOT NULL&#xD;
        CHECK(typeof(repository_used)='text' AND length(repository_used) BETWEEN 1 AND 4096&#xD;
            AND instr(repository_used,char(0))=0),&#xD;
    worktree_path TEXT NOT NULL&#xD;
        CHECK(typeof(worktree_path)='text' AND length(worktree_path) BETWEEN 1 AND 4096&#xD;
            AND instr(worktree_path,char(0))=0),&#xD;
    worktree_branch TEXT NOT NULL&#xD;
        CHECK(typeof(worktree_branch)='text' AND length(worktree_branch) BETWEEN 0 AND 512&#xD;
            AND instr(worktree_branch,char(0))=0),&#xD;
    terminal_id TEXT NOT NULL&#xD;
        CHECK(typeof(terminal_id)='text' AND length(terminal_id) BETWEEN 1 AND 512&#xD;
            AND instr(terminal_id,char(0))=0),&#xD;
    agent_name TEXT NOT NULL&#xD;
        CHECK(typeof(agent_name)='text' AND length(agent_name) BETWEEN 1 AND 256&#xD;
            AND instr(agent_name,char(0))=0),&#xD;
    harness_name TEXT NULL&#xD;
        CHECK(harness_name IS NULL OR&#xD;
            (typeof(harness_name)='text' AND length(harness_name) BETWEEN 1 AND 256&#xD;
            AND instr(harness_name,char(0))=0)),&#xD;
    harness_version TEXT NULL&#xD;
        CHECK(harness_version IS NULL OR&#xD;
            (typeof(harness_version)='text' AND length(harness_version) BETWEEN 1 AND 128&#xD;
            AND instr(harness_version,char(0))=0)),&#xD;
    model_name TEXT NULL&#xD;
        CHECK(model_name IS NULL OR&#xD;
            (typeof(model_name)='text' AND length(model_name) BETWEEN 1 AND 256&#xD;
            AND instr(model_name,char(0))=0)),&#xD;
    model_version TEXT NULL&#xD;
        CHECK(model_version IS NULL OR&#xD;
            (typeof(model_version)='text' AND length(model_version) BETWEEN 1 AND 128&#xD;
            AND instr(model_version,char(0))=0)),&#xD;
    trust TEXT NULL,&#xD;
    correction_code TEXT NOT NULL&#xD;
        CHECK(typeof(correction_code)='text' AND correction_code IN ('NONE','LINKED_WORKTREE')),&#xD;
    recorded_at_ms INTEGER NOT NULL CHECK(typeof(recorded_at_ms)='integer'),&#xD;
    CHECK(harness_version IS NULL OR harness_name IS NOT NULL),&#xD;
    CHECK(model_version IS NULL OR model_name IS NOT NULL),&#xD;
    CHECK((correction_code='NONE' AND repository_sent=repository_used)&#xD;
        OR (correction_code='LINKED_WORKTREE' AND repository_sent&lt;&gt;repository_used)),&#xD;
    UNIQUE(session_id,generation),&#xD;
    UNIQUE(operation_id,schema_version,decision_digest,correction_code)&#xD;
);&#xD;
&#xD;
CREATE TRIGGER native_registration_admission_no_update&#xD;
BEFORE UPDATE ON native_registration_admission_fact BEGIN&#xD;
    SELECT RAISE(ABORT,'COORD_NATIVE_ADMISSION_IMMUTABLE');&#xD;
END;&#xD;
CREATE TRIGGER native_registration_admission_no_delete&#xD;
BEFORE DELETE ON native_registration_admission_fact BEGIN&#xD;
    SELECT RAISE(ABORT,'COORD_NATIVE_ADMISSION_IMMUTABLE');&#xD;
END;&#xD;
CREATE TRIGGER native_registration_admission_no_replace&#xD;
BEFORE INSERT ON native_registration_admission_fact&#xD;
WHEN EXISTS(SELECT 1 FROM native_registration_admission_fact&#xD;
    WHERE operation_id=NEW.operation_id&#xD;
        OR (session_id=NEW.session_id AND generation=NEW.generation))&#xD;
BEGIN&#xD;
    SELECT RAISE(ABORT,'COORD_NATIVE_ADMISSION_IMMUTABLE');&#xD;
END;&#xD;
&#xD;
CREATE TABLE registration_notice_delivery (&#xD;
    notice_id TEXT NOT NULL PRIMARY KEY&#xD;
        CHECK(typeof(notice_id)='text' AND length(notice_id)=32&#xD;
            AND notice_id NOT GLOB '*[^0-9a-f]*'),&#xD;
    operation_id TEXT NOT NULL UNIQUE&#xD;
        CHECK(typeof(operation_id)='text' AND length(operation_id) BETWEEN 1 AND 128&#xD;
            AND instr(operation_id,char(0))=0),&#xD;
    schema_version INTEGER NOT NULL CHECK(typeof(schema_version)='integer' AND schema_version=1),&#xD;
    decision_digest TEXT NOT NULL&#xD;
        CHECK(typeof(decision_digest)='text' AND length(decision_digest)=64&#xD;
            AND decision_digest NOT GLOB '*[^0-9a-f]*'),&#xD;
    correction_code TEXT NOT NULL CHECK(correction_code='LINKED_WORKTREE'),&#xD;
    publication_bytes BLOB NOT NULL&#xD;
        CHECK(typeof(publication_bytes)='blob' AND length(publication_bytes) BETWEEN 1 AND 65536),&#xD;
    publication_digest TEXT NOT NULL&#xD;
        CHECK(typeof(publication_digest)='text' AND length(publication_digest)=64&#xD;
            AND publication_digest NOT GLOB '*[^0-9a-f]*'),&#xD;
    target_kind TEXT NOT NULL CHECK(typeof(target_kind)='text' AND target_kind='native-file'),&#xD;
    target_root TEXT NOT NULL&#xD;
        CHECK(typeof(target_root)='text' AND length(target_root) BETWEEN 1 AND 4096&#xD;
            AND instr(target_root,char(0))=0),&#xD;
    state TEXT NOT NULL CHECK(typeof(state)='text' AND state IN ('Pending','InFlight','Published')),&#xD;
    attempt INTEGER NOT NULL CHECK(typeof(attempt)='integer' AND attempt BETWEEN 0 AND 2147483647),&#xD;
    ownership_version INTEGER NOT NULL&#xD;
        CHECK(typeof(ownership_version)='integer' AND ownership_version&gt;=0),&#xD;
    due_at_ms INTEGER NOT NULL CHECK(typeof(due_at_ms)='integer'),&#xD;
    owner_id TEXT NULL&#xD;
        CHECK(owner_id IS NULL OR&#xD;
            (typeof(owner_id)='text' AND length(owner_id) BETWEEN 1 AND 128&#xD;
            AND instr(owner_id,char(0))=0)),&#xD;
    published_at_ms INTEGER NULL&#xD;
        CHECK(published_at_ms IS NULL OR typeof(published_at_ms)='integer'),&#xD;
    CHECK((state='InFlight' AND owner_id IS NOT NULL) OR&#xD;
        (state&lt;&gt;'InFlight' AND owner_id IS NULL)),&#xD;
    CHECK((state='Published' AND published_at_ms IS NOT NULL) OR&#xD;
        (state&lt;&gt;'Published' AND published_at_ms IS NULL)),&#xD;
    FOREIGN KEY(operation_id,schema_version,decision_digest,correction_code)&#xD;
        REFERENCES native_registration_admission_fact&#xD;
            (operation_id,schema_version,decision_digest,correction_code)&#xD;
);&#xD;
&#xD;
CREATE INDEX ix_registration_notice_due ON registration_notice_delivery(state,due_at_ms,notice_id)&#xD;
    WHERE state IN ('Pending','InFlight');&#xD;
&#xD;
CREATE TRIGGER registration_notice_initial&#xD;
BEFORE INSERT ON registration_notice_delivery&#xD;
WHEN NEW.state&lt;&gt;'Pending' OR NEW.attempt&lt;&gt;0 OR NEW.ownership_version&lt;&gt;0&#xD;
BEGIN&#xD;
    SELECT RAISE(ABORT,'COORD_NATIVE_NOTICE_INITIAL');&#xD;
END;&#xD;
CREATE TRIGGER registration_notice_no_replace&#xD;
BEFORE INSERT ON registration_notice_delivery&#xD;
WHEN EXISTS(SELECT 1 FROM registration_notice_delivery&#xD;
    WHERE notice_id=NEW.notice_id OR operation_id=NEW.operation_id)&#xD;
BEGIN&#xD;
    SELECT RAISE(ABORT,'COORD_NATIVE_NOTICE_IMMUTABLE');&#xD;
END;&#xD;
CREATE TRIGGER registration_notice_no_delete&#xD;
BEFORE DELETE ON registration_notice_delivery BEGIN&#xD;
    SELECT RAISE(ABORT,'COORD_NATIVE_NOTICE_IMMUTABLE');&#xD;
END;&#xD;
CREATE TRIGGER registration_notice_identity&#xD;
BEFORE UPDATE OF notice_id,operation_id,schema_version,decision_digest,correction_code,&#xD;
    publication_bytes,publication_digest,target_kind,target_root&#xD;
ON registration_notice_delivery BEGIN&#xD;
    SELECT RAISE(ABORT,'COORD_NATIVE_NOTICE_IMMUTABLE');&#xD;
END;&#xD;
CREATE TRIGGER registration_notice_transition&#xD;
BEFORE UPDATE ON registration_notice_delivery&#xD;
WHEN NOT (&#xD;
    NEW.ownership_version=OLD.ownership_version+1 AND (&#xD;
        (OLD.state='Pending' AND NEW.state='InFlight'&#xD;
            AND NEW.attempt=OLD.attempt+1 AND NEW.due_at_ms=OLD.due_at_ms)&#xD;
        OR&#xD;
        (OLD.state='InFlight' AND NEW.state IN ('Pending','Published')&#xD;
            AND NEW.attempt=OLD.attempt)&#xD;
    )&#xD;
)&#xD;
BEGIN&#xD;
    SELECT RAISE(ABORT,'COORD_NATIVE_NOTICE_TRANSITION');&#xD;
END;</StdOut>
      </Output>
    </UnitTestResult>
    <UnitTestResult executionId="ebba069a-6eb0-4e70-8ad7-d847b2ed8462" testId="34c1aad3-55f5-1324-b0ac-b0ebb3f862ab" testName="AiDe.Core.Tests.Watcher.RegistrationAdmissionTests.NativeRows_RemovedRequiredColumnConstraints_SameNullAssertionFails(table: &quot;native_registration_admission_fact&quot;, column: &quot;agent_name&quot;)" computerName="TIMMALLSTRIX" duration="00:00:00.1041971" startTime="2026-09-17T06:11:17.6877889-07:00" endTime="2026-09-17T06:11:17.7919875-07:00" testType="13cdc9d9-ddb5-4fa4-a97d-d965ccfc6d4b" outcome="Passed" testListId="8c84fa94-04c1-424b-9868-57a2d4851a1d" relativeResultsDirectory="ebba069a-6eb0-4e70-8ad7-d847b2ed8462">
      <Output>
        <StdOut>MUTANT native_registration_admission_fact.agent_name required-column constraints:
CREATE TABLE native_registration_admission_fact (&#xD;
    operation_id TEXT NOT NULL PRIMARY KEY&#xD;
        CHECK(typeof(operation_id)='text' AND length(operation_id) BETWEEN 1 AND 128&#xD;
            AND instr(operation_id,char(0))=0),&#xD;
    schema_version INTEGER NOT NULL CHECK(typeof(schema_version)='integer' AND schema_version=1),&#xD;
    input_digest TEXT NOT NULL&#xD;
        CHECK(typeof(input_digest)='text' AND length(input_digest)=64&#xD;
            AND input_digest NOT GLOB '*[^0-9a-f]*'),&#xD;
    context_digest TEXT NOT NULL&#xD;
        CHECK(typeof(context_digest)='text' AND length(context_digest)=64&#xD;
            AND context_digest NOT GLOB '*[^0-9a-f]*'),&#xD;
    decision_digest TEXT NOT NULL&#xD;
        CHECK(typeof(decision_digest)='text' AND length(decision_digest)=64&#xD;
            AND decision_digest NOT GLOB '*[^0-9a-f]*'),&#xD;
    session_id TEXT NOT NULL&#xD;
        CHECK(typeof(session_id)='text' AND length(session_id) BETWEEN 1 AND 512&#xD;
            AND instr(session_id,char(0))=0),&#xD;
    generation INTEGER NOT NULL&#xD;
        CHECK(typeof(generation)='integer' AND generation&gt;=1),&#xD;
    repository_sent TEXT NOT NULL&#xD;
        CHECK(typeof(repository_sent)='text' AND length(repository_sent) BETWEEN 1 AND 4096&#xD;
            AND instr(repository_sent,char(0))=0),&#xD;
    repository_used TEXT NOT NULL&#xD;
        CHECK(typeof(repository_used)='text' AND length(repository_used) BETWEEN 1 AND 4096&#xD;
            AND instr(repository_used,char(0))=0),&#xD;
    worktree_path TEXT NOT NULL&#xD;
        CHECK(typeof(worktree_path)='text' AND length(worktree_path) BETWEEN 1 AND 4096&#xD;
            AND instr(worktree_path,char(0))=0),&#xD;
    worktree_branch TEXT NOT NULL&#xD;
        CHECK(typeof(worktree_branch)='text' AND length(worktree_branch) BETWEEN 0 AND 512&#xD;
            AND instr(worktree_branch,char(0))=0),&#xD;
    terminal_id TEXT NOT NULL&#xD;
        CHECK(typeof(terminal_id)='text' AND length(terminal_id) BETWEEN 1 AND 512&#xD;
            AND instr(terminal_id,char(0))=0),&#xD;
    agent_name TEXT NULL,&#xD;
    harness_name TEXT NULL&#xD;
        CHECK(harness_name IS NULL OR&#xD;
            (typeof(harness_name)='text' AND length(harness_name) BETWEEN 1 AND 256&#xD;
            AND instr(harness_name,char(0))=0)),&#xD;
    harness_version TEXT NULL&#xD;
        CHECK(harness_version IS NULL OR&#xD;
            (typeof(harness_version)='text' AND length(harness_version) BETWEEN 1 AND 128&#xD;
            AND instr(harness_version,char(0))=0)),&#xD;
    model_name TEXT NULL&#xD;
        CHECK(model_name IS NULL OR&#xD;
            (typeof(model_name)='text' AND length(model_name) BETWEEN 1 AND 256&#xD;
            AND instr(model_name,char(0))=0)),&#xD;
    model_version TEXT NULL&#xD;
        CHECK(model_version IS NULL OR&#xD;
            (typeof(model_version)='text' AND length(model_version) BETWEEN 1 AND 128&#xD;
            AND instr(model_version,char(0))=0)),&#xD;
    trust TEXT NOT NULL CHECK(typeof(trust)='text' AND trust IN ('Asserted','Verified')),&#xD;
    correction_code TEXT NOT NULL&#xD;
        CHECK(typeof(correction_code)='text' AND correction_code IN ('NONE','LINKED_WORKTREE')),&#xD;
    recorded_at_ms INTEGER NOT NULL CHECK(typeof(recorded_at_ms)='integer'),&#xD;
    CHECK(harness_version IS NULL OR harness_name IS NOT NULL),&#xD;
    CHECK(model_version IS NULL OR model_name IS NOT NULL),&#xD;
    CHECK((correction_code='NONE' AND repository_sent=repository_used)&#xD;
        OR (correction_code='LINKED_WORKTREE' AND repository_sent&lt;&gt;repository_used)),&#xD;
    UNIQUE(session_id,generation),&#xD;
    UNIQUE(operation_id,schema_version,decision_digest,correction_code)&#xD;
);&#xD;
&#xD;
CREATE TRIGGER native_registration_admission_no_update&#xD;
BEFORE UPDATE ON native_registration_admission_fact BEGIN&#xD;
    SELECT RAISE(ABORT,'COORD_NATIVE_ADMISSION_IMMUTABLE');&#xD;
END;&#xD;
CREATE TRIGGER native_registration_admission_no_delete&#xD;
BEFORE DELETE ON native_registration_admission_fact BEGIN&#xD;
    SELECT RAISE(ABORT,'COORD_NATIVE_ADMISSION_IMMUTABLE');&#xD;
END;&#xD;
CREATE TRIGGER native_registration_admission_no_replace&#xD;
BEFORE INSERT ON native_registration_admission_fact&#xD;
WHEN EXISTS(SELECT 1 FROM native_registration_admission_fact&#xD;
    WHERE operation_id=NEW.operation_id&#xD;
        OR (session_id=NEW.session_id AND generation=NEW.generation))&#xD;
BEGIN&#xD;
    SELECT RAISE(ABORT,'COORD_NATIVE_ADMISSION_IMMUTABLE');&#xD;
END;&#xD;
&#xD;
CREATE TABLE registration_notice_delivery (&#xD;
    notice_id TEXT NOT NULL PRIMARY KEY&#xD;
        CHECK(typeof(notice_id)='text' AND length(notice_id)=32&#xD;
            AND notice_id NOT GLOB '*[^0-9a-f]*'),&#xD;
    operation_id TEXT NOT NULL UNIQUE&#xD;
        CHECK(typeof(operation_id)='text' AND length(operation_id) BETWEEN 1 AND 128&#xD;
            AND instr(operation_id,char(0))=0),&#xD;
    schema_version INTEGER NOT NULL CHECK(typeof(schema_version)='integer' AND schema_version=1),&#xD;
    decision_digest TEXT NOT NULL&#xD;
        CHECK(typeof(decision_digest)='text' AND length(decision_digest)=64&#xD;
            AND decision_digest NOT GLOB '*[^0-9a-f]*'),&#xD;
    correction_code TEXT NOT NULL CHECK(correction_code='LINKED_WORKTREE'),&#xD;
    publication_bytes BLOB NOT NULL&#xD;
        CHECK(typeof(publication_bytes)='blob' AND length(publication_bytes) BETWEEN 1 AND 65536),&#xD;
    publication_digest TEXT NOT NULL&#xD;
        CHECK(typeof(publication_digest)='text' AND length(publication_digest)=64&#xD;
            AND publication_digest NOT GLOB '*[^0-9a-f]*'),&#xD;
    target_kind TEXT NOT NULL CHECK(typeof(target_kind)='text' AND target_kind='native-file'),&#xD;
    target_root TEXT NOT NULL&#xD;
        CHECK(typeof(target_root)='text' AND length(target_root) BETWEEN 1 AND 4096&#xD;
            AND instr(target_root,char(0))=0),&#xD;
    state TEXT NOT NULL CHECK(typeof(state)='text' AND state IN ('Pending','InFlight','Published')),&#xD;
    attempt INTEGER NOT NULL CHECK(typeof(attempt)='integer' AND attempt BETWEEN 0 AND 2147483647),&#xD;
    ownership_version INTEGER NOT NULL&#xD;
        CHECK(typeof(ownership_version)='integer' AND ownership_version&gt;=0),&#xD;
    due_at_ms INTEGER NOT NULL CHECK(typeof(due_at_ms)='integer'),&#xD;
    owner_id TEXT NULL&#xD;
        CHECK(owner_id IS NULL OR&#xD;
            (typeof(owner_id)='text' AND length(owner_id) BETWEEN 1 AND 128&#xD;
            AND instr(owner_id,char(0))=0)),&#xD;
    published_at_ms INTEGER NULL&#xD;
        CHECK(published_at_ms IS NULL OR typeof(published_at_ms)='integer'),&#xD;
    CHECK((state='InFlight' AND owner_id IS NOT NULL) OR&#xD;
        (state&lt;&gt;'InFlight' AND owner_id IS NULL)),&#xD;
    CHECK((state='Published' AND published_at_ms IS NOT NULL) OR&#xD;
        (state&lt;&gt;'Published' AND published_at_ms IS NULL)),&#xD;
    FOREIGN KEY(operation_id,schema_version,decision_digest,correction_code)&#xD;
        REFERENCES native_registration_admission_fact&#xD;
            (operation_id,schema_version,decision_digest,correction_code)&#xD;
);&#xD;
&#xD;
CREATE INDEX ix_registration_notice_due ON registration_notice_delivery(state,due_at_ms,notice_id)&#xD;
    WHERE state IN ('Pending','InFlight');&#xD;
&#xD;
CREATE TRIGGER registration_notice_initial&#xD;
BEFORE INSERT ON registration_notice_delivery&#xD;
WHEN NEW.state&lt;&gt;'Pending' OR NEW.attempt&lt;&gt;0 OR NEW.ownership_version&lt;&gt;0&#xD;
BEGIN&#xD;
    SELECT RAISE(ABORT,'COORD_NATIVE_NOTICE_INITIAL');&#xD;
END;&#xD;
CREATE TRIGGER registration_notice_no_replace&#xD;
BEFORE INSERT ON registration_notice_delivery&#xD;
WHEN EXISTS(SELECT 1 FROM registration_notice_delivery&#xD;
    WHERE notice_id=NEW.notice_id OR operation_id=NEW.operation_id)&#xD;
BEGIN&#xD;
    SELECT RAISE(ABORT,'COORD_NATIVE_NOTICE_IMMUTABLE');&#xD;
END;&#xD;
CREATE TRIGGER registration_notice_no_delete&#xD;
BEFORE DELETE ON registration_notice_delivery BEGIN&#xD;
    SELECT RAISE(ABORT,'COORD_NATIVE_NOTICE_IMMUTABLE');&#xD;
END;&#xD;
CREATE TRIGGER registration_notice_identity&#xD;
BEFORE UPDATE OF notice_id,operation_id,schema_version,decision_digest,correction_code,&#xD;
    publication_bytes,publication_digest,target_kind,target_root&#xD;
ON registration_notice_delivery BEGIN&#xD;
    SELECT RAISE(ABORT,'COORD_NATIVE_NOTICE_IMMUTABLE');&#xD;
END;&#xD;
CREATE TRIGGER registration_notice_transition&#xD;
BEFORE UPDATE ON registration_notice_delivery&#xD;
WHEN NOT (&#xD;
    NEW.ownership_version=OLD.ownership_version+1 AND (&#xD;
        (OLD.state='Pending' AND NEW.state='InFlight'&#xD;
            AND NEW.attempt=OLD.attempt+1 AND NEW.due_at_ms=OLD.due_at_ms)&#xD;
        OR&#xD;
        (OLD.state='InFlight' AND NEW.state IN ('Pending','Published')&#xD;
            AND NEW.attempt=OLD.attempt)&#xD;
    )&#xD;
)&#xD;
BEGIN&#xD;
    SELECT RAISE(ABORT,'COORD_NATIVE_NOTICE_TRANSITION');&#xD;
END;</StdOut>
      </Output>
    </UnitTestResult>
    <UnitTestResult executionId="fe52d1e5-6c7a-464c-ae9e-05a24816507f" testId="268d3af2-2662-e675-9a2b-57a0e5248b31" testName="AiDe.Core.Tests.Watcher.TrustedRegistrarTests.Register_UnknownHarnessAndModel_StillRegisters" computerName="TIMMALLSTRIX" duration="00:00:00.0000824" startTime="2026-09-17T06:11:21.1188958-07:00" endTime="2026-09-17T06:11:21.1189041-07:00" testType="13cdc9d9-ddb5-4fa4-a97d-d965ccfc6d4b" outcome="Passed" testListId="8c84fa94-04c1-424b-9868-57a2d4851a1d" relativeResultsDirectory="fe52d1e5-6c7a-464c-ae9e-05a24816507f" />
    <UnitTestResult executionId="fc6b9ec4-18f6-42af-b28c-641dd62146fe" testId="aa4a25d0-6719-6a7c-9f6a-cf596618762d" testName="AiDe.Core.Tests.Watcher.TrustedRegistrarTests.RegisterNextGeneration_ClearsEndedState" computerName="TIMMALLSTRIX" duration="00:00:00.0003490" startTime="2026-09-17T06:11:21.1176104-07:00" endTime="2026-09-17T06:11:21.1179537-07:00" testType="13cdc9d9-ddb5-4fa4-a97d-d965ccfc6d4b" outcome="Passed" testListId="8c84fa94-04c1-424b-9868-57a2d4851a1d" relativeResultsDirectory="fc6b9ec4-18f6-42af-b28c-641dd62146fe" />
    <UnitTestResult executionId="f5ab3ecb-efce-472c-b000-be6ccf530b95" testId="6d54cdc0-3fbc-b60b-c694-28bb58f892c3" testName="AiDe.Core.Tests.Watcher.RegistrationAdmissionTests.Notice_InvalidIdentityOrPayload_Rejects(column: &quot;decision_digest&quot;, value: &quot;printf('%064d',1)&quot;)" computerName="TIMMALLSTRIX" duration="00:00:00.0137563" startTime="2026-09-17T06:11:15.7505149-07:00" endTime="2026-09-17T06:11:15.7641543-07:00" testType="13cdc9d9-ddb5-4fa4-a97d-d965ccfc6d4b" outcome="Passed" testListId="8c84fa94-04c1-424b-9868-57a2d4851a1d" relativeResultsDirectory="f5ab3ecb-efce-472c-b000-be6ccf530b95" />
    <UnitTestResult executionId="15b52a5b-27f9-412c-a48b-03b435ca5318" testId="59c6868a-7a60-a715-77a7-dc90cbc57f99" testName="AiDe.Core.Tests.Watcher.RegistrationAdmissionTests.NativeRows_RemovedRequiredColumnConstraints_SameNullAssertionFails(table: &quot;registration_notice_delivery&quot;, column: &quot;operation_id&quot;)" computerName="TIMMALLSTRIX" duration="00:00:00.1071924" startTime="2026-09-17T06:11:19.0325393-07:00" endTime="2026-09-17T06:11:19.1393040-07:00" testType="13cdc9d9-ddb5-4fa4-a97d-d965ccfc6d4b" outcome="Passed" testListId="8c84fa94-04c1-424b-9868-57a2d4851a1d" relativeResultsDirectory="15b52a5b-27f9-412c-a48b-03b435ca5318">
      <Output>
        <StdOut>MUTANT registration_notice_delivery.operation_id required-column constraints:
CREATE TABLE native_registration_admission_fact (&#xD;
    operation_id TEXT NOT NULL PRIMARY KEY&#xD;
        CHECK(typeof(operation_id)='text' AND length(operation_id) BETWEEN 1 AND 128&#xD;
            AND instr(operation_id,char(0))=0),&#xD;
    schema_version INTEGER NOT NULL CHECK(typeof(schema_version)='integer' AND schema_version=1),&#xD;
    input_digest TEXT NOT NULL&#xD;
        CHECK(typeof(input_digest)='text' AND length(input_digest)=64&#xD;
            AND input_digest NOT GLOB '*[^0-9a-f]*'),&#xD;
    context_digest TEXT NOT NULL&#xD;
        CHECK(typeof(context_digest)='text' AND length(context_digest)=64&#xD;
            AND context_digest NOT GLOB '*[^0-9a-f]*'),&#xD;
    decision_digest TEXT NOT NULL&#xD;
        CHECK(typeof(decision_digest)='text' AND length(decision_digest)=64&#xD;
            AND decision_digest NOT GLOB '*[^0-9a-f]*'),&#xD;
    session_id TEXT NOT NULL&#xD;
        CHECK(typeof(session_id)='text' AND length(session_id) BETWEEN 1 AND 512&#xD;
            AND instr(session_id,char(0))=0),&#xD;
    generation INTEGER NOT NULL&#xD;
        CHECK(typeof(generation)='integer' AND generation&gt;=1),&#xD;
    repository_sent TEXT NOT NULL&#xD;
        CHECK(typeof(repository_sent)='text' AND length(repository_sent) BETWEEN 1 AND 4096&#xD;
            AND instr(repository_sent,char(0))=0),&#xD;
    repository_used TEXT NOT NULL&#xD;
        CHECK(typeof(repository_used)='text' AND length(repository_used) BETWEEN 1 AND 4096&#xD;
            AND instr(repository_used,char(0))=0),&#xD;
    worktree_path TEXT NOT NULL&#xD;
        CHECK(typeof(worktree_path)='text' AND length(worktree_path) BETWEEN 1 AND 4096&#xD;
            AND instr(worktree_path,char(0))=0),&#xD;
    worktree_branch TEXT NOT NULL&#xD;
        CHECK(typeof(worktree_branch)='text' AND length(worktree_branch) BETWEEN 0 AND 512&#xD;
            AND instr(worktree_branch,char(0))=0),&#xD;
    terminal_id TEXT NOT NULL&#xD;
        CHECK(typeof(terminal_id)='text' AND length(terminal_id) BETWEEN 1 AND 512&#xD;
            AND instr(terminal_id,char(0))=0),&#xD;
    agent_name TEXT NOT NULL&#xD;
        CHECK(typeof(agent_name)='text' AND length(agent_name) BETWEEN 1 AND 256&#xD;
            AND instr(agent_name,char(0))=0),&#xD;
    harness_name TEXT NULL&#xD;
        CHECK(harness_name IS NULL OR&#xD;
            (typeof(harness_name)='text' AND length(harness_name) BETWEEN 1 AND 256&#xD;
            AND instr(harness_name,char(0))=0)),&#xD;
    harness_version TEXT NULL&#xD;
        CHECK(harness_version IS NULL OR&#xD;
            (typeof(harness_version)='text' AND length(harness_version) BETWEEN 1 AND 128&#xD;
            AND instr(harness_version,char(0))=0)),&#xD;
    model_name TEXT NULL&#xD;
        CHECK(model_name IS NULL OR&#xD;
            (typeof(model_name)='text' AND length(model_name) BETWEEN 1 AND 256&#xD;
            AND instr(model_name,char(0))=0)),&#xD;
    model_version TEXT NULL&#xD;
        CHECK(model_version IS NULL OR&#xD;
            (typeof(model_version)='text' AND length(model_version) BETWEEN 1 AND 128&#xD;
            AND instr(model_version,char(0))=0)),&#xD;
    trust TEXT NOT NULL CHECK(typeof(trust)='text' AND trust IN ('Asserted','Verified')),&#xD;
    correction_code TEXT NOT NULL&#xD;
        CHECK(typeof(correction_code)='text' AND correction_code IN ('NONE','LINKED_WORKTREE')),&#xD;
    recorded_at_ms INTEGER NOT NULL CHECK(typeof(recorded_at_ms)='integer'),&#xD;
    CHECK(harness_version IS NULL OR harness_name IS NOT NULL),&#xD;
    CHECK(model_version IS NULL OR model_name IS NOT NULL),&#xD;
    CHECK((correction_code='NONE' AND repository_sent=repository_used)&#xD;
        OR (correction_code='LINKED_WORKTREE' AND repository_sent&lt;&gt;repository_used)),&#xD;
    UNIQUE(session_id,generation),&#xD;
    UNIQUE(operation_id,schema_version,decision_digest,correction_code)&#xD;
);&#xD;
&#xD;
CREATE TRIGGER native_registration_admission_no_update&#xD;
BEFORE UPDATE ON native_registration_admission_fact BEGIN&#xD;
    SELECT RAISE(ABORT,'COORD_NATIVE_ADMISSION_IMMUTABLE');&#xD;
END;&#xD;
CREATE TRIGGER native_registration_admission_no_delete&#xD;
BEFORE DELETE ON native_registration_admission_fact BEGIN&#xD;
    SELECT RAISE(ABORT,'COORD_NATIVE_ADMISSION_IMMUTABLE');&#xD;
END;&#xD;
CREATE TRIGGER native_registration_admission_no_replace&#xD;
BEFORE INSERT ON native_registration_admission_fact&#xD;
WHEN EXISTS(SELECT 1 FROM native_registration_admission_fact&#xD;
    WHERE operation_id=NEW.operation_id&#xD;
        OR (session_id=NEW.session_id AND generation=NEW.generation))&#xD;
BEGIN&#xD;
    SELECT RAISE(ABORT,'COORD_NATIVE_ADMISSION_IMMUTABLE');&#xD;
END;&#xD;
&#xD;
CREATE TABLE registration_notice_delivery (&#xD;
    notice_id TEXT NOT NULL PRIMARY KEY&#xD;
        CHECK(typeof(notice_id)='text' AND length(notice_id)=32&#xD;
            AND notice_id NOT GLOB '*[^0-9a-f]*'),&#xD;
    operation_id TEXT NULL,&#xD;
    schema_version INTEGER NOT NULL CHECK(typeof(schema_version)='integer' AND schema_version=1),&#xD;
    decision_digest TEXT NOT NULL&#xD;
        CHECK(typeof(decision_digest)='text' AND length(decision_digest)=64&#xD;
            AND decision_digest NOT GLOB '*[^0-9a-f]*'),&#xD;
    correction_code TEXT NOT NULL CHECK(correction_code='LINKED_WORKTREE'),&#xD;
    publication_bytes BLOB NOT NULL&#xD;
        CHECK(typeof(publication_bytes)='blob' AND length(publication_bytes) BETWEEN 1 AND 65536),&#xD;
    publication_digest TEXT NOT NULL&#xD;
        CHECK(typeof(publication_digest)='text' AND length(publication_digest)=64&#xD;
            AND publication_digest NOT GLOB '*[^0-9a-f]*'),&#xD;
    target_kind TEXT NOT NULL CHECK(typeof(target_kind)='text' AND target_kind='native-file'),&#xD;
    target_root TEXT NOT NULL&#xD;
        CHECK(typeof(target_root)='text' AND length(target_root) BETWEEN 1 AND 4096&#xD;
            AND instr(target_root,char(0))=0),&#xD;
    state TEXT NOT NULL CHECK(typeof(state)='text' AND state IN ('Pending','InFlight','Published')),&#xD;
    attempt INTEGER NOT NULL CHECK(typeof(attempt)='integer' AND attempt BETWEEN 0 AND 2147483647),&#xD;
    ownership_version INTEGER NOT NULL&#xD;
        CHECK(typeof(ownership_version)='integer' AND ownership_version&gt;=0),&#xD;
    due_at_ms INTEGER NOT NULL CHECK(typeof(due_at_ms)='integer'),&#xD;
    owner_id TEXT NULL&#xD;
        CHECK(owner_id IS NULL OR&#xD;
            (typeof(owner_id)='text' AND length(owner_id) BETWEEN 1 AND 128&#xD;
            AND instr(owner_id,char(0))=0)),&#xD;
    published_at_ms INTEGER NULL&#xD;
        CHECK(published_at_ms IS NULL OR typeof(published_at_ms)='integer'),&#xD;
    CHECK((state='InFlight' AND owner_id IS NOT NULL) OR&#xD;
        (state&lt;&gt;'InFlight' AND owner_id IS NULL)),&#xD;
    CHECK((state='Published' AND published_at_ms IS NOT NULL) OR&#xD;
        (state&lt;&gt;'Published' AND published_at_ms IS NULL)),&#xD;
    FOREIGN KEY(operation_id,schema_version,decision_digest,correction_code)&#xD;
        REFERENCES native_registration_admission_fact&#xD;
            (operation_id,schema_version,decision_digest,correction_code)&#xD;
);&#xD;
&#xD;
CREATE INDEX ix_registration_notice_due ON registration_notice_delivery(state,due_at_ms,notice_id)&#xD;
    WHERE state IN ('Pending','InFlight');&#xD;
&#xD;
CREATE TRIGGER registration_notice_initial&#xD;
BEFORE INSERT ON registration_notice_delivery&#xD;
WHEN NEW.state&lt;&gt;'Pending' OR NEW.attempt&lt;&gt;0 OR NEW.ownership_version&lt;&gt;0&#xD;
BEGIN&#xD;
    SELECT RAISE(ABORT,'COORD_NATIVE_NOTICE_INITIAL');&#xD;
END;&#xD;
CREATE TRIGGER registration_notice_no_replace&#xD;
BEFORE INSERT ON registration_notice_delivery&#xD;
WHEN EXISTS(SELECT 1 FROM registration_notice_delivery&#xD;
    WHERE notice_id=NEW.notice_id OR operation_id=NEW.operation_id)&#xD;
BEGIN&#xD;
    SELECT RAISE(ABORT,'COORD_NATIVE_NOTICE_IMMUTABLE');&#xD;
END;&#xD;
CREATE TRIGGER registration_notice_no_delete&#xD;
BEFORE DELETE ON registration_notice_delivery BEGIN&#xD;
    SELECT RAISE(ABORT,'COORD_NATIVE_NOTICE_IMMUTABLE');&#xD;
END;&#xD;
CREATE TRIGGER registration_notice_identity&#xD;
BEFORE UPDATE OF notice_id,operation_id,schema_version,decision_digest,correction_code,&#xD;
    publication_bytes,publication_digest,target_kind,target_root&#xD;
ON registration_notice_delivery BEGIN&#xD;
    SELECT RAISE(ABORT,'COORD_NATIVE_NOTICE_IMMUTABLE');&#xD;
END;&#xD;
CREATE TRIGGER registration_notice_transition&#xD;
BEFORE UPDATE ON registration_notice_delivery&#xD;
WHEN NOT (&#xD;
    NEW.ownership_version=OLD.ownership_version+1 AND (&#xD;
        (OLD.state='Pending' AND NEW.state='InFlight'&#xD;
            AND NEW.attempt=OLD.attempt+1 AND NEW.due_at_ms=OLD.due_at_ms)&#xD;
        OR&#xD;
        (OLD.state='InFlight' AND NEW.state IN ('Pending','Published')&#xD;
            AND NEW.attempt=OLD.attempt)&#xD;
    )&#xD;
)&#xD;
BEGIN&#xD;
    SELECT RAISE(ABORT,'COORD_NATIVE_NOTICE_TRANSITION');&#xD;
END;</StdOut>
      </Output>
    </UnitTestResult>
    <UnitTestResult executionId="d8b83cdb-1e82-40d1-9cc4-ba13b30cd796" testId="18cb4be9-df3f-24fc-70ac-aeb446c56b4f" testName="AiDe.Core.Tests.Watcher.AWorktreeRegistrationIsCorrectedAndSaidSoTests.TheContractPumpCannotSeeTheNotice" computerName="TIMMALLSTRIX" duration="00:00:00.0023623" startTime="2026-09-17T06:11:15.4805109-07:00" endTime="2026-09-17T06:11:15.4829365-07:00" testType="13cdc9d9-ddb5-4fa4-a97d-d965ccfc6d4b" outcome="Passed" testListId="8c84fa94-04c1-424b-9868-57a2d4851a1d" relativeResultsDirectory="d8b83cdb-1e82-40d1-9cc4-ba13b30cd796" />
    <UnitTestResult executionId="366f5ece-e252-4035-b670-b870459002ca" testId="e3b717de-2970-9e8d-98b5-754424db2812" testName="AiDe.Core.Tests.Watcher.RegistrationAdmissionTests.Admission_InsertInvalidField_Rejects(column: &quot;generation&quot;, value: &quot;1.5&quot;)" computerName="TIMMALLSTRIX" duration="00:00:00.0124505" startTime="2026-09-17T06:11:19.5230094-07:00" endTime="2026-09-17T06:11:19.5354584-07:00" testType="13cdc9d9-ddb5-4fa4-a97d-d965ccfc6d4b" outcome="Passed" testListId="8c84fa94-04c1-424b-9868-57a2d4851a1d" relativeResultsDirectory="366f5ece-e252-4035-b670-b870459002ca" />
    <UnitTestResult executionId="229400f3-d01f-4030-af29-4ba67cd84943" testId="d6c041cb-7f95-b6d7-aa94-33c87fe51769" testName="AiDe.Core.Tests.Watcher.RegistrationAdmissionTests.Admission_InsertInvalidField_Rejects(column: &quot;generation&quot;, value: &quot;'text'&quot;)" computerName="TIMMALLSTRIX" duration="00:00:00.0129388" startTime="2026-09-17T06:11:19.5355387-07:00" endTime="2026-09-17T06:11:19.5484607-07:00" testType="13cdc9d9-ddb5-4fa4-a97d-d965ccfc6d4b" outcome="Passed" testListId="8c84fa94-04c1-424b-9868-57a2d4851a1d" relativeResultsDirectory="229400f3-d01f-4030-af29-4ba67cd84943" />
    <UnitTestResult executionId="f441f638-a8ed-4ddb-9130-eaca483aaff5" testId="5722ce47-279a-5830-00ca-bf4f836f292b" testName="AiDe.Core.Tests.Watcher.RegistrationAdmissionTests.NativeRows_RemovedRequiredColumnConstraints_SameNullAssertionFails(table: &quot;native_registration_admission_fact&quot;, column: &quot;generation&quot;)" computerName="TIMMALLSTRIX" duration="00:00:00.1012779" startTime="2026-09-17T06:11:18.4164228-07:00" endTime="2026-09-17T06:11:18.5176752-07:00" testType="13cdc9d9-ddb5-4fa4-a97d-d965ccfc6d4b" outcome="Passed" testListId="8c84fa94-04c1-424b-9868-57a2d4851a1d" relativeResultsDirectory="f441f638-a8ed-4ddb-9130-eaca483aaff5">
      <Output>
        <StdOut>MUTANT native_registration_admission_fact.generation required-column constraints:
CREATE TABLE native_registration_admission_fact (&#xD;
    operation_id TEXT NOT NULL PRIMARY KEY&#xD;
        CHECK(typeof(operation_id)='text' AND length(operation_id) BETWEEN 1 AND 128&#xD;
            AND instr(operation_id,char(0))=0),&#xD;
    schema_version INTEGER NOT NULL CHECK(typeof(schema_version)='integer' AND schema_version=1),&#xD;
    input_digest TEXT NOT NULL&#xD;
        CHECK(typeof(input_digest)='text' AND length(input_digest)=64&#xD;
            AND input_digest NOT GLOB '*[^0-9a-f]*'),&#xD;
    context_digest TEXT NOT NULL&#xD;
        CHECK(typeof(context_digest)='text' AND length(context_digest)=64&#xD;
            AND context_digest NOT GLOB '*[^0-9a-f]*'),&#xD;
    decision_digest TEXT NOT NULL&#xD;
        CHECK(typeof(decision_digest)='text' AND length(decision_digest)=64&#xD;
            AND decision_digest NOT GLOB '*[^0-9a-f]*'),&#xD;
    session_id TEXT NOT NULL&#xD;
        CHECK(typeof(session_id)='text' AND length(session_id) BETWEEN 1 AND 512&#xD;
            AND instr(session_id,char(0))=0),&#xD;
    generation INTEGER NULL,&#xD;
    repository_sent TEXT NOT NULL&#xD;
        CHECK(typeof(repository_sent)='text' AND length(repository_sent) BETWEEN 1 AND 4096&#xD;
            AND instr(repository_sent,char(0))=0),&#xD;
    repository_used TEXT NOT NULL&#xD;
        CHECK(typeof(repository_used)='text' AND length(repository_used) BETWEEN 1 AND 4096&#xD;
            AND instr(repository_used,char(0))=0),&#xD;
    worktree_path TEXT NOT NULL&#xD;
        CHECK(typeof(worktree_path)='text' AND length(worktree_path) BETWEEN 1 AND 4096&#xD;
            AND instr(worktree_path,char(0))=0),&#xD;
    worktree_branch TEXT NOT NULL&#xD;
        CHECK(typeof(worktree_branch)='text' AND length(worktree_branch) BETWEEN 0 AND 512&#xD;
            AND instr(worktree_branch,char(0))=0),&#xD;
    terminal_id TEXT NOT NULL&#xD;
        CHECK(typeof(terminal_id)='text' AND length(terminal_id) BETWEEN 1 AND 512&#xD;
            AND instr(terminal_id,char(0))=0),&#xD;
    agent_name TEXT NOT NULL&#xD;
        CHECK(typeof(agent_name)='text' AND length(agent_name) BETWEEN 1 AND 256&#xD;
            AND instr(agent_name,char(0))=0),&#xD;
    harness_name TEXT NULL&#xD;
        CHECK(harness_name IS NULL OR&#xD;
            (typeof(harness_name)='text' AND length(harness_name) BETWEEN 1 AND 256&#xD;
            AND instr(harness_name,char(0))=0)),&#xD;
    harness_version TEXT NULL&#xD;
        CHECK(harness_version IS NULL OR&#xD;
            (typeof(harness_version)='text' AND length(harness_version) BETWEEN 1 AND 128&#xD;
            AND instr(harness_version,char(0))=0)),&#xD;
    model_name TEXT NULL&#xD;
        CHECK(model_name IS NULL OR&#xD;
            (typeof(model_name)='text' AND length(model_name) BETWEEN 1 AND 256&#xD;
            AND instr(model_name,char(0))=0)),&#xD;
    model_version TEXT NULL&#xD;
        CHECK(model_version IS NULL OR&#xD;
            (typeof(model_version)='text' AND length(model_version) BETWEEN 1 AND 128&#xD;
            AND instr(model_version,char(0))=0)),&#xD;
    trust TEXT NOT NULL CHECK(typeof(trust)='text' AND trust IN ('Asserted','Verified')),&#xD;
    correction_code TEXT NOT NULL&#xD;
        CHECK(typeof(correction_code)='text' AND correction_code IN ('NONE','LINKED_WORKTREE')),&#xD;
    recorded_at_ms INTEGER NOT NULL CHECK(typeof(recorded_at_ms)='integer'),&#xD;
    CHECK(harness_version IS NULL OR harness_name IS NOT NULL),&#xD;
    CHECK(model_version IS NULL OR model_name IS NOT NULL),&#xD;
    CHECK((correction_code='NONE' AND repository_sent=repository_used)&#xD;
        OR (correction_code='LINKED_WORKTREE' AND repository_sent&lt;&gt;repository_used)),&#xD;
    UNIQUE(session_id,generation),&#xD;
    UNIQUE(operation_id,schema_version,decision_digest,correction_code)&#xD;
);&#xD;
&#xD;
CREATE TRIGGER native_registration_admission_no_update&#xD;
BEFORE UPDATE ON native_registration_admission_fact BEGIN&#xD;
    SELECT RAISE(ABORT,'COORD_NATIVE_ADMISSION_IMMUTABLE');&#xD;
END;&#xD;
CREATE TRIGGER native_registration_admission_no_delete&#xD;
BEFORE DELETE ON native_registration_admission_fact BEGIN&#xD;
    SELECT RAISE(ABORT,'COORD_NATIVE_ADMISSION_IMMUTABLE');&#xD;
END;&#xD;
CREATE TRIGGER native_registration_admission_no_replace&#xD;
BEFORE INSERT ON native_registration_admission_fact&#xD;
WHEN EXISTS(SELECT 1 FROM native_registration_admission_fact&#xD;
    WHERE operation_id=NEW.operation_id&#xD;
        OR (session_id=NEW.session_id AND generation=NEW.generation))&#xD;
BEGIN&#xD;
    SELECT RAISE(ABORT,'COORD_NATIVE_ADMISSION_IMMUTABLE');&#xD;
END;&#xD;
&#xD;
CREATE TABLE registration_notice_delivery (&#xD;
    notice_id TEXT NOT NULL PRIMARY KEY&#xD;
        CHECK(typeof(notice_id)='text' AND length(notice_id)=32&#xD;
            AND notice_id NOT GLOB '*[^0-9a-f]*'),&#xD;
    operation_id TEXT NOT NULL UNIQUE&#xD;
        CHECK(typeof(operation_id)='text' AND length(operation_id) BETWEEN 1 AND 128&#xD;
            AND instr(operation_id,char(0))=0),&#xD;
    schema_version INTEGER NOT NULL CHECK(typeof(schema_version)='integer' AND schema_version=1),&#xD;
    decision_digest TEXT NOT NULL&#xD;
        CHECK(typeof(decision_digest)='text' AND length(decision_digest)=64&#xD;
            AND decision_digest NOT GLOB '*[^0-9a-f]*'),&#xD;
    correction_code TEXT NOT NULL CHECK(correction_code='LINKED_WORKTREE'),&#xD;
    publication_bytes BLOB NOT NULL&#xD;
        CHECK(typeof(publication_bytes)='blob' AND length(publication_bytes) BETWEEN 1 AND 65536),&#xD;
    publication_digest TEXT NOT NULL&#xD;
        CHECK(typeof(publication_digest)='text' AND length(publication_digest)=64&#xD;
            AND publication_digest NOT GLOB '*[^0-9a-f]*'),&#xD;
    target_kind TEXT NOT NULL CHECK(typeof(target_kind)='text' AND target_kind='native-file'),&#xD;
    target_root TEXT NOT NULL&#xD;
        CHECK(typeof(target_root)='text' AND length(target_root) BETWEEN 1 AND 4096&#xD;
            AND instr(target_root,char(0))=0),&#xD;
    state TEXT NOT NULL CHECK(typeof(state)='text' AND state IN ('Pending','InFlight','Published')),&#xD;
    attempt INTEGER NOT NULL CHECK(typeof(attempt)='integer' AND attempt BETWEEN 0 AND 2147483647),&#xD;
    ownership_version INTEGER NOT NULL&#xD;
        CHECK(typeof(ownership_version)='integer' AND ownership_version&gt;=0),&#xD;
    due_at_ms INTEGER NOT NULL CHECK(typeof(due_at_ms)='integer'),&#xD;
    owner_id TEXT NULL&#xD;
        CHECK(owner_id IS NULL OR&#xD;
            (typeof(owner_id)='text' AND length(owner_id) BETWEEN 1 AND 128&#xD;
            AND instr(owner_id,char(0))=0)),&#xD;
    published_at_ms INTEGER NULL&#xD;
        CHECK(published_at_ms IS NULL OR typeof(published_at_ms)='integer'),&#xD;
    CHECK((state='InFlight' AND owner_id IS NOT NULL) OR&#xD;
        (state&lt;&gt;'InFlight' AND owner_id IS NULL)),&#xD;
    CHECK((state='Published' AND published_at_ms IS NOT NULL) OR&#xD;
        (state&lt;&gt;'Published' AND published_at_ms IS NULL)),&#xD;
    FOREIGN KEY(operation_id,schema_version,decision_digest,correction_code)&#xD;
        REFERENCES native_registration_admission_fact&#xD;
            (operation_id,schema_version,decision_digest,correction_code)&#xD;
);&#xD;
&#xD;
CREATE INDEX ix_registration_notice_due ON registration_notice_delivery(state,due_at_ms,notice_id)&#xD;
    WHERE state IN ('Pending','InFlight');&#xD;
&#xD;
CREATE TRIGGER registration_notice_initial&#xD;
BEFORE INSERT ON registration_notice_delivery&#xD;
WHEN NEW.state&lt;&gt;'Pending' OR NEW.attempt&lt;&gt;0 OR NEW.ownership_version&lt;&gt;0&#xD;
BEGIN&#xD;
    SELECT RAISE(ABORT,'COORD_NATIVE_NOTICE_INITIAL');&#xD;
END;&#xD;
CREATE TRIGGER registration_notice_no_replace&#xD;
BEFORE INSERT ON registration_notice_delivery&#xD;
WHEN EXISTS(SELECT 1 FROM registration_notice_delivery&#xD;
    WHERE notice_id=NEW.notice_id OR operation_id=NEW.operation_id)&#xD;
BEGIN&#xD;
    SELECT RAISE(ABORT,'COORD_NATIVE_NOTICE_IMMUTABLE');&#xD;
END;&#xD;
CREATE TRIGGER registration_notice_no_delete&#xD;
BEFORE DELETE ON registration_notice_delivery BEGIN&#xD;
    SELECT RAISE(ABORT,'COORD_NATIVE_NOTICE_IMMUTABLE');&#xD;
END;&#xD;
CREATE TRIGGER registration_notice_identity&#xD;
BEFORE UPDATE OF notice_id,operation_id,schema_version,decision_digest,correction_code,&#xD;
    publication_bytes,publication_digest,target_kind,target_root&#xD;
ON registration_notice_delivery BEGIN&#xD;
    SELECT RAISE(ABORT,'COORD_NATIVE_NOTICE_IMMUTABLE');&#xD;
END;&#xD;
CREATE TRIGGER registration_notice_transition&#xD;
BEFORE UPDATE ON registration_notice_delivery&#xD;
WHEN NOT (&#xD;
    NEW.ownership_version=OLD.ownership_version+1 AND (&#xD;
        (OLD.state='Pending' AND NEW.state='InFlight'&#xD;
            AND NEW.attempt=OLD.attempt+1 AND NEW.due_at_ms=OLD.due_at_ms)&#xD;
        OR&#xD;
        (OLD.state='InFlight' AND NEW.state IN ('Pending','Published')&#xD;
            AND NEW.attempt=OLD.attempt)&#xD;
    )&#xD;
)&#xD;
BEGIN&#xD;
    SELECT RAISE(ABORT,'COORD_NATIVE_NOTICE_TRANSITION');&#xD;
END;</StdOut>
      </Output>
    </UnitTestResult>
    <UnitTestResult executionId="befc7b15-78c0-4146-b441-a1ec0adfc750" testId="eb9dcfed-0748-377b-0c01-7a8c5d4e9abb" testName="AiDe.Core.Tests.Watcher.RegistrationAdmissionTests.NativeRows_RequiredFieldIsNull_Rejects(table: &quot;registration_notice_delivery&quot;, column: &quot;operation_id&quot;)" computerName="TIMMALLSTRIX" duration="00:00:00.0130087" startTime="2026-09-17T06:11:16.1195152-07:00" endTime="2026-09-17T06:11:16.1323825-07:00" testType="13cdc9d9-ddb5-4fa4-a97d-d965ccfc6d4b" outcome="Passed" testListId="8c84fa94-04c1-424b-9868-57a2d4851a1d" relativeResultsDirectory="befc7b15-78c0-4146-b441-a1ec0adfc750" />
    <UnitTestResult executionId="28ffb4d1-9517-48bc-8988-49b9eea3c360" testId="db3f2be1-90a0-5ab7-b6d9-bd92e12b6721" testName="AiDe.Core.Tests.Watcher.RegistrationAdmissionTests.NativeRows_RequiredFieldIsNull_Rejects(table: &quot;native_registration_admission_fact&quot;, column: &quot;repository_sent&quot;)" computerName="TIMMALLSTRIX" duration="00:00:00.0119899" startTime="2026-09-17T06:11:16.0636014-07:00" endTime="2026-09-17T06:11:16.0748055-07:00" testType="13cdc9d9-ddb5-4fa4-a97d-d965ccfc6d4b" outcome="Passed" testListId="8c84fa94-04c1-424b-9868-57a2d4851a1d" relativeResultsDirectory="28ffb4d1-9517-48bc-8988-49b9eea3c360" />
    <UnitTestResult executionId="ae3a4fea-9d25-4444-95e3-c303209fd66c" testId="f9ba4205-474f-a740-b54f-768dfe61300c" testName="AiDe.Core.Tests.Watcher.RegistrationAdmissionTests.NativeRows_HexWithNulAndOversizedSuffix_Rejects(table: &quot;native_registration_admission_fact&quot;, column: &quot;context_digest&quot;, length: 64)" computerName="TIMMALLSTRIX" duration="00:00:00.0138232" startTime="2026-09-17T06:11:19.6624827-07:00" endTime="2026-09-17T06:11:19.6761852-07:00" testType="13cdc9d9-ddb5-4fa4-a97d-d965ccfc6d4b" outcome="Failed" testListId="8c84fa94-04c1-424b-9868-57a2d4851a1d" relativeResultsDirectory="ae3a4fea-9d25-4444-95e3-c303209fd66c">
      <Output>
        <StdOut>column=native_registration_admission_fact.context_digest; utf8Bytes=70065</StdOut>
        <ErrorInfo>
          <Message>Assert.Throws() Failure: No exception was thrown&#xD;
Expected: typeof(Microsoft.Data.Sqlite.SqliteException)</Message>
          <StackTrace>   at AiDe.Core.Tests.Watcher.RegistrationAdmissionTests.AssertInsertRejected(Database db, String table, String column, Object value) in C:\Projects\ai-de-feature-xh-p2-projection\tests\AiDe.Core.Tests\Watcher\RegistrationAdmissionTests.cs:line 457&#xD;
   at AiDe.Core.Tests.Watcher.RegistrationAdmissionTests.NativeRows_HexWithNulAndOversizedSuffix_Rejects(String table, String column, Int32 length) in C:\Projects\ai-de-feature-xh-p2-projection\tests\AiDe.Core.Tests\Watcher\RegistrationAdmissionTests.cs:line 33&#xD;
   at InvokeStub_RegistrationAdmissionTests.NativeRows_HexWithNulAndOversizedSuffix_Rejects(Object, Span`1)&#xD;
   at System.Reflection.MethodBaseInvoker.InvokeWithFewArgs(Object obj, BindingFlags invokeAttr, Binder binder, Object[] parameters, CultureInfo culture)</StackTrace>
        </ErrorInfo>
      </Output>
    </UnitTestResult>
    <UnitTestResult executionId="e4b15bb2-e6d4-46f4-9f37-b3ec3511be21" testId="0bd5aad9-f344-2d94-af8b-4ed796d69f2e" testName="AiDe.Core.Tests.Watcher.RegistrationAdmissionTests.NativeRows_RemovedRequiredColumnConstraints_SameNullAssertionFails(table: &quot;registration_notice_delivery&quot;, column: &quot;correction_code&quot;)" computerName="TIMMALLSTRIX" duration="00:00:00.1033743" startTime="2026-09-17T06:11:17.7920952-07:00" endTime="2026-09-17T06:11:17.8954026-07:00" testType="13cdc9d9-ddb5-4fa4-a97d-d965ccfc6d4b" outcome="Passed" testListId="8c84fa94-04c1-424b-9868-57a2d4851a1d" relativeResultsDirectory="e4b15bb2-e6d4-46f4-9f37-b3ec3511be21">
      <Output>
        <StdOut>MUTANT registration_notice_delivery.correction_code required-column constraints:
CREATE TABLE native_registration_admission_fact (&#xD;
    operation_id TEXT NOT NULL PRIMARY KEY&#xD;
        CHECK(typeof(operation_id)='text' AND length(operation_id) BETWEEN 1 AND 128&#xD;
            AND instr(operation_id,char(0))=0),&#xD;
    schema_version INTEGER NOT NULL CHECK(typeof(schema_version)='integer' AND schema_version=1),&#xD;
    input_digest TEXT NOT NULL&#xD;
        CHECK(typeof(input_digest)='text' AND length(input_digest)=64&#xD;
            AND input_digest NOT GLOB '*[^0-9a-f]*'),&#xD;
    context_digest TEXT NOT NULL&#xD;
        CHECK(typeof(context_digest)='text' AND length(context_digest)=64&#xD;
            AND context_digest NOT GLOB '*[^0-9a-f]*'),&#xD;
    decision_digest TEXT NOT NULL&#xD;
        CHECK(typeof(decision_digest)='text' AND length(decision_digest)=64&#xD;
            AND decision_digest NOT GLOB '*[^0-9a-f]*'),&#xD;
    session_id TEXT NOT NULL&#xD;
        CHECK(typeof(session_id)='text' AND length(session_id) BETWEEN 1 AND 512&#xD;
            AND instr(session_id,char(0))=0),&#xD;
    generation INTEGER NOT NULL&#xD;
        CHECK(typeof(generation)='integer' AND generation&gt;=1),&#xD;
    repository_sent TEXT NOT NULL&#xD;
        CHECK(typeof(repository_sent)='text' AND length(repository_sent) BETWEEN 1 AND 4096&#xD;
            AND instr(repository_sent,char(0))=0),&#xD;
    repository_used TEXT NOT NULL&#xD;
        CHECK(typeof(repository_used)='text' AND length(repository_used) BETWEEN 1 AND 4096&#xD;
            AND instr(repository_used,char(0))=0),&#xD;
    worktree_path TEXT NOT NULL&#xD;
        CHECK(typeof(worktree_path)='text' AND length(worktree_path) BETWEEN 1 AND 4096&#xD;
            AND instr(worktree_path,char(0))=0),&#xD;
    worktree_branch TEXT NOT NULL&#xD;
        CHECK(typeof(worktree_branch)='text' AND length(worktree_branch) BETWEEN 0 AND 512&#xD;
            AND instr(worktree_branch,char(0))=0),&#xD;
    terminal_id TEXT NOT NULL&#xD;
        CHECK(typeof(terminal_id)='text' AND length(terminal_id) BETWEEN 1 AND 512&#xD;
            AND instr(terminal_id,char(0))=0),&#xD;
    agent_name TEXT NOT NULL&#xD;
        CHECK(typeof(agent_name)='text' AND length(agent_name) BETWEEN 1 AND 256&#xD;
            AND instr(agent_name,char(0))=0),&#xD;
    harness_name TEXT NULL&#xD;
        CHECK(harness_name IS NULL OR&#xD;
            (typeof(harness_name)='text' AND length(harness_name) BETWEEN 1 AND 256&#xD;
            AND instr(harness_name,char(0))=0)),&#xD;
    harness_version TEXT NULL&#xD;
        CHECK(harness_version IS NULL OR&#xD;
            (typeof(harness_version)='text' AND length(harness_version) BETWEEN 1 AND 128&#xD;
            AND instr(harness_version,char(0))=0)),&#xD;
    model_name TEXT NULL&#xD;
        CHECK(model_name IS NULL OR&#xD;
            (typeof(model_name)='text' AND length(model_name) BETWEEN 1 AND 256&#xD;
            AND instr(model_name,char(0))=0)),&#xD;
    model_version TEXT NULL&#xD;
        CHECK(model_version IS NULL OR&#xD;
            (typeof(model_version)='text' AND length(model_version) BETWEEN 1 AND 128&#xD;
            AND instr(model_version,char(0))=0)),&#xD;
    trust TEXT NOT NULL CHECK(typeof(trust)='text' AND trust IN ('Asserted','Verified')),&#xD;
    correction_code TEXT NOT NULL&#xD;
        CHECK(typeof(correction_code)='text' AND correction_code IN ('NONE','LINKED_WORKTREE')),&#xD;
    recorded_at_ms INTEGER NOT NULL CHECK(typeof(recorded_at_ms)='integer'),&#xD;
    CHECK(harness_version IS NULL OR harness_name IS NOT NULL),&#xD;
    CHECK(model_version IS NULL OR model_name IS NOT NULL),&#xD;
    CHECK((correction_code='NONE' AND repository_sent=repository_used)&#xD;
        OR (correction_code='LINKED_WORKTREE' AND repository_sent&lt;&gt;repository_used)),&#xD;
    UNIQUE(session_id,generation),&#xD;
    UNIQUE(operation_id,schema_version,decision_digest,correction_code)&#xD;
);&#xD;
&#xD;
CREATE TRIGGER native_registration_admission_no_update&#xD;
BEFORE UPDATE ON native_registration_admission_fact BEGIN&#xD;
    SELECT RAISE(ABORT,'COORD_NATIVE_ADMISSION_IMMUTABLE');&#xD;
END;&#xD;
CREATE TRIGGER native_registration_admission_no_delete&#xD;
BEFORE DELETE ON native_registration_admission_fact BEGIN&#xD;
    SELECT RAISE(ABORT,'COORD_NATIVE_ADMISSION_IMMUTABLE');&#xD;
END;&#xD;
CREATE TRIGGER native_registration_admission_no_replace&#xD;
BEFORE INSERT ON native_registration_admission_fact&#xD;
WHEN EXISTS(SELECT 1 FROM native_registration_admission_fact&#xD;
    WHERE operation_id=NEW.operation_id&#xD;
        OR (session_id=NEW.session_id AND generation=NEW.generation))&#xD;
BEGIN&#xD;
    SELECT RAISE(ABORT,'COORD_NATIVE_ADMISSION_IMMUTABLE');&#xD;
END;&#xD;
&#xD;
CREATE TABLE registration_notice_delivery (&#xD;
    notice_id TEXT NOT NULL PRIMARY KEY&#xD;
        CHECK(typeof(notice_id)='text' AND length(notice_id)=32&#xD;
            AND notice_id NOT GLOB '*[^0-9a-f]*'),&#xD;
    operation_id TEXT NOT NULL UNIQUE&#xD;
        CHECK(typeof(operation_id)='text' AND length(operation_id) BETWEEN 1 AND 128&#xD;
            AND instr(operation_id,char(0))=0),&#xD;
    schema_version INTEGER NOT NULL CHECK(typeof(schema_version)='integer' AND schema_version=1),&#xD;
    decision_digest TEXT NOT NULL&#xD;
        CHECK(typeof(decision_digest)='text' AND length(decision_digest)=64&#xD;
            AND decision_digest NOT GLOB '*[^0-9a-f]*'),&#xD;
    correction_code TEXT NULL,&#xD;
    publication_bytes BLOB NOT NULL&#xD;
        CHECK(typeof(publication_bytes)='blob' AND length(publication_bytes) BETWEEN 1 AND 65536),&#xD;
    publication_digest TEXT NOT NULL&#xD;
        CHECK(typeof(publication_digest)='text' AND length(publication_digest)=64&#xD;
            AND publication_digest NOT GLOB '*[^0-9a-f]*'),&#xD;
    target_kind TEXT NOT NULL CHECK(typeof(target_kind)='text' AND target_kind='native-file'),&#xD;
    target_root TEXT NOT NULL&#xD;
        CHECK(typeof(target_root)='text' AND length(target_root) BETWEEN 1 AND 4096&#xD;
            AND instr(target_root,char(0))=0),&#xD;
    state TEXT NOT NULL CHECK(typeof(state)='text' AND state IN ('Pending','InFlight','Published')),&#xD;
    attempt INTEGER NOT NULL CHECK(typeof(attempt)='integer' AND attempt BETWEEN 0 AND 2147483647),&#xD;
    ownership_version INTEGER NOT NULL&#xD;
        CHECK(typeof(ownership_version)='integer' AND ownership_version&gt;=0),&#xD;
    due_at_ms INTEGER NOT NULL CHECK(typeof(due_at_ms)='integer'),&#xD;
    owner_id TEXT NULL&#xD;
        CHECK(owner_id IS NULL OR&#xD;
            (typeof(owner_id)='text' AND length(owner_id) BETWEEN 1 AND 128&#xD;
            AND instr(owner_id,char(0))=0)),&#xD;
    published_at_ms INTEGER NULL&#xD;
        CHECK(published_at_ms IS NULL OR typeof(published_at_ms)='integer'),&#xD;
    CHECK((state='InFlight' AND owner_id IS NOT NULL) OR&#xD;
        (state&lt;&gt;'InFlight' AND owner_id IS NULL)),&#xD;
    CHECK((state='Published' AND published_at_ms IS NOT NULL) OR&#xD;
        (state&lt;&gt;'Published' AND published_at_ms IS NULL)),&#xD;
    FOREIGN KEY(operation_id,schema_version,decision_digest,correction_code)&#xD;
        REFERENCES native_registration_admission_fact&#xD;
            (operation_id,schema_version,decision_digest,correction_code)&#xD;
);&#xD;
&#xD;
CREATE INDEX ix_registration_notice_due ON registration_notice_delivery(state,due_at_ms,notice_id)&#xD;
    WHERE state IN ('Pending','InFlight');&#xD;
&#xD;
CREATE TRIGGER registration_notice_initial&#xD;
BEFORE INSERT ON registration_notice_delivery&#xD;
WHEN NEW.state&lt;&gt;'Pending' OR NEW.attempt&lt;&gt;0 OR NEW.ownership_version&lt;&gt;0&#xD;
BEGIN&#xD;
    SELECT RAISE(ABORT,'COORD_NATIVE_NOTICE_INITIAL');&#xD;
END;&#xD;
CREATE TRIGGER registration_notice_no_replace&#xD;
BEFORE INSERT ON registration_notice_delivery&#xD;
WHEN EXISTS(SELECT 1 FROM registration_notice_delivery&#xD;
    WHERE notice_id=NEW.notice_id OR operation_id=NEW.operation_id)&#xD;
BEGIN&#xD;
    SELECT RAISE(ABORT,'COORD_NATIVE_NOTICE_IMMUTABLE');&#xD;
END;&#xD;
CREATE TRIGGER registration_notice_no_delete&#xD;
BEFORE DELETE ON registration_notice_delivery BEGIN&#xD;
    SELECT RAISE(ABORT,'COORD_NATIVE_NOTICE_IMMUTABLE');&#xD;
END;&#xD;
CREATE TRIGGER registration_notice_identity&#xD;
BEFORE UPDATE OF notice_id,operation_id,schema_version,decision_digest,correction_code,&#xD;
    publication_bytes,publication_digest,target_kind,target_root&#xD;
ON registration_notice_delivery BEGIN&#xD;
    SELECT RAISE(ABORT,'COORD_NATIVE_NOTICE_IMMUTABLE');&#xD;
END;&#xD;
CREATE TRIGGER registration_notice_transition&#xD;
BEFORE UPDATE ON registration_notice_delivery&#xD;
WHEN NOT (&#xD;
    NEW.ownership_version=OLD.ownership_version+1 AND (&#xD;
        (OLD.state='Pending' AND NEW.state='InFlight'&#xD;
            AND NEW.attempt=OLD.attempt+1 AND NEW.due_at_ms=OLD.due_at_ms)&#xD;
        OR&#xD;
        (OLD.state='InFlight' AND NEW.state IN ('Pending','Published')&#xD;
            AND NEW.attempt=OLD.attempt)&#xD;
    )&#xD;
)&#xD;
BEGIN&#xD;
    SELECT RAISE(ABORT,'COORD_NATIVE_NOTICE_TRANSITION');&#xD;
END;</StdOut>
      </Output>
    </UnitTestResult>
    <UnitTestResult executionId="a6232c8c-fb5a-46b0-8683-f73fce38bf15" testId="22e47d91-3f03-ea43-6518-8595d75bf744" testName="AiDe.Core.Tests.Watcher.RegistrationNoticeReliabilityTests.DrainRegistrationNotices_PublicationFails_RetryRetainsOriginalCorrection" computerName="TIMMALLSTRIX" duration="00:00:00.0217887" startTime="2026-09-17T06:11:15.1296063-07:00" endTime="2026-09-17T06:11:15.1553536-07:00" testType="13cdc9d9-ddb5-4fa4-a97d-d965ccfc6d4b" outcome="Failed" testListId="8c84fa94-04c1-424b-9868-57a2d4851a1d" relativeResultsDirectory="a6232c8c-fb5a-46b0-8683-f73fce38bf15">
      <Output>
        <StdOut>{"scenario":"N1","failure":"UnauthorizedAccessException","accepted":1,"original":{"SessionId":"notice-first-1","RepositorySent":"c:\\projects\\ai-de-feature-xh-p2-projection\\tests\\aide.core.tests\\obj\\notice-fixtures\\6a301435be234f8f957f2cc22948d114\\linked","RepositoryUsed":"c:\\projects\\ai-de-feature-xh-p2-projection\\tests\\aide.core.tests\\obj\\notice-fixtures\\6a301435be234f8f957f2cc22948d114\\repository","Reason":"the registered path is a linked worktree; its repository is used so the fleet map, the message board and the score segment all agree with the other worktrees of that repository"},"retryCount":0,"nativeStateUnchanged":true,"temporaryFilePreserved":true}</StdOut>
        <ErrorInfo>
          <Message>Assert.Single() Failure: The collection was empty</Message>
          <StackTrace>   at AiDe.Core.Tests.Watcher.RegistrationNoticeReliabilityTests.DrainRegistrationNotices_PublicationFails_RetryRetainsOriginalCorrection() in C:\Projects\ai-de-feature-xh-p2-projection\tests\AiDe.Core.Tests\Watcher\RegistrationNoticeReliabilityTests.cs:line 53&#xD;
   at System.Reflection.MethodBaseInvoker.InterpretedInvoke_Method(Object obj, IntPtr* args)&#xD;
   at System.Reflection.MethodBaseInvoker.InvokeWithNoArgs(Object obj, BindingFlags invokeAttr)</StackTrace>
        </ErrorInfo>
      </Output>
    </UnitTestResult>
    <UnitTestResult executionId="7bd5f2e0-1c35-40c2-8f89-7f6fbdb39126" testId="18aebf58-3ba7-5902-c4ce-43e109e09c51" testName="AiDe.Core.Tests.Watcher.RegistrationAdmissionTests.NativeRows_RemovedRequiredColumnConstraints_SameNullAssertionFails(table: &quot;registration_notice_delivery&quot;, column: &quot;due_at_ms&quot;)" computerName="TIMMALLSTRIX" duration="00:00:00.1191382" startTime="2026-09-17T06:11:17.4603883-07:00" endTime="2026-09-17T06:11:17.5794725-07:00" testType="13cdc9d9-ddb5-4fa4-a97d-d965ccfc6d4b" outcome="Passed" testListId="8c84fa94-04c1-424b-9868-57a2d4851a1d" relativeResultsDirectory="7bd5f2e0-1c35-40c2-8f89-7f6fbdb39126">
      <Output>
        <StdOut>MUTANT registration_notice_delivery.due_at_ms required-column constraints:
CREATE TABLE native_registration_admission_fact (&#xD;
    operation_id TEXT NOT NULL PRIMARY KEY&#xD;
        CHECK(typeof(operation_id)='text' AND length(operation_id) BETWEEN 1 AND 128&#xD;
            AND instr(operation_id,char(0))=0),&#xD;
    schema_version INTEGER NOT NULL CHECK(typeof(schema_version)='integer' AND schema_version=1),&#xD;
    input_digest TEXT NOT NULL&#xD;
        CHECK(typeof(input_digest)='text' AND length(input_digest)=64&#xD;
            AND input_digest NOT GLOB '*[^0-9a-f]*'),&#xD;
    context_digest TEXT NOT NULL&#xD;
        CHECK(typeof(context_digest)='text' AND length(context_digest)=64&#xD;
            AND context_digest NOT GLOB '*[^0-9a-f]*'),&#xD;
    decision_digest TEXT NOT NULL&#xD;
        CHECK(typeof(decision_digest)='text' AND length(decision_digest)=64&#xD;
            AND decision_digest NOT GLOB '*[^0-9a-f]*'),&#xD;
    session_id TEXT NOT NULL&#xD;
        CHECK(typeof(session_id)='text' AND length(session_id) BETWEEN 1 AND 512&#xD;
            AND instr(session_id,char(0))=0),&#xD;
    generation INTEGER NOT NULL&#xD;
        CHECK(typeof(generation)='integer' AND generation&gt;=1),&#xD;
    repository_sent TEXT NOT NULL&#xD;
        CHECK(typeof(repository_sent)='text' AND length(repository_sent) BETWEEN 1 AND 4096&#xD;
            AND instr(repository_sent,char(0))=0),&#xD;
    repository_used TEXT NOT NULL&#xD;
        CHECK(typeof(repository_used)='text' AND length(repository_used) BETWEEN 1 AND 4096&#xD;
            AND instr(repository_used,char(0))=0),&#xD;
    worktree_path TEXT NOT NULL&#xD;
        CHECK(typeof(worktree_path)='text' AND length(worktree_path) BETWEEN 1 AND 4096&#xD;
            AND instr(worktree_path,char(0))=0),&#xD;
    worktree_branch TEXT NOT NULL&#xD;
        CHECK(typeof(worktree_branch)='text' AND length(worktree_branch) BETWEEN 0 AND 512&#xD;
            AND instr(worktree_branch,char(0))=0),&#xD;
    terminal_id TEXT NOT NULL&#xD;
        CHECK(typeof(terminal_id)='text' AND length(terminal_id) BETWEEN 1 AND 512&#xD;
            AND instr(terminal_id,char(0))=0),&#xD;
    agent_name TEXT NOT NULL&#xD;
        CHECK(typeof(agent_name)='text' AND length(agent_name) BETWEEN 1 AND 256&#xD;
            AND instr(agent_name,char(0))=0),&#xD;
    harness_name TEXT NULL&#xD;
        CHECK(harness_name IS NULL OR&#xD;
            (typeof(harness_name)='text' AND length(harness_name) BETWEEN 1 AND 256&#xD;
            AND instr(harness_name,char(0))=0)),&#xD;
    harness_version TEXT NULL&#xD;
        CHECK(harness_version IS NULL OR&#xD;
            (typeof(harness_version)='text' AND length(harness_version) BETWEEN 1 AND 128&#xD;
            AND instr(harness_version,char(0))=0)),&#xD;
    model_name TEXT NULL&#xD;
        CHECK(model_name IS NULL OR&#xD;
            (typeof(model_name)='text' AND length(model_name) BETWEEN 1 AND 256&#xD;
            AND instr(model_name,char(0))=0)),&#xD;
    model_version TEXT NULL&#xD;
        CHECK(model_version IS NULL OR&#xD;
            (typeof(model_version)='text' AND length(model_version) BETWEEN 1 AND 128&#xD;
            AND instr(model_version,char(0))=0)),&#xD;
    trust TEXT NOT NULL CHECK(typeof(trust)='text' AND trust IN ('Asserted','Verified')),&#xD;
    correction_code TEXT NOT NULL&#xD;
        CHECK(typeof(correction_code)='text' AND correction_code IN ('NONE','LINKED_WORKTREE')),&#xD;
    recorded_at_ms INTEGER NOT NULL CHECK(typeof(recorded_at_ms)='integer'),&#xD;
    CHECK(harness_version IS NULL OR harness_name IS NOT NULL),&#xD;
    CHECK(model_version IS NULL OR model_name IS NOT NULL),&#xD;
    CHECK((correction_code='NONE' AND repository_sent=repository_used)&#xD;
        OR (correction_code='LINKED_WORKTREE' AND repository_sent&lt;&gt;repository_used)),&#xD;
    UNIQUE(session_id,generation),&#xD;
    UNIQUE(operation_id,schema_version,decision_digest,correction_code)&#xD;
);&#xD;
&#xD;
CREATE TRIGGER native_registration_admission_no_update&#xD;
BEFORE UPDATE ON native_registration_admission_fact BEGIN&#xD;
    SELECT RAISE(ABORT,'COORD_NATIVE_ADMISSION_IMMUTABLE');&#xD;
END;&#xD;
CREATE TRIGGER native_registration_admission_no_delete&#xD;
BEFORE DELETE ON native_registration_admission_fact BEGIN&#xD;
    SELECT RAISE(ABORT,'COORD_NATIVE_ADMISSION_IMMUTABLE');&#xD;
END;&#xD;
CREATE TRIGGER native_registration_admission_no_replace&#xD;
BEFORE INSERT ON native_registration_admission_fact&#xD;
WHEN EXISTS(SELECT 1 FROM native_registration_admission_fact&#xD;
    WHERE operation_id=NEW.operation_id&#xD;
        OR (session_id=NEW.session_id AND generation=NEW.generation))&#xD;
BEGIN&#xD;
    SELECT RAISE(ABORT,'COORD_NATIVE_ADMISSION_IMMUTABLE');&#xD;
END;&#xD;
&#xD;
CREATE TABLE registration_notice_delivery (&#xD;
    notice_id TEXT NOT NULL PRIMARY KEY&#xD;
        CHECK(typeof(notice_id)='text' AND length(notice_id)=32&#xD;
            AND notice_id NOT GLOB '*[^0-9a-f]*'),&#xD;
    operation_id TEXT NOT NULL UNIQUE&#xD;
        CHECK(typeof(operation_id)='text' AND length(operation_id) BETWEEN 1 AND 128&#xD;
            AND instr(operation_id,char(0))=0),&#xD;
    schema_version INTEGER NOT NULL CHECK(typeof(schema_version)='integer' AND schema_version=1),&#xD;
    decision_digest TEXT NOT NULL&#xD;
        CHECK(typeof(decision_digest)='text' AND length(decision_digest)=64&#xD;
            AND decision_digest NOT GLOB '*[^0-9a-f]*'),&#xD;
    correction_code TEXT NOT NULL CHECK(correction_code='LINKED_WORKTREE'),&#xD;
    publication_bytes BLOB NOT NULL&#xD;
        CHECK(typeof(publication_bytes)='blob' AND length(publication_bytes) BETWEEN 1 AND 65536),&#xD;
    publication_digest TEXT NOT NULL&#xD;
        CHECK(typeof(publication_digest)='text' AND length(publication_digest)=64&#xD;
            AND publication_digest NOT GLOB '*[^0-9a-f]*'),&#xD;
    target_kind TEXT NOT NULL CHECK(typeof(target_kind)='text' AND target_kind='native-file'),&#xD;
    target_root TEXT NOT NULL&#xD;
        CHECK(typeof(target_root)='text' AND length(target_root) BETWEEN 1 AND 4096&#xD;
            AND instr(target_root,char(0))=0),&#xD;
    state TEXT NOT NULL CHECK(typeof(state)='text' AND state IN ('Pending','InFlight','Published')),&#xD;
    attempt INTEGER NOT NULL CHECK(typeof(attempt)='integer' AND attempt BETWEEN 0 AND 2147483647),&#xD;
    ownership_version INTEGER NOT NULL&#xD;
        CHECK(typeof(ownership_version)='integer' AND ownership_version&gt;=0),&#xD;
    due_at_ms INTEGER NULL,&#xD;
    owner_id TEXT NULL&#xD;
        CHECK(owner_id IS NULL OR&#xD;
            (typeof(owner_id)='text' AND length(owner_id) BETWEEN 1 AND 128&#xD;
            AND instr(owner_id,char(0))=0)),&#xD;
    published_at_ms INTEGER NULL&#xD;
        CHECK(published_at_ms IS NULL OR typeof(published_at_ms)='integer'),&#xD;
    CHECK((state='InFlight' AND owner_id IS NOT NULL) OR&#xD;
        (state&lt;&gt;'InFlight' AND owner_id IS NULL)),&#xD;
    CHECK((state='Published' AND published_at_ms IS NOT NULL) OR&#xD;
        (state&lt;&gt;'Published' AND published_at_ms IS NULL)),&#xD;
    FOREIGN KEY(operation_id,schema_version,decision_digest,correction_code)&#xD;
        REFERENCES native_registration_admission_fact&#xD;
            (operation_id,schema_version,decision_digest,correction_code)&#xD;
);&#xD;
&#xD;
CREATE INDEX ix_registration_notice_due ON registration_notice_delivery(state,due_at_ms,notice_id)&#xD;
    WHERE state IN ('Pending','InFlight');&#xD;
&#xD;
CREATE TRIGGER registration_notice_initial&#xD;
BEFORE INSERT ON registration_notice_delivery&#xD;
WHEN NEW.state&lt;&gt;'Pending' OR NEW.attempt&lt;&gt;0 OR NEW.ownership_version&lt;&gt;0&#xD;
BEGIN&#xD;
    SELECT RAISE(ABORT,'COORD_NATIVE_NOTICE_INITIAL');&#xD;
END;&#xD;
CREATE TRIGGER registration_notice_no_replace&#xD;
BEFORE INSERT ON registration_notice_delivery&#xD;
WHEN EXISTS(SELECT 1 FROM registration_notice_delivery&#xD;
    WHERE notice_id=NEW.notice_id OR operation_id=NEW.operation_id)&#xD;
BEGIN&#xD;
    SELECT RAISE(ABORT,'COORD_NATIVE_NOTICE_IMMUTABLE');&#xD;
END;&#xD;
CREATE TRIGGER registration_notice_no_delete&#xD;
BEFORE DELETE ON registration_notice_delivery BEGIN&#xD;
    SELECT RAISE(ABORT,'COORD_NATIVE_NOTICE_IMMUTABLE');&#xD;
END;&#xD;
CREATE TRIGGER registration_notice_identity&#xD;
BEFORE UPDATE OF notice_id,operation_id,schema_version,decision_digest,correction_code,&#xD;
    publication_bytes,publication_digest,target_kind,target_root&#xD;
ON registration_notice_delivery BEGIN&#xD;
    SELECT RAISE(ABORT,'COORD_NATIVE_NOTICE_IMMUTABLE');&#xD;
END;&#xD;
CREATE TRIGGER registration_notice_transition&#xD;
BEFORE UPDATE ON registration_notice_delivery&#xD;
WHEN NOT (&#xD;
    NEW.ownership_version=OLD.ownership_version+1 AND (&#xD;
        (OLD.state='Pending' AND NEW.state='InFlight'&#xD;
            AND NEW.attempt=OLD.attempt+1 AND NEW.due_at_ms=OLD.due_at_ms)&#xD;
        OR&#xD;
        (OLD.state='InFlight' AND NEW.state IN ('Pending','Published')&#xD;
            AND NEW.attempt=OLD.attempt)&#xD;
    )&#xD;
)&#xD;
BEGIN&#xD;
    SELECT RAISE(ABORT,'COORD_NATIVE_NOTICE_TRANSITION');&#xD;
END;</StdOut>
      </Output>
    </UnitTestResult>
    <UnitTestResult executionId="f9cf74b3-3796-4223-9771-baa144f8867d" testId="7f9e8d1f-2831-79ac-c7b5-2c3f376ba758" testName="AiDe.Core.Tests.Watcher.RegistrationAdmissionTests.Notice_RemovedDueTypeCheck_SameInsertAssertionFails" computerName="TIMMALLSTRIX" duration="00:00:00.1369604" startTime="2026-09-17T06:11:20.2942467-07:00" endTime="2026-09-17T06:11:20.4311840-07:00" testType="13cdc9d9-ddb5-4fa4-a97d-d965ccfc6d4b" outcome="Passed" testListId="8c84fa94-04c1-424b-9868-57a2d4851a1d" relativeResultsDirectory="f9cf74b3-3796-4223-9771-baa144f8867d">
      <Output>
        <StdOut>MUTANT due_at_ms type guard only:
CREATE TABLE native_registration_admission_fact (&#xD;
    operation_id TEXT NOT NULL PRIMARY KEY&#xD;
        CHECK(typeof(operation_id)='text' AND length(operation_id) BETWEEN 1 AND 128&#xD;
            AND instr(operation_id,char(0))=0),&#xD;
    schema_version INTEGER NOT NULL CHECK(typeof(schema_version)='integer' AND schema_version=1),&#xD;
    input_digest TEXT NOT NULL&#xD;
        CHECK(typeof(input_digest)='text' AND length(input_digest)=64&#xD;
            AND input_digest NOT GLOB '*[^0-9a-f]*'),&#xD;
    context_digest TEXT NOT NULL&#xD;
        CHECK(typeof(context_digest)='text' AND length(context_digest)=64&#xD;
            AND context_digest NOT GLOB '*[^0-9a-f]*'),&#xD;
    decision_digest TEXT NOT NULL&#xD;
        CHECK(typeof(decision_digest)='text' AND length(decision_digest)=64&#xD;
            AND decision_digest NOT GLOB '*[^0-9a-f]*'),&#xD;
    session_id TEXT NOT NULL&#xD;
        CHECK(typeof(session_id)='text' AND length(session_id) BETWEEN 1 AND 512&#xD;
            AND instr(session_id,char(0))=0),&#xD;
    generation INTEGER NOT NULL&#xD;
        CHECK(typeof(generation)='integer' AND generation&gt;=1),&#xD;
    repository_sent TEXT NOT NULL&#xD;
        CHECK(typeof(repository_sent)='text' AND length(repository_sent) BETWEEN 1 AND 4096&#xD;
            AND instr(repository_sent,char(0))=0),&#xD;
    repository_used TEXT NOT NULL&#xD;
        CHECK(typeof(repository_used)='text' AND length(repository_used) BETWEEN 1 AND 4096&#xD;
            AND instr(repository_used,char(0))=0),&#xD;
    worktree_path TEXT NOT NULL&#xD;
        CHECK(typeof(worktree_path)='text' AND length(worktree_path) BETWEEN 1 AND 4096&#xD;
            AND instr(worktree_path,char(0))=0),&#xD;
    worktree_branch TEXT NOT NULL&#xD;
        CHECK(typeof(worktree_branch)='text' AND length(worktree_branch) BETWEEN 0 AND 512&#xD;
            AND instr(worktree_branch,char(0))=0),&#xD;
    terminal_id TEXT NOT NULL&#xD;
        CHECK(typeof(terminal_id)='text' AND length(terminal_id) BETWEEN 1 AND 512&#xD;
            AND instr(terminal_id,char(0))=0),&#xD;
    agent_name TEXT NOT NULL&#xD;
        CHECK(typeof(agent_name)='text' AND length(agent_name) BETWEEN 1 AND 256&#xD;
            AND instr(agent_name,char(0))=0),&#xD;
    harness_name TEXT NULL&#xD;
        CHECK(harness_name IS NULL OR&#xD;
            (typeof(harness_name)='text' AND length(harness_name) BETWEEN 1 AND 256&#xD;
            AND instr(harness_name,char(0))=0)),&#xD;
    harness_version TEXT NULL&#xD;
        CHECK(harness_version IS NULL OR&#xD;
            (typeof(harness_version)='text' AND length(harness_version) BETWEEN 1 AND 128&#xD;
            AND instr(harness_version,char(0))=0)),&#xD;
    model_name TEXT NULL&#xD;
        CHECK(model_name IS NULL OR&#xD;
            (typeof(model_name)='text' AND length(model_name) BETWEEN 1 AND 256&#xD;
            AND instr(model_name,char(0))=0)),&#xD;
    model_version TEXT NULL&#xD;
        CHECK(model_version IS NULL OR&#xD;
            (typeof(model_version)='text' AND length(model_version) BETWEEN 1 AND 128&#xD;
            AND instr(model_version,char(0))=0)),&#xD;
    trust TEXT NOT NULL CHECK(typeof(trust)='text' AND trust IN ('Asserted','Verified')),&#xD;
    correction_code TEXT NOT NULL&#xD;
        CHECK(typeof(correction_code)='text' AND correction_code IN ('NONE','LINKED_WORKTREE')),&#xD;
    recorded_at_ms INTEGER NOT NULL CHECK(typeof(recorded_at_ms)='integer'),&#xD;
    CHECK(harness_version IS NULL OR harness_name IS NOT NULL),&#xD;
    CHECK(model_version IS NULL OR model_name IS NOT NULL),&#xD;
    CHECK((correction_code='NONE' AND repository_sent=repository_used)&#xD;
        OR (correction_code='LINKED_WORKTREE' AND repository_sent&lt;&gt;repository_used)),&#xD;
    UNIQUE(session_id,generation),&#xD;
    UNIQUE(operation_id,schema_version,decision_digest,correction_code)&#xD;
);&#xD;
&#xD;
CREATE TRIGGER native_registration_admission_no_update&#xD;
BEFORE UPDATE ON native_registration_admission_fact BEGIN&#xD;
    SELECT RAISE(ABORT,'COORD_NATIVE_ADMISSION_IMMUTABLE');&#xD;
END;&#xD;
CREATE TRIGGER native_registration_admission_no_delete&#xD;
BEFORE DELETE ON native_registration_admission_fact BEGIN&#xD;
    SELECT RAISE(ABORT,'COORD_NATIVE_ADMISSION_IMMUTABLE');&#xD;
END;&#xD;
CREATE TRIGGER native_registration_admission_no_replace&#xD;
BEFORE INSERT ON native_registration_admission_fact&#xD;
WHEN EXISTS(SELECT 1 FROM native_registration_admission_fact&#xD;
    WHERE operation_id=NEW.operation_id&#xD;
        OR (session_id=NEW.session_id AND generation=NEW.generation))&#xD;
BEGIN&#xD;
    SELECT RAISE(ABORT,'COORD_NATIVE_ADMISSION_IMMUTABLE');&#xD;
END;&#xD;
&#xD;
CREATE TABLE registration_notice_delivery (&#xD;
    notice_id TEXT NOT NULL PRIMARY KEY&#xD;
        CHECK(typeof(notice_id)='text' AND length(notice_id)=32&#xD;
            AND notice_id NOT GLOB '*[^0-9a-f]*'),&#xD;
    operation_id TEXT NOT NULL UNIQUE&#xD;
        CHECK(typeof(operation_id)='text' AND length(operation_id) BETWEEN 1 AND 128&#xD;
            AND instr(operation_id,char(0))=0),&#xD;
    schema_version INTEGER NOT NULL CHECK(typeof(schema_version)='integer' AND schema_version=1),&#xD;
    decision_digest TEXT NOT NULL&#xD;
        CHECK(typeof(decision_digest)='text' AND length(decision_digest)=64&#xD;
            AND decision_digest NOT GLOB '*[^0-9a-f]*'),&#xD;
    correction_code TEXT NOT NULL CHECK(correction_code='LINKED_WORKTREE'),&#xD;
    publication_bytes BLOB NOT NULL&#xD;
        CHECK(typeof(publication_bytes)='blob' AND length(publication_bytes) BETWEEN 1 AND 65536),&#xD;
    publication_digest TEXT NOT NULL&#xD;
        CHECK(typeof(publication_digest)='text' AND length(publication_digest)=64&#xD;
            AND publication_digest NOT GLOB '*[^0-9a-f]*'),&#xD;
    target_kind TEXT NOT NULL CHECK(typeof(target_kind)='text' AND target_kind='native-file'),&#xD;
    target_root TEXT NOT NULL&#xD;
        CHECK(typeof(target_root)='text' AND length(target_root) BETWEEN 1 AND 4096&#xD;
            AND instr(target_root,char(0))=0),&#xD;
    state TEXT NOT NULL CHECK(typeof(state)='text' AND state IN ('Pending','InFlight','Published')),&#xD;
    attempt INTEGER NOT NULL CHECK(typeof(attempt)='integer' AND attempt BETWEEN 0 AND 2147483647),&#xD;
    ownership_version INTEGER NOT NULL&#xD;
        CHECK(typeof(ownership_version)='integer' AND ownership_version&gt;=0),&#xD;
    due_at_ms INTEGER NOT NULL,&#xD;
    owner_id TEXT NULL&#xD;
        CHECK(owner_id IS NULL OR&#xD;
            (typeof(owner_id)='text' AND length(owner_id) BETWEEN 1 AND 128&#xD;
            AND instr(owner_id,char(0))=0)),&#xD;
    published_at_ms INTEGER NULL&#xD;
        CHECK(published_at_ms IS NULL OR typeof(published_at_ms)='integer'),&#xD;
    CHECK((state='InFlight' AND owner_id IS NOT NULL) OR&#xD;
        (state&lt;&gt;'InFlight' AND owner_id IS NULL)),&#xD;
    CHECK((state='Published' AND published_at_ms IS NOT NULL) OR&#xD;
        (state&lt;&gt;'Published' AND published_at_ms IS NULL)),&#xD;
    FOREIGN KEY(operation_id,schema_version,decision_digest,correction_code)&#xD;
        REFERENCES native_registration_admission_fact&#xD;
            (operation_id,schema_version,decision_digest,correction_code)&#xD;
);&#xD;
&#xD;
CREATE INDEX ix_registration_notice_due ON registration_notice_delivery(state,due_at_ms,notice_id)&#xD;
    WHERE state IN ('Pending','InFlight');&#xD;
&#xD;
CREATE TRIGGER registration_notice_initial&#xD;
BEFORE INSERT ON registration_notice_delivery&#xD;
WHEN NEW.state&lt;&gt;'Pending' OR NEW.attempt&lt;&gt;0 OR NEW.ownership_version&lt;&gt;0&#xD;
BEGIN&#xD;
    SELECT RAISE(ABORT,'COORD_NATIVE_NOTICE_INITIAL');&#xD;
END;&#xD;
CREATE TRIGGER registration_notice_no_replace&#xD;
BEFORE INSERT ON registration_notice_delivery&#xD;
WHEN EXISTS(SELECT 1 FROM registration_notice_delivery&#xD;
    WHERE notice_id=NEW.notice_id OR operation_id=NEW.operation_id)&#xD;
BEGIN&#xD;
    SELECT RAISE(ABORT,'COORD_NATIVE_NOTICE_IMMUTABLE');&#xD;
END;&#xD;
CREATE TRIGGER registration_notice_no_delete&#xD;
BEFORE DELETE ON registration_notice_delivery BEGIN&#xD;
    SELECT RAISE(ABORT,'COORD_NATIVE_NOTICE_IMMUTABLE');&#xD;
END;&#xD;
CREATE TRIGGER registration_notice_identity&#xD;
BEFORE UPDATE OF notice_id,operation_id,schema_version,decision_digest,correction_code,&#xD;
    publication_bytes,publication_digest,target_kind,target_root&#xD;
ON registration_notice_delivery BEGIN&#xD;
    SELECT RAISE(ABORT,'COORD_NATIVE_NOTICE_IMMUTABLE');&#xD;
END;&#xD;
CREATE TRIGGER registration_notice_transition&#xD;
BEFORE UPDATE ON registration_notice_delivery&#xD;
WHEN NOT (&#xD;
    NEW.ownership_version=OLD.ownership_version+1 AND (&#xD;
        (OLD.state='Pending' AND NEW.state='InFlight'&#xD;
            AND NEW.attempt=OLD.attempt+1 AND NEW.due_at_ms=OLD.due_at_ms)&#xD;
        OR&#xD;
        (OLD.state='InFlight' AND NEW.state IN ('Pending','Published')&#xD;
[...]
irst-50\u0022,\u0022generation\u0022:1,\u0022heartbeat\u0022:1000000,\u0022ended\u0022:false},{\u0022SessionId\u0022:\u0022notice-first-51\u0022,\u0022generation\u0022:1,\u0022heartbeat\u0022:1000000,\u0022ended\u0022:false},{\u0022SessionId\u0022:\u0022notice-first-52\u0022,\u0022generation\u0022:1,\u0022heartbeat\u0022:1000000,\u0022ended\u0022:false},{\u0022SessionId\u0022:\u0022notice-first-53\u0022,\u0022generation\u0022:1,\u0022heartbeat\u0022:1000000,\u0022ended\u0022:false},{\u0022SessionId\u0022:\u0022notice-first-54\u0022,\u0022generation\u0022:1,\u0022heartbeat\u0022:1000000,\u0022ended\u0022:false},{\u0022SessionId\u0022:\u0022notice-first-55\u0022,\u0022generation\u0022:1,\u0022heartbeat\u0022:1000000,\u0022ended\u0022:false},{\u0022SessionId\u0022:\u0022notice-first-56\u0022,\u0022generation\u0022:1,\u0022heartbeat\u0022:1000000,\u0022ended\u0022:false},{\u0022SessionId\u0022:\u0022notice-first-57\u0022,\u0022generation\u0022:1,\u0022heartbeat\u0022:1000000,\u0022ended\u0022:false},{\u0022SessionId\u0022:\u0022notice-first-58\u0022,\u0022generation\u0022:1,\u0022heartbeat\u0022:1000000,\u0022ended\u0022:false},{\u0022SessionId\u0022:\u0022notice-first-59\u0022,\u0022generation\u0022:1,\u0022heartbeat\u0022:1000000,\u0022ended\u0022:false},{\u0022SessionId\u0022:\u0022notice-first-6\u0022,\u0022generation\u0022:1,\u0022heartbeat\u0022:1000000,\u0022ended\u0022:false},{\u0022SessionId\u0022:\u0022notice-first-60\u0022,\u0022generation\u0022:1,\u0022heartbeat\u0022:1000000,\u0022ended\u0022:false},{\u0022SessionId\u0022:\u0022notice-first-61\u0022,\u0022generation\u0022:1,\u0022heartbeat\u0022:1000000,\u0022ended\u0022:false},{\u0022SessionId\u0022:\u0022notice-first-62\u0022,\u0022generation\u0022:1,\u0022heartbeat\u0022:1000000,\u0022ended\u0022:false},{\u0022SessionId\u0022:\u0022notice-first-63\u0022,\u0022generation\u0022:1,\u0022heartbeat\u0022:1000000,\u0022ended\u0022:false},{\u0022SessionId\u0022:\u0022notice-first-64\u0022,\u0022generation\u0022:1,\u0022heartbeat\u0022:1000000,\u0022ended\u0022:false},{\u0022SessionId\u0022:\u0022notice-first-7\u0022,\u0022generation\u0022:1,\u0022heartbeat\u0022:1000000,\u0022ended\u0022:false},{\u0022SessionId\u0022:\u0022notice-first-8\u0022,\u0022generation\u0022:1,\u0022heartbeat\u0022:1000000,\u0022ended\u0022:false},{\u0022SessionId\u0022:\u0022notice-first-9\u0022,\u0022generation\u0022:1,\u0022heartbeat\u0022:1000000,\u0022ended\u0022:false},{\u0022SessionId\u0022:\u0022notice-second-1\u0022,\u0022generation\u0022:1,\u0022heartbeat\u0022:1000000,\u0022ended\u0022:false},{\u0022SessionId\u0022:\u0022notice-second-10\u0022,\u0022generation\u0022:1,\u0022heartbeat\u0022:1000000,\u0022ended\u0022:false},{\u0022SessionId\u0022:\u0022notice-second-11\u0022,\u0022generation\u0022:1,\u0022heartbeat\u0022:1000000,\u0022ended\u0022:false},{\u0022SessionId\u0022:\u0022notice-second-12\u0022,\u0022generation\u0022:1,\u0022heartbeat\u0022:1000000,\u0022ended\u0022:false},{\u0022SessionId\u0022:\u0022notice-second-13\u0022,\u0022generation\u0022:1,\u0022heartbeat\u0022:1000000,\u0022ended\u0022:false},{\u0022SessionId\u0022:\u0022notice-second-14\u0022,\u0022generation\u0022:1,\u0022heartbeat\u0022:1000000,\u0022ended\u0022:false},{\u0022SessionId\u0022:\u0022notice-second-15\u0022,\u0022generation\u0022:1,\u0022heartbeat\u0022:1000000,\u0022ended\u0022:false},{\u0022SessionId\u0022:\u0022notice-second-16\u0022,\u0022generation\u0022:1,\u0022heartbeat\u0022:1000000,\u0022ended\u0022:false},{\u0022SessionId\u0022:\u0022notice-second-17\u0022,\u0022generation\u0022:1,\u0022heartbeat\u0022:1000000,\u0022ended\u0022:false},{\u0022SessionId\u0022:\u0022notice-second-18\u0022,\u0022generation\u0022:1,\u0022heartbeat\u0022:1000000,\u0022ended\u0022:false},{\u0022SessionId\u0022:\u0022notice-second-19\u0022,\u0022generation\u0022:1,\u0022heartbeat\u0022:1000000,\u0022ended\u0022:false},{\u0022SessionId\u0022:\u0022notice-second-2\u0022,\u0022generation\u0022:1,\u0022heartbeat\u0022:1000000,\u0022ended\u0022:false},{\u0022SessionId\u0022:\u0022notice-second-20\u0022,\u0022generation\u0022:1,\u0022heartbeat\u0022:1000000,\u0022ended\u0022:false},{\u0022SessionId\u0022:\u0022notice-second-21\u0022,\u0022generation\u0022:1,\u0022heartbeat\u0022:1000000,\u0022ended\u0022:false},{\u0022SessionId\u0022:\u0022notice-second-22\u0022,\u0022generation\u0022:1,\u0022heartbeat\u0022:1000000,\u0022ended\u0022:false},{\u0022SessionId\u0022:\u0022notice-second-23\u0022,\u0022generation\u0022:1,\u0022heartbeat\u0022:1000000,\u0022ended\u0022:false},{\u0022SessionId\u0022:\u0022notice-second-24\u0022,\u0022generation\u0022:1,\u0022heartbeat\u0022:1000000,\u0022ended\u0022:false},{\u0022SessionId\u0022:\u0022notice-second-25\u0022,\u0022generation\u0022:1,\u0022heartbeat\u0022:1000000,\u0022ended\u0022:false},{\u0022SessionId\u0022:\u0022notice-second-26\u0022,\u0022generation\u0022:1,\u0022heartbeat\u0022:1000000,\u0022ended\u0022:false},{\u0022SessionId\u0022:\u0022notice-second-27\u0022,\u0022generation\u0022:1,\u0022heartbeat\u0022:1000000,\u0022ended\u0022:false},{\u0022SessionId\u0022:\u0022notice-second-28\u0022,\u0022generation\u0022:1,\u0022heartbeat\u0022:1000000,\u0022ended\u0022:false},{\u0022SessionId\u0022:\u0022notice-second-29\u0022,\u0022generation\u0022:1,\u0022heartbeat\u0022:1000000,\u0022ended\u0022:false},{\u0022SessionId\u0022:\u0022notice-second-3\u0022,\u0022generation\u0022:1,\u0022heartbeat\u0022:1000000,\u0022ended\u0022:false},{\u0022SessionId\u0022:\u0022notice-second-30\u0022,\u0022generation\u0022:1,\u0022heartbeat\u0022:1000000,\u0022ended\u0022:false},{\u0022SessionId\u0022:\u0022notice-second-31\u0022,\u0022generation\u0022:1,\u0022heartbeat\u0022:1000000,\u0022ended\u0022:false},{\u0022SessionId\u0022:\u0022notice-second-32\u0022,\u0022generation\u0022:1,\u0022heartbeat\u0022:1000000,\u0022ended\u0022:false},{\u0022SessionId\u0022:\u0022notice-second-33\u0022,\u0022generation\u0022:1,\u0022heartbeat\u0022:1000000,\u0022ended\u0022:false},{\u0022SessionId\u0022:\u0022notice-second-34\u0022,\u0022generation\u0022:1,\u0022heartbeat\u0022:1000000,\u0022ended\u0022:false},{\u0022SessionId\u0022:\u0022notice-second-35\u0022,\u0022generation\u0022:1,\u0022heartbeat\u0022:1000000,\u0022ended\u0022:false},{\u0022SessionId\u0022:\u0022notice-second-36\u0022,\u0022generation\u0022:1,\u0022heartbeat\u0022:1000000,\u0022ended\u0022:false},{\u0022SessionId\u0022:\u0022notice-second-37\u0022,\u0022generation\u0022:1,\u0022heartbeat\u0022:1000000,\u0022ended\u0022:false},{\u0022SessionId\u0022:\u0022notice-second-38\u0022,\u0022generation\u0022:1,\u0022heartbeat\u0022:1000000,\u0022ended\u0022:false},{\u0022SessionId\u0022:\u0022notice-second-39\u0022,\u0022generation\u0022:1,\u0022heartbeat\u0022:1000000,\u0022ended\u0022:false},{\u0022SessionId\u0022:\u0022notice-second-4\u0022,\u0022generation\u0022:1,\u0022heartbeat\u0022:1000000,\u0022ended\u0022:false},{\u0022SessionId\u0022:\u0022notice-second-40\u0022,\u0022generation\u0022:1,\u0022heartbeat\u0022:1000000,\u0022ended\u0022:false},{\u0022SessionId\u0022:\u0022notice-second-41\u0022,\u0022generation\u0022:1,\u0022heartbeat\u0022:1000000,\u0022ended\u0022:false},{\u0022SessionId\u0022:\u0022notice-second-42\u0022,\u0022generation\u0022:1,\u0022heartbeat\u0022:1000000,\u0022ended\u0022:false},{\u0022SessionId\u0022:\u0022notice-second-43\u0022,\u0022generation\u0022:1,\u0022heartbeat\u0022:1000000,\u0022ended\u0022:false},{\u0022SessionId\u0022:\u0022notice-second-44\u0022,\u0022generation\u0022:1,\u0022heartbeat\u0022:1000000,\u0022ended\u0022:false},{\u0022SessionId\u0022:\u0022notice-second-45\u0022,\u0022generation\u0022:1,\u0022heartbeat\u0022:1000000,\u0022ended\u0022:false},{\u0022SessionId\u0022:\u0022notice-second-46\u0022,\u0022generation\u0022:1,\u0022heartbeat\u0022:1000000,\u0022ended\u0022:false},{\u0022SessionId\u0022:\u0022notice-second-47\u0022,\u0022generation\u0022:1,\u0022heartbeat\u0022:1000000,\u0022ended\u0022:false},{\u0022SessionId\u0022:\u0022notice-second-48\u0022,\u0022generation\u0022:1,\u0022heartbeat\u0022:1000000,\u0022ended\u0022:false},{\u0022SessionId\u0022:\u0022notice-second-49\u0022,\u0022generation\u0022:1,\u0022heartbeat\u0022:1000000,\u0022ended\u0022:false},{\u0022SessionId\u0022:\u0022notice-second-5\u0022,\u0022generation\u0022:1,\u0022heartbeat\u0022:1000000,\u0022ended\u0022:false},{\u0022SessionId\u0022:\u0022notice-second-50\u0022,\u0022generation\u0022:1,\u0022heartbeat\u0022:1000000,\u0022ended\u0022:false},{\u0022SessionId\u0022:\u0022notice-second-51\u0022,\u0022generation\u0022:1,\u0022heartbeat\u0022:1000000,\u0022ended\u0022:false},{\u0022SessionId\u0022:\u0022notice-second-52\u0022,\u0022generation\u0022:1,\u0022heartbeat\u0022:1000000,\u0022ended\u0022:false},{\u0022SessionId\u0022:\u0022notice-second-53\u0022,\u0022generation\u0022:1,\u0022heartbeat\u0022:1000000,\u0022ended\u0022:false},{\u0022SessionId\u0022:\u0022notice-second-54\u0022,\u0022generation\u0022:1,\u0022heartbeat\u0022:1000000,\u0022ended\u0022:false},{\u0022SessionId\u0022:\u0022notice-second-55\u0022,\u0022generation\u0022:1,\u0022heartbeat\u0022:1000000,\u0022ended\u0022:false},{\u0022SessionId\u0022:\u0022notice-second-56\u0022,\u0022generation\u0022:1,\u0022heartbeat\u0022:1000000,\u0022ended\u0022:false},{\u0022SessionId\u0022:\u0022notice-second-57\u0022,\u0022generation\u0022:1,\u0022heartbeat\u0022:1000000,\u0022ended\u0022:false},{\u0022SessionId\u0022:\u0022notice-second-58\u0022,\u0022generation\u0022:1,\u0022heartbeat\u0022:1000000,\u0022ended\u0022:false},{\u0022SessionId\u0022:\u0022notice-second-59\u0022,\u0022generation\u0022:1,\u0022heartbeat\u0022:1000000,\u0022ended\u0022:false},{\u0022SessionId\u0022:\u0022notice-second-6\u0022,\u0022generation\u0022:1,\u0022heartbeat\u0022:1000000,\u0022ended\u0022:false},{\u0022SessionId\u0022:\u0022notice-second-60\u0022,\u0022generation\u0022:1,\u0022heartbeat\u0022:1000000,\u0022ended\u0022:false},{\u0022SessionId\u0022:\u0022notice-second-61\u0022,\u0022generation\u0022:1,\u0022heartbeat\u0022:1000000,\u0022ended\u0022:false},{\u0022SessionId\u0022:\u0022notice-second-62\u0022,\u0022generation\u0022:1,\u0022heartbeat\u0022:1000000,\u0022ended\u0022:false},{\u0022SessionId\u0022:\u0022notice-second-63\u0022,\u0022generation\u0022:1,\u0022heartbeat\u0022:1000000,\u0022ended\u0022:false},{\u0022SessionId\u0022:\u0022notice-second-64\u0022,\u0022generation\u0022:1,\u0022heartbeat\u0022:1000000,\u0022ended\u0022:false},{\u0022SessionId\u0022:\u0022notice-second-65\u0022,\u0022generation\u0022:1,\u0022heartbeat\u0022:1031000,\u0022ended\u0022:false},{\u0022SessionId\u0022:\u0022notice-second-7\u0022,\u0022generation\u0022:1,\u0022heartbeat\u0022:1000000,\u0022ended\u0022:false},{\u0022SessionId\u0022:\u0022notice-second-8\u0022,\u0022generation\u0022:1,\u0022heartbeat\u0022:1000000,\u0022ended\u0022:false},{\u0022SessionId\u0022:\u0022notice-second-9\u0022,\u0022generation\u0022:1,\u0022heartbeat\u0022:1000000,\u0022ended\u0022:false}]}","outstanding":129,"admitted":true,"refusal":null}&#xD;
[xUnit.net 00:00:04.88]       Assert.Throws() Failure: No exception was thrown&#xD;
[xUnit.net 00:00:04.88]       Expected: typeof(Microsoft.Data.Sqlite.SqliteException)&#xD;
[xUnit.net 00:00:04.88]       Stack Trace:&#xD;
[xUnit.net 00:00:04.88]         C:\Projects\ai-de-feature-xh-p2-projection\tests\AiDe.Core.Tests\Watcher\RegistrationAdmissionTests.cs(457,0): at AiDe.Core.Tests.Watcher.RegistrationAdmissionTests.AssertInsertRejected(Database db, String table, String column, Object value)&#xD;
[xUnit.net 00:00:04.88]         C:\Projects\ai-de-feature-xh-p2-projection\tests\AiDe.Core.Tests\Watcher\RegistrationAdmissionTests.cs(33,0): at AiDe.Core.Tests.Watcher.RegistrationAdmissionTests.NativeRows_HexWithNulAndOversizedSuffix_Rejects(String table, String column, Int32 length)&#xD;
[xUnit.net 00:00:04.88]            at System.Reflection.MethodBaseInvoker.InterpretedInvoke_Method(Object obj, IntPtr* args)&#xD;
[xUnit.net 00:00:04.88]            at System.Reflection.MethodBaseInvoker.InvokeDirectByRefWithFewArgs(Object obj, Span`1 copyOfArgs, BindingFlags invokeAttr)&#xD;
[xUnit.net 00:00:04.88]       Output:&#xD;
[xUnit.net 00:00:04.88]         column=native_registration_admission_fact.decision_digest; utf8Bytes=70065&#xD;
[xUnit.net 00:00:04.90]       Assert.Throws() Failure: No exception was thrown&#xD;
[xUnit.net 00:00:04.90]       Expected: typeof(Microsoft.Data.Sqlite.SqliteException)&#xD;
[xUnit.net 00:00:04.90]       Stack Trace:&#xD;
[xUnit.net 00:00:04.90]         C:\Projects\ai-de-feature-xh-p2-projection\tests\AiDe.Core.Tests\Watcher\RegistrationAdmissionTests.cs(457,0): at AiDe.Core.Tests.Watcher.RegistrationAdmissionTests.AssertInsertRejected(Database db, String table, String column, Object value)&#xD;
[xUnit.net 00:00:04.90]         C:\Projects\ai-de-feature-xh-p2-projection\tests\AiDe.Core.Tests\Watcher\RegistrationAdmissionTests.cs(33,0): at AiDe.Core.Tests.Watcher.RegistrationAdmissionTests.NativeRows_HexWithNulAndOversizedSuffix_Rejects(String table, String column, Int32 length)&#xD;
[xUnit.net 00:00:04.90]            at InvokeStub_RegistrationAdmissionTests.NativeRows_HexWithNulAndOversizedSuffix_Rejects(Object, Span`1)&#xD;
[xUnit.net 00:00:04.90]            at System.Reflection.MethodBaseInvoker.InvokeWithFewArgs(Object obj, BindingFlags invokeAttr, Binder binder, Object[] parameters, CultureInfo culture)&#xD;
[xUnit.net 00:00:04.90]       Output:&#xD;
[xUnit.net 00:00:04.90]         column=registration_notice_delivery.publication_digest; utf8Bytes=70065&#xD;
[xUnit.net 00:00:04.92]       Assert.Throws() Failure: No exception was thrown&#xD;
[xUnit.net 00:00:04.92]       Expected: typeof(Microsoft.Data.Sqlite.SqliteException)&#xD;
[xUnit.net 00:00:04.92]       Stack Trace:&#xD;
[xUnit.net 00:00:04.92]         C:\Projects\ai-de-feature-xh-p2-projection\tests\AiDe.Core.Tests\Watcher\RegistrationAdmissionTests.cs(457,0): at AiDe.Core.Tests.Watcher.RegistrationAdmissionTests.AssertInsertRejected(Database db, String table, String column, Object value)&#xD;
[xUnit.net 00:00:04.92]         C:\Projects\ai-de-feature-xh-p2-projection\tests\AiDe.Core.Tests\Watcher\RegistrationAdmissionTests.cs(33,0): at AiDe.Core.Tests.Watcher.RegistrationAdmissionTests.NativeRows_HexWithNulAndOversizedSuffix_Rejects(String table, String column, Int32 length)&#xD;
[xUnit.net 00:00:04.92]            at InvokeStub_RegistrationAdmissionTests.NativeRows_HexWithNulAndOversizedSuffix_Rejects(Object, Span`1)&#xD;
[xUnit.net 00:00:04.92]            at System.Reflection.MethodBaseInvoker.InvokeWithFewArgs(Object obj, BindingFlags invokeAttr, Binder binder, Object[] parameters, CultureInfo culture)&#xD;
[xUnit.net 00:00:04.92]       Output:&#xD;
[xUnit.net 00:00:04.92]         column=registration_notice_delivery.notice_id; utf8Bytes=70033&#xD;
[xUnit.net 00:00:04.93]       Assert.Throws() Failure: No exception was thrown&#xD;
[xUnit.net 00:00:04.93]       Expected: typeof(Microsoft.Data.Sqlite.SqliteException)&#xD;
[xUnit.net 00:00:04.93]       Stack Trace:&#xD;
[xUnit.net 00:00:04.93]         C:\Projects\ai-de-feature-xh-p2-projection\tests\AiDe.Core.Tests\Watcher\RegistrationAdmissionTests.cs(457,0): at AiDe.Core.Tests.Watcher.RegistrationAdmissionTests.AssertInsertRejected(Database db, String table, String column, Object value)&#xD;
[xUnit.net 00:00:04.93]         C:\Projects\ai-de-feature-xh-p2-projection\tests\AiDe.Core.Tests\Watcher\RegistrationAdmissionTests.cs(33,0): at AiDe.Core.Tests.Watcher.RegistrationAdmissionTests.NativeRows_HexWithNulAndOversizedSuffix_Rejects(String table, String column, Int32 length)&#xD;
[xUnit.net 00:00:04.93]            at InvokeStub_RegistrationAdmissionTests.NativeRows_HexWithNulAndOversizedSuffix_Rejects(Object, Span`1)&#xD;
[xUnit.net 00:00:04.93]            at System.Reflection.MethodBaseInvoker.InvokeWithFewArgs(Object obj, BindingFlags invokeAttr, Binder binder, Object[] parameters, CultureInfo culture)&#xD;
[xUnit.net 00:00:04.93]       Output:&#xD;
[xUnit.net 00:00:04.93]         column=native_registration_admission_fact.input_digest; utf8Bytes=70065&#xD;
[xUnit.net 00:00:04.94]       Assert.Throws() Failure: No exception was thrown&#xD;
[xUnit.net 00:00:04.94]       Expected: typeof(Microsoft.Data.Sqlite.SqliteException)&#xD;
[xUnit.net 00:00:04.94]       Stack Trace:&#xD;
[xUnit.net 00:00:04.94]         C:\Projects\ai-de-feature-xh-p2-projection\tests\AiDe.Core.Tests\Watcher\RegistrationAdmissionTests.cs(457,0): at AiDe.Core.Tests.Watcher.RegistrationAdmissionTests.AssertInsertRejected(Database db, String table, String column, Object value)&#xD;
[xUnit.net 00:00:04.94]         C:\Projects\ai-de-feature-xh-p2-projection\tests\AiDe.Core.Tests\Watcher\RegistrationAdmissionTests.cs(33,0): at AiDe.Core.Tests.Watcher.RegistrationAdmissionTests.NativeRows_HexWithNulAndOversizedSuffix_Rejects(String table, String column, Int32 length)&#xD;
[xUnit.net 00:00:04.94]            at InvokeStub_RegistrationAdmissionTests.NativeRows_HexWithNulAndOversizedSuffix_Rejects(Object, Span`1)&#xD;
[xUnit.net 00:00:04.94]            at System.Reflection.MethodBaseInvoker.InvokeWithFewArgs(Object obj, BindingFlags invokeAttr, Binder binder, Object[] parameters, CultureInfo culture)&#xD;
[xUnit.net 00:00:04.94]       Output:&#xD;
[xUnit.net 00:00:04.94]         column=native_registration_admission_fact.context_digest; utf8Bytes=70065&#xD;
[xUnit.net 00:00:06.39]   Finished:    AiDe.Core.Tests&#xD;
</StdOut>
    </Output>
    <RunInfos>
      <RunInfo computerName="TIMMALLSTRIX" outcome="Error" timestamp="2026-09-17T06:11:15.1568176-07:00">
        <Text>[xUnit.net 00:00:00.42]     AiDe.Core.Tests.Watcher.RegistrationNoticeReliabilityTests.DrainRegistrationNotices_PublicationFails_RetryRetainsOriginalCorrection [FAIL]</Text>
      </RunInfo>
      <RunInfo computerName="TIMMALLSTRIX" outcome="Error" timestamp="2026-09-17T06:11:15.3272260-07:00">
        <Text>[xUnit.net 00:00:00.59]     AiDe.Core.Tests.Watcher.RegistrationNoticeReliabilityTests.Register_TwoHostsHave128OutstandingCorrections_RefusesBeforeNativeMutation [FAIL]</Text>
      </RunInfo>
      <RunInfo computerName="TIMMALLSTRIX" outcome="Error" timestamp="2026-09-17T06:11:19.6185952-07:00">
        <Text>[xUnit.net 00:00:04.88]     AiDe.Core.Tests.Watcher.RegistrationAdmissionTests.NativeRows_HexWithNulAndOversizedSuffix_Rejects(table: "native_registration_admission_fact", column: "decision_digest", length: 64) [FAIL]</Text>
      </RunInfo>
      <RunInfo computerName="TIMMALLSTRIX" outcome="Error" timestamp="2026-09-17T06:11:19.6339801-07:00">
        <Text>[xUnit.net 00:00:04.90]     AiDe.Core.Tests.Watcher.RegistrationAdmissionTests.NativeRows_HexWithNulAndOversizedSuffix_Rejects(table: "registration_notice_delivery", column: "publication_digest", length: 64) [FAIL]</Text>
      </RunInfo>
      <RunInfo computerName="TIMMALLSTRIX" outcome="Error" timestamp="2026-09-17T06:11:19.6490471-07:00">
        <Text>[xUnit.net 00:00:04.92]     AiDe.Core.Tests.Watcher.RegistrationAdmissionTests.NativeRows_HexWithNulAndOversizedSuffix_Rejects(table: "registration_notice_delivery", column: "notice_id", length: 32) [FAIL]</Text>
      </RunInfo>
      <RunInfo computerName="TIMMALLSTRIX" outcome="Error" timestamp="2026-09-17T06:11:19.6624304-07:00">
        <Text>[xUnit.net 00:00:04.93]     AiDe.Core.Tests.Watcher.RegistrationAdmissionTests.NativeRows_HexWithNulAndOversizedSuffix_Rejects(table: "native_registration_admission_fact", column: "input_digest", length: 64) [FAIL]</Text>
      </RunInfo>
      <RunInfo computerName="TIMMALLSTRIX" outcome="Error" timestamp="2026-09-17T06:11:19.6763379-07:00">
        <Text>[xUnit.net 00:00:04.94]     AiDe.Core.Tests.Watcher.RegistrationAdmissionTests.NativeRows_HexWithNulAndOversizedSuffix_Rejects(table: "native_registration_admission_fact", column: "context_digest", length: 64) [FAIL]</Text>
      </RunInfo>
    </RunInfos>
  </ResultSummary>
</TestRun>